mode: set
github.com/domalab/uma/daemon/services/api/api.go:58.39,61.45 2 1
github.com/domalab/uma/daemon/services/api/api.go:61.45,63.3 1 1
github.com/domalab/uma/daemon/services/api/api.go:66.2,68.65 3 1
github.com/domalab/uma/daemon/services/api/api.go:68.65,70.3 1 1
github.com/domalab/uma/daemon/services/api/api.go:73.2,94.37 6 1
github.com/domalab/uma/daemon/services/api/api.go:94.37,96.3 1 1
github.com/domalab/uma/daemon/services/api/api.go:98.2,98.12 1 1
github.com/domalab/uma/daemon/services/api/api.go:101.27,120.25 12 0
github.com/domalab/uma/daemon/services/api/api.go:120.25,121.46 1 0
github.com/domalab/uma/daemon/services/api/api.go:121.46,123.4 1 0
github.com/domalab/uma/daemon/services/api/api.go:127.2,129.12 2 0
github.com/domalab/uma/daemon/services/api/api.go:133.39,139.16 4 0
github.com/domalab/uma/daemon/services/api/api.go:139.16,141.3 1 0
github.com/domalab/uma/daemon/services/api/api.go:142.2,142.15 1 0
github.com/domalab/uma/daemon/services/api/api.go:142.15,145.3 2 0
github.com/domalab/uma/daemon/services/api/api.go:147.2,149.6 2 0
github.com/domalab/uma/daemon/services/api/api.go:149.6,151.17 2 0
github.com/domalab/uma/daemon/services/api/api.go:151.17,153.12 2 0
github.com/domalab/uma/daemon/services/api/api.go:156.3,156.40 1 0
github.com/domalab/uma/daemon/services/api/api.go:161.28,165.25 2 1
github.com/domalab/uma/daemon/services/api/api.go:165.25,166.45 1 1
github.com/domalab/uma/daemon/services/api/api.go:166.45,168.4 1 0
github.com/domalab/uma/daemon/services/api/api.go:172.2,172.27 1 1
github.com/domalab/uma/daemon/services/api/api.go:172.27,174.3 1 1
github.com/domalab/uma/daemon/services/api/api.go:177.2,180.23 2 1
github.com/domalab/uma/daemon/services/api/api.go:180.23,183.3 2 0
github.com/domalab/uma/daemon/services/api/api.go:185.2,185.12 1 1
github.com/domalab/uma/daemon/services/api/api.go:189.57,194.16 4 0
github.com/domalab/uma/daemon/services/api/api.go:194.16,198.3 3 0
github.com/domalab/uma/daemon/services/api/api.go:200.2,203.20 3 0
github.com/domalab/uma/daemon/services/api/api.go:204.18,206.32 2 0
github.com/domalab/uma/daemon/services/api/api.go:208.18,212.32 4 0
github.com/domalab/uma/daemon/services/api/api.go:214.20,216.32 2 0
github.com/domalab/uma/daemon/services/api/api.go:218.10,219.75 1 0
github.com/domalab/uma/daemon/services/api/api.go:222.2,225.26 3 0
github.com/domalab/uma/daemon/services/api/api.go:228.44,230.16 2 1
github.com/domalab/uma/daemon/services/api/api.go:230.16,232.3 1 0
github.com/domalab/uma/daemon/services/api/api.go:232.8,233.12 1 1
github.com/domalab/uma/daemon/services/api/api.go:234.22,236.35 2 0
github.com/domalab/uma/daemon/services/api/api.go:237.20,239.33 2 0
github.com/domalab/uma/daemon/services/api/api.go:243.2,245.29 2 1
github.com/domalab/uma/daemon/services/api/api.go:248.35,250.26 2 1
github.com/domalab/uma/daemon/services/api/api.go:250.26,252.17 2 0
github.com/domalab/uma/daemon/services/api/api.go:252.17,254.4 1 0
github.com/domalab/uma/daemon/services/api/api.go:254.9,255.13 1 0
github.com/domalab/uma/daemon/services/api/api.go:256.17,258.24 2 0
github.com/domalab/uma/daemon/services/api/api.go:259.17,261.24 2 0
github.com/domalab/uma/daemon/services/api/api.go:266.2,268.23 2 1
github.com/domalab/uma/daemon/services/api/api.go:272.40,297.2 13 0
github.com/domalab/uma/daemon/services/api/async_handlers.go:14.85,16.46 1 1
github.com/domalab/uma/daemon/services/api/async_handlers.go:16.46,19.3 2 0
github.com/domalab/uma/daemon/services/api/async_handlers.go:21.2,21.18 1 1
github.com/domalab/uma/daemon/services/api/async_handlers.go:22.13,23.25 1 1
github.com/domalab/uma/daemon/services/api/async_handlers.go:24.14,25.25 1 1
github.com/domalab/uma/daemon/services/api/async_handlers.go:26.17,27.21 1 0
github.com/domalab/uma/daemon/services/api/async_handlers.go:28.10,29.67 1 0
github.com/domalab/uma/daemon/services/api/async_handlers.go:34.84,36.46 1 0
github.com/domalab/uma/daemon/services/api/async_handlers.go:36.46,39.3 2 0
github.com/domalab/uma/daemon/services/api/async_handlers.go:42.2,43.24 2 0
github.com/domalab/uma/daemon/services/api/async_handlers.go:43.24,46.3 2 0
github.com/domalab/uma/daemon/services/api/async_handlers.go:47.2,49.18 2 0
github.com/domalab/uma/daemon/services/api/async_handlers.go:50.13,51.36 1 0
github.com/domalab/uma/daemon/services/api/async_handlers.go:52.16,53.39 1 0
github.com/domalab/uma/daemon/services/api/async_handlers.go:54.17,55.21 1 0
github.com/domalab/uma/daemon/services/api/async_handlers.go:56.10,57.67 1 0
github.com/domalab/uma/daemon/services/api/async_handlers.go:62.77,81.68 6 1
github.com/domalab/uma/daemon/services/api/async_handlers.go:81.68,85.3 3 0
github.com/domalab/uma/daemon/services/api/async_handlers.go:87.2,88.41 1 1
github.com/domalab/uma/daemon/services/api/async_handlers.go:92.77,94.61 2 1
github.com/domalab/uma/daemon/services/api/async_handlers.go:94.61,97.3 2 1
github.com/domalab/uma/daemon/services/api/async_handlers.go:100.2,100.20 1 1
github.com/domalab/uma/daemon/services/api/async_handlers.go:100.20,103.3 2 1
github.com/domalab/uma/daemon/services/api/async_handlers.go:106.2,107.55 2 1
github.com/domalab/uma/daemon/services/api/async_handlers.go:107.55,109.3 1 0
github.com/domalab/uma/daemon/services/api/async_handlers.go:112.2,113.16 2 1
github.com/domalab/uma/daemon/services/api/async_handlers.go:113.16,123.3 5 1
github.com/domalab/uma/daemon/services/api/async_handlers.go:126.2,147.68 5 0
github.com/domalab/uma/daemon/services/api/async_handlers.go:147.68,150.3 2 0
github.com/domalab/uma/daemon/services/api/async_handlers.go:153.2,160.43 3 0
github.com/domalab/uma/daemon/services/api/async_handlers.go:164.95,166.16 2 0
github.com/domalab/uma/daemon/services/api/async_handlers.go:166.16,169.3 2 0
github.com/domalab/uma/daemon/services/api/async_handlers.go:172.2,182.68 3 0
github.com/domalab/uma/daemon/services/api/async_handlers.go:182.68,186.3 3 0
github.com/domalab/uma/daemon/services/api/async_handlers.go:190.98,192.16 2 0
github.com/domalab/uma/daemon/services/api/async_handlers.go:192.16,196.3 3 0
github.com/domalab/uma/daemon/services/api/async_handlers.go:199.2,214.68 4 0
github.com/domalab/uma/daemon/services/api/async_handlers.go:214.68,218.3 3 0
github.com/domalab/uma/daemon/services/api/async_handlers.go:221.2,225.59 3 0
github.com/domalab/uma/daemon/services/api/async_handlers.go:229.80,231.46 1 1
github.com/domalab/uma/daemon/services/api/async_handlers.go:231.46,234.3 2 0
github.com/domalab/uma/daemon/services/api/async_handlers.go:236.2,236.23 1 1
github.com/domalab/uma/daemon/services/api/async_handlers.go:236.23,237.28 1 0
github.com/domalab/uma/daemon/services/api/async_handlers.go:237.28,240.4 2 0
github.com/domalab/uma/daemon/services/api/async_handlers.go:241.3,242.9 2 0
github.com/domalab/uma/daemon/services/api/async_handlers.go:246.2,259.68 4 1
github.com/domalab/uma/daemon/services/api/async_handlers.go:259.68,263.3 3 0
github.com/domalab/uma/daemon/services/api/async_handlers.go:267.34,269.2 1 1
github.com/domalab/uma/daemon/services/api/async_handlers.go:272.42,274.55 1 1
github.com/domalab/uma/daemon/services/api/async_handlers.go:274.55,276.48 1 0
github.com/domalab/uma/daemon/services/api/async_handlers.go:276.48,278.4 1 0
github.com/domalab/uma/daemon/services/api/async_handlers.go:279.3,279.32 1 0
github.com/domalab/uma/daemon/services/api/async_handlers.go:283.2,283.49 1 1
github.com/domalab/uma/daemon/services/api/async_handlers.go:283.49,285.3 1 0
github.com/domalab/uma/daemon/services/api/async_handlers.go:288.2,288.60 1 1
github.com/domalab/uma/daemon/services/api/async_handlers.go:288.60,290.3 1 1
github.com/domalab/uma/daemon/services/api/async_handlers.go:291.2,291.21 1 1
github.com/domalab/uma/daemon/services/api/async_handlers.go:295.73,300.2 4 0
github.com/domalab/uma/daemon/services/api/auth_handlers.go:36.78,37.33 1 0
github.com/domalab/uma/daemon/services/api/auth_handlers.go:37.33,40.3 2 0
github.com/domalab/uma/daemon/services/api/auth_handlers.go:42.2,42.56 1 0
github.com/domalab/uma/daemon/services/api/auth_handlers.go:42.56,45.3 2 0
github.com/domalab/uma/daemon/services/api/auth_handlers.go:47.2,48.61 2 0
github.com/domalab/uma/daemon/services/api/auth_handlers.go:48.61,51.3 2 0
github.com/domalab/uma/daemon/services/api/auth_handlers.go:54.2,55.16 2 0
github.com/domalab/uma/daemon/services/api/auth_handlers.go:55.16,58.3 2 0
github.com/domalab/uma/daemon/services/api/auth_handlers.go:61.2,62.16 2 0
github.com/domalab/uma/daemon/services/api/auth_handlers.go:62.16,65.3 2 0
github.com/domalab/uma/daemon/services/api/auth_handlers.go:67.2,72.58 2 0
github.com/domalab/uma/daemon/services/api/auth_handlers.go:76.78,78.2 1 0
github.com/domalab/uma/daemon/services/api/auth_handlers.go:81.78,82.32 1 0
github.com/domalab/uma/daemon/services/api/auth_handlers.go:82.32,85.3 2 0
github.com/domalab/uma/daemon/services/api/auth_handlers.go:87.2,87.56 1 0
github.com/domalab/uma/daemon/services/api/auth_handlers.go:87.56,90.3 2 0
github.com/domalab/uma/daemon/services/api/auth_handlers.go:92.2,93.16 2 0
github.com/domalab/uma/daemon/services/api/auth_handlers.go:93.16,96.3 2 0
github.com/domalab/uma/daemon/services/api/auth_handlers.go:98.2,98.55 1 0
github.com/domalab/uma/daemon/services/api/auth_handlers.go:102.83,103.33 1 0
github.com/domalab/uma/daemon/services/api/auth_handlers.go:103.33,106.3 2 0
github.com/domalab/uma/daemon/services/api/auth_handlers.go:108.2,108.56 1 0
github.com/domalab/uma/daemon/services/api/auth_handlers.go:108.56,111.3 2 0
github.com/domalab/uma/daemon/services/api/auth_handlers.go:113.2,114.61 2 0
github.com/domalab/uma/daemon/services/api/auth_handlers.go:114.61,117.3 2 0
github.com/domalab/uma/daemon/services/api/auth_handlers.go:120.2,120.49 1 0
github.com/domalab/uma/daemon/services/api/auth_handlers.go:120.49,123.3 2 0
github.com/domalab/uma/daemon/services/api/auth_handlers.go:126.2,126.96 1 0
github.com/domalab/uma/daemon/services/api/auth_handlers.go:126.96,129.3 2 0
github.com/domalab/uma/daemon/services/api/auth_handlers.go:131.2,132.16 2 0
github.com/domalab/uma/daemon/services/api/auth_handlers.go:132.16,135.3 2 0
github.com/domalab/uma/daemon/services/api/auth_handlers.go:137.2,137.59 1 0
github.com/domalab/uma/daemon/services/api/auth_handlers.go:141.80,142.32 1 0
github.com/domalab/uma/daemon/services/api/auth_handlers.go:142.32,145.3 2 0
github.com/domalab/uma/daemon/services/api/auth_handlers.go:147.2,147.56 1 0
github.com/domalab/uma/daemon/services/api/auth_handlers.go:147.56,150.3 2 0
github.com/domalab/uma/daemon/services/api/auth_handlers.go:152.2,153.18 2 0
github.com/domalab/uma/daemon/services/api/auth_handlers.go:153.18,156.3 2 0
github.com/domalab/uma/daemon/services/api/auth_handlers.go:158.2,159.16 2 0
github.com/domalab/uma/daemon/services/api/auth_handlers.go:159.16,160.49 1 0
github.com/domalab/uma/daemon/services/api/auth_handlers.go:160.49,162.4 1 0
github.com/domalab/uma/daemon/services/api/auth_handlers.go:162.9,164.4 1 0
github.com/domalab/uma/daemon/services/api/auth_handlers.go:165.3,165.9 1 0
github.com/domalab/uma/daemon/services/api/auth_handlers.go:168.2,168.54 1 0
github.com/domalab/uma/daemon/services/api/auth_handlers.go:172.83,173.32 1 0
github.com/domalab/uma/daemon/services/api/auth_handlers.go:173.32,176.3 2 0
github.com/domalab/uma/daemon/services/api/auth_handlers.go:178.2,178.56 1 0
github.com/domalab/uma/daemon/services/api/auth_handlers.go:178.56,181.3 2 0
github.com/domalab/uma/daemon/services/api/auth_handlers.go:183.2,184.18 2 0
github.com/domalab/uma/daemon/services/api/auth_handlers.go:184.18,187.3 2 0
github.com/domalab/uma/daemon/services/api/auth_handlers.go:189.2,190.61 2 0
github.com/domalab/uma/daemon/services/api/auth_handlers.go:190.61,193.3 2 0
github.com/domalab/uma/daemon/services/api/auth_handlers.go:196.2,197.21 2 0
github.com/domalab/uma/daemon/services/api/auth_handlers.go:197.21,199.100 1 0
github.com/domalab/uma/daemon/services/api/auth_handlers.go:199.100,202.4 2 0
github.com/domalab/uma/daemon/services/api/auth_handlers.go:203.3,203.38 1 0
github.com/domalab/uma/daemon/services/api/auth_handlers.go:205.2,205.23 1 0
github.com/domalab/uma/daemon/services/api/auth_handlers.go:205.23,207.3 1 0
github.com/domalab/uma/daemon/services/api/auth_handlers.go:209.2,209.23 1 0
github.com/domalab/uma/daemon/services/api/auth_handlers.go:209.23,212.3 2 0
github.com/domalab/uma/daemon/services/api/auth_handlers.go:214.2,215.16 2 0
github.com/domalab/uma/daemon/services/api/auth_handlers.go:215.16,216.49 1 0
github.com/domalab/uma/daemon/services/api/auth_handlers.go:216.49,218.4 1 0
github.com/domalab/uma/daemon/services/api/auth_handlers.go:218.9,220.4 1 0
github.com/domalab/uma/daemon/services/api/auth_handlers.go:221.3,221.9 1 0
github.com/domalab/uma/daemon/services/api/auth_handlers.go:224.2,224.107 1 0
github.com/domalab/uma/daemon/services/api/auth_handlers.go:228.83,229.35 1 0
github.com/domalab/uma/daemon/services/api/auth_handlers.go:229.35,232.3 2 0
github.com/domalab/uma/daemon/services/api/auth_handlers.go:234.2,234.56 1 0
github.com/domalab/uma/daemon/services/api/auth_handlers.go:234.56,237.3 2 0
github.com/domalab/uma/daemon/services/api/auth_handlers.go:239.2,240.18 2 0
github.com/domalab/uma/daemon/services/api/auth_handlers.go:240.18,243.3 2 0
github.com/domalab/uma/daemon/services/api/auth_handlers.go:245.2,246.16 2 0
github.com/domalab/uma/daemon/services/api/auth_handlers.go:246.16,247.49 1 0
github.com/domalab/uma/daemon/services/api/auth_handlers.go:247.49,249.4 1 0
github.com/domalab/uma/daemon/services/api/auth_handlers.go:249.9,251.4 1 0
github.com/domalab/uma/daemon/services/api/auth_handlers.go:252.3,252.9 1 0
github.com/domalab/uma/daemon/services/api/auth_handlers.go:255.2,255.107 1 0
github.com/domalab/uma/daemon/services/api/auth_handlers.go:259.86,260.33 1 0
github.com/domalab/uma/daemon/services/api/auth_handlers.go:260.33,263.3 2 0
github.com/domalab/uma/daemon/services/api/auth_handlers.go:265.2,265.56 1 0
github.com/domalab/uma/daemon/services/api/auth_handlers.go:265.56,268.3 2 0
github.com/domalab/uma/daemon/services/api/auth_handlers.go:270.2,271.18 2 0
github.com/domalab/uma/daemon/services/api/auth_handlers.go:271.18,274.3 2 0
github.com/domalab/uma/daemon/services/api/auth_handlers.go:276.2,277.16 2 0
github.com/domalab/uma/daemon/services/api/auth_handlers.go:277.16,278.49 1 0
github.com/domalab/uma/daemon/services/api/auth_handlers.go:278.49,280.4 1 0
github.com/domalab/uma/daemon/services/api/auth_handlers.go:280.9,282.4 1 0
github.com/domalab/uma/daemon/services/api/auth_handlers.go:283.3,283.9 1 0
github.com/domalab/uma/daemon/services/api/auth_handlers.go:286.2,291.58 2 0
github.com/domalab/uma/daemon/services/api/auth_handlers.go:295.78,296.32 1 0
github.com/domalab/uma/daemon/services/api/auth_handlers.go:296.32,299.3 2 0
github.com/domalab/uma/daemon/services/api/auth_handlers.go:301.2,301.56 1 0
github.com/domalab/uma/daemon/services/api/auth_handlers.go:301.56,304.3 2 0
github.com/domalab/uma/daemon/services/api/auth_handlers.go:306.2,307.55 2 0
github.com/domalab/uma/daemon/services/api/bulk_operations.go:41.84,42.33 1 1
github.com/domalab/uma/daemon/services/api/bulk_operations.go:42.33,45.3 2 1
github.com/domalab/uma/daemon/services/api/bulk_operations.go:47.2,47.44 1 1
github.com/domalab/uma/daemon/services/api/bulk_operations.go:51.83,52.33 1 1
github.com/domalab/uma/daemon/services/api/bulk_operations.go:52.33,55.3 2 0
github.com/domalab/uma/daemon/services/api/bulk_operations.go:57.2,57.43 1 1
github.com/domalab/uma/daemon/services/api/bulk_operations.go:61.86,62.33 1 1
github.com/domalab/uma/daemon/services/api/bulk_operations.go:62.33,65.3 2 0
github.com/domalab/uma/daemon/services/api/bulk_operations.go:67.2,67.46 1 1
github.com/domalab/uma/daemon/services/api/bulk_operations.go:71.106,74.65 2 1
github.com/domalab/uma/daemon/services/api/bulk_operations.go:74.65,77.3 2 1
github.com/domalab/uma/daemon/services/api/bulk_operations.go:80.2,80.56 1 1
github.com/domalab/uma/daemon/services/api/bulk_operations.go:80.56,83.3 2 1
github.com/domalab/uma/daemon/services/api/bulk_operations.go:86.2,97.33 6 1
github.com/domalab/uma/daemon/services/api/bulk_operations.go:97.33,98.21 1 1
github.com/domalab/uma/daemon/services/api/bulk_operations.go:98.21,100.4 1 0
github.com/domalab/uma/daemon/services/api/bulk_operations.go:100.9,102.4 1 1
github.com/domalab/uma/daemon/services/api/bulk_operations.go:106.2,120.59 5 1
github.com/domalab/uma/daemon/services/api/bulk_operations.go:124.117,129.16 3 1
github.com/domalab/uma/daemon/services/api/bulk_operations.go:129.16,131.44 1 0
github.com/domalab/uma/daemon/services/api/bulk_operations.go:131.44,137.4 1 0
github.com/domalab/uma/daemon/services/api/bulk_operations.go:138.3,138.17 1 0
github.com/domalab/uma/daemon/services/api/bulk_operations.go:142.2,143.39 2 1
github.com/domalab/uma/daemon/services/api/bulk_operations.go:143.39,147.3 2 1
github.com/domalab/uma/daemon/services/api/bulk_operations.go:150.2,150.43 1 1
github.com/domalab/uma/daemon/services/api/bulk_operations.go:150.43,155.14 3 1
github.com/domalab/uma/daemon/services/api/bulk_operations.go:155.14,162.12 2 1
github.com/domalab/uma/daemon/services/api/bulk_operations.go:166.3,167.20 2 0
github.com/domalab/uma/daemon/services/api/bulk_operations.go:168.16,169.50 1 0
github.com/domalab/uma/daemon/services/api/bulk_operations.go:170.15,171.53 1 0
github.com/domalab/uma/daemon/services/api/bulk_operations.go:172.18,173.56 1 0
github.com/domalab/uma/daemon/services/api/bulk_operations.go:174.11,175.60 1 0
github.com/domalab/uma/daemon/services/api/bulk_operations.go:179.3,186.17 2 0
github.com/domalab/uma/daemon/services/api/bulk_operations.go:186.17,188.4 1 0
github.com/domalab/uma/daemon/services/api/bulk_operations.go:191.2,191.16 1 1
github.com/domalab/uma/daemon/services/api/bulk_operations.go:195.88,196.36 1 0
github.com/domalab/uma/daemon/services/api/bulk_operations.go:196.36,198.3 1 0
github.com/domalab/uma/daemon/services/api/bulk_operations.go:200.2,200.36 1 0
github.com/domalab/uma/daemon/services/api/bulk_operations.go:200.36,202.3 1 0
github.com/domalab/uma/daemon/services/api/bulk_operations.go:205.2,206.51 2 0
github.com/domalab/uma/daemon/services/api/bulk_operations.go:206.51,207.24 1 0
github.com/domalab/uma/daemon/services/api/bulk_operations.go:207.24,209.4 1 0
github.com/domalab/uma/daemon/services/api/bulk_operations.go:210.3,210.24 1 0
github.com/domalab/uma/daemon/services/api/bulk_operations.go:210.24,212.4 1 0
github.com/domalab/uma/daemon/services/api/bulk_operations.go:213.3,213.27 1 0
github.com/domalab/uma/daemon/services/api/bulk_operations.go:216.2,216.12 1 0
github.com/domalab/uma/daemon/services/api/bulk_operations.go:220.114,223.65 2 0
github.com/domalab/uma/daemon/services/api/bulk_operations.go:223.65,226.3 2 0
github.com/domalab/uma/daemon/services/api/bulk_operations.go:229.2,229.65 1 0
github.com/domalab/uma/daemon/services/api/bulk_operations.go:229.65,232.3 2 0
github.com/domalab/uma/daemon/services/api/bulk_operations.go:235.2,245.33 5 0
github.com/domalab/uma/daemon/services/api/bulk_operations.go:245.33,246.21 1 0
github.com/domalab/uma/daemon/services/api/bulk_operations.go:246.21,248.4 1 0
github.com/domalab/uma/daemon/services/api/bulk_operations.go:248.9,250.4 1 0
github.com/domalab/uma/daemon/services/api/bulk_operations.go:254.2,262.50 3 0
github.com/domalab/uma/daemon/services/api/bulk_operations.go:262.50,264.3 1 0
github.com/domalab/uma/daemon/services/api/bulk_operations.go:264.8,264.31 1 0
github.com/domalab/uma/daemon/services/api/bulk_operations.go:264.31,266.3 1 0
github.com/domalab/uma/daemon/services/api/bulk_operations.go:269.2,272.59 2 0
github.com/domalab/uma/daemon/services/api/bulk_operations.go:276.125,281.16 3 0
github.com/domalab/uma/daemon/services/api/bulk_operations.go:281.16,282.44 1 0
github.com/domalab/uma/daemon/services/api/bulk_operations.go:282.44,288.4 1 0
github.com/domalab/uma/daemon/services/api/bulk_operations.go:289.3,289.17 1 0
github.com/domalab/uma/daemon/services/api/bulk_operations.go:293.2,296.39 3 0
github.com/domalab/uma/daemon/services/api/bulk_operations.go:296.39,299.3 2 0
github.com/domalab/uma/daemon/services/api/bulk_operations.go:302.2,302.43 1 0
github.com/domalab/uma/daemon/services/api/bulk_operations.go:302.43,309.54 4 0
github.com/domalab/uma/daemon/services/api/bulk_operations.go:309.54,311.59 2 0
github.com/domalab/uma/daemon/services/api/bulk_operations.go:311.59,312.55 1 0
github.com/domalab/uma/daemon/services/api/bulk_operations.go:312.55,314.6 1 0
github.com/domalab/uma/daemon/services/api/bulk_operations.go:316.9,316.63 1 0
github.com/domalab/uma/daemon/services/api/bulk_operations.go:316.63,319.4 2 0
github.com/domalab/uma/daemon/services/api/bulk_operations.go:321.3,321.23 1 0
github.com/domalab/uma/daemon/services/api/bulk_operations.go:321.23,328.12 2 0
github.com/domalab/uma/daemon/services/api/bulk_operations.go:332.3,333.20 2 0
github.com/domalab/uma/daemon/services/api/bulk_operations.go:334.16,335.50 1 0
github.com/domalab/uma/daemon/services/api/bulk_operations.go:336.15,337.53 1 0
github.com/domalab/uma/daemon/services/api/bulk_operations.go:338.18,339.56 1 0
github.com/domalab/uma/daemon/services/api/bulk_operations.go:340.11,341.60 1 0
github.com/domalab/uma/daemon/services/api/bulk_operations.go:344.3,351.17 2 0
github.com/domalab/uma/daemon/services/api/bulk_operations.go:351.17,353.4 1 0
github.com/domalab/uma/daemon/services/api/bulk_operations.go:356.2,356.16 1 0
github.com/domalab/uma/daemon/services/api/get-info.go:14.35,29.2 5 1
github.com/domalab/uma/daemon/services/api/get-info.go:31.24,38.31 3 1
github.com/domalab/uma/daemon/services/api/get-info.go:38.31,39.27 1 1
github.com/domalab/uma/daemon/services/api/get-info.go:39.27,41.9 2 0
github.com/domalab/uma/daemon/services/api/get-info.go:45.2,45.13 1 1
github.com/domalab/uma/daemon/services/api/get-info.go:48.27,55.16 3 1
github.com/domalab/uma/daemon/services/api/get-info.go:55.16,58.3 2 1
github.com/domalab/uma/daemon/services/api/get-info.go:61.2,62.27 2 0
github.com/domalab/uma/daemon/services/api/get-info.go:62.27,68.3 4 0
github.com/domalab/uma/daemon/services/api/get-info.go:70.2,70.14 1 0
github.com/domalab/uma/daemon/services/api/get-info.go:73.36,78.16 3 1
github.com/domalab/uma/daemon/services/api/get-info.go:78.16,80.3 1 0
github.com/domalab/uma/daemon/services/api/get-info.go:82.2,84.17 2 1
github.com/domalab/uma/daemon/services/api/get-logs.go:14.48,18.16 3 0
github.com/domalab/uma/daemon/services/api/get-logs.go:18.16,21.3 2 0
github.com/domalab/uma/daemon/services/api/get-logs.go:23.2,23.13 1 0
github.com/domalab/uma/daemon/services/api/get-logs.go:23.13,26.3 2 0
github.com/domalab/uma/daemon/services/api/get-logs.go:28.2,30.35 2 0
github.com/domalab/uma/daemon/services/api/get-logs.go:30.35,32.3 1 0
github.com/domalab/uma/daemon/services/api/get-logs.go:34.2,34.12 1 0
github.com/domalab/uma/daemon/services/api/http_server.go:285.52,315.2 12 1
github.com/domalab/uma/daemon/services/api/http_server.go:318.69,319.55 1 1
github.com/domalab/uma/daemon/services/api/http_server.go:319.55,321.3 1 1
github.com/domalab/uma/daemon/services/api/http_server.go:322.2,322.13 1 1
github.com/domalab/uma/daemon/services/api/http_server.go:326.36,432.12 66 1
github.com/domalab/uma/daemon/services/api/http_server.go:432.12,433.82 1 1
github.com/domalab/uma/daemon/services/api/http_server.go:433.82,435.4 1 0
github.com/domalab/uma/daemon/services/api/http_server.go:439.2,441.12 2 1
github.com/domalab/uma/daemon/services/api/http_server.go:445.35,446.21 1 1
github.com/domalab/uma/daemon/services/api/http_server.go:446.21,448.3 1 1
github.com/domalab/uma/daemon/services/api/http_server.go:450.2,454.31 4 1
github.com/domalab/uma/daemon/services/api/http_server.go:460.80,464.60 3 1
github.com/domalab/uma/daemon/services/api/http_server.go:464.60,466.3 1 1
github.com/domalab/uma/daemon/services/api/http_server.go:467.2,467.12 1 1
github.com/domalab/uma/daemon/services/api/http_server.go:471.86,479.2 3 1
github.com/domalab/uma/daemon/services/api/http_server.go:484.83,487.57 2 1
github.com/domalab/uma/daemon/services/api/http_server.go:487.57,488.53 1 1
github.com/domalab/uma/daemon/services/api/http_server.go:488.53,490.4 1 1
github.com/domalab/uma/daemon/services/api/http_server.go:493.2,493.60 1 1
github.com/domalab/uma/daemon/services/api/http_server.go:493.60,494.55 1 1
github.com/domalab/uma/daemon/services/api/http_server.go:494.55,496.4 1 1
github.com/domalab/uma/daemon/services/api/http_server.go:499.2,499.67 1 1
github.com/domalab/uma/daemon/services/api/http_server.go:499.67,500.59 1 1
github.com/domalab/uma/daemon/services/api/http_server.go:500.59,502.4 1 1
github.com/domalab/uma/daemon/services/api/http_server.go:505.2,505.15 1 1
github.com/domalab/uma/daemon/services/api/http_server.go:509.129,521.2 2 1
github.com/domalab/uma/daemon/services/api/http_server.go:524.139,527.2 2 1
github.com/domalab/uma/daemon/services/api/http_server.go:530.65,532.66 1 1
github.com/domalab/uma/daemon/services/api/http_server.go:532.66,534.3 1 1
github.com/domalab/uma/daemon/services/api/http_server.go:537.2,537.53 1 1
github.com/domalab/uma/daemon/services/api/http_server.go:541.70,542.67 1 1
github.com/domalab/uma/daemon/services/api/http_server.go:542.67,544.3 1 1
github.com/domalab/uma/daemon/services/api/http_server.go:545.2,545.11 1 1
github.com/domalab/uma/daemon/services/api/http_server.go:549.104,553.27 1 0
github.com/domalab/uma/daemon/services/api/http_server.go:554.21,559.21 4 0
github.com/domalab/uma/daemon/services/api/http_server.go:559.21,561.4 1 0
github.com/domalab/uma/daemon/services/api/http_server.go:562.3,562.18 1 0
github.com/domalab/uma/daemon/services/api/http_server.go:562.18,564.4 1 0
github.com/domalab/uma/daemon/services/api/http_server.go:566.3,566.29 1 0
github.com/domalab/uma/daemon/services/api/http_server.go:567.10,569.18 1 0
github.com/domalab/uma/daemon/services/api/http_server.go:574.79,575.32 1 1
github.com/domalab/uma/daemon/services/api/http_server.go:575.32,578.3 2 0
github.com/domalab/uma/daemon/services/api/http_server.go:580.2,581.37 2 1
github.com/domalab/uma/daemon/services/api/http_server.go:585.75,586.32 1 1
github.com/domalab/uma/daemon/services/api/http_server.go:586.32,589.3 2 1
github.com/domalab/uma/daemon/services/api/http_server.go:592.2,599.72 5 1
github.com/domalab/uma/daemon/services/api/http_server.go:599.72,602.3 2 1
github.com/domalab/uma/daemon/services/api/http_server.go:604.2,604.39 1 1
github.com/domalab/uma/daemon/services/api/http_server.go:608.71,616.38 4 1
github.com/domalab/uma/daemon/services/api/http_server.go:616.38,617.26 1 1
github.com/domalab/uma/daemon/services/api/http_server.go:617.26,619.9 2 1
github.com/domalab/uma/daemon/services/api/http_server.go:624.2,638.15 3 1
github.com/domalab/uma/daemon/services/api/http_server.go:642.60,658.2 6 1
github.com/domalab/uma/daemon/services/api/http_server.go:661.49,662.25 1 1
github.com/domalab/uma/daemon/services/api/http_server.go:662.25,664.3 1 1
github.com/domalab/uma/daemon/services/api/http_server.go:667.2,668.16 2 0
github.com/domalab/uma/daemon/services/api/http_server.go:668.16,670.3 1 0
github.com/domalab/uma/daemon/services/api/http_server.go:672.2,672.18 1 0
github.com/domalab/uma/daemon/services/api/http_server.go:676.50,677.21 1 1
github.com/domalab/uma/daemon/services/api/http_server.go:677.21,679.3 1 1
github.com/domalab/uma/daemon/services/api/http_server.go:682.2,683.16 2 0
github.com/domalab/uma/daemon/services/api/http_server.go:683.16,685.3 1 0
github.com/domalab/uma/daemon/services/api/http_server.go:687.2,687.18 1 0
github.com/domalab/uma/daemon/services/api/http_server.go:691.50,692.26 1 1
github.com/domalab/uma/daemon/services/api/http_server.go:692.26,694.3 1 1
github.com/domalab/uma/daemon/services/api/http_server.go:697.2,698.16 2 0
github.com/domalab/uma/daemon/services/api/http_server.go:698.16,700.3 1 0
github.com/domalab/uma/daemon/services/api/http_server.go:702.2,702.18 1 0
github.com/domalab/uma/daemon/services/api/http_server.go:706.56,707.32 1 1
github.com/domalab/uma/daemon/services/api/http_server.go:707.32,709.3 1 1
github.com/domalab/uma/daemon/services/api/http_server.go:712.2,713.16 2 0
github.com/domalab/uma/daemon/services/api/http_server.go:713.16,715.3 1 0
github.com/domalab/uma/daemon/services/api/http_server.go:717.2,717.18 1 0
github.com/domalab/uma/daemon/services/api/http_server.go:721.64,725.65 2 1
github.com/domalab/uma/daemon/services/api/http_server.go:725.65,728.3 2 0
github.com/domalab/uma/daemon/services/api/http_server.go:731.2,731.62 1 1
github.com/domalab/uma/daemon/services/api/http_server.go:731.62,749.31 14 0
github.com/domalab/uma/daemon/services/api/http_server.go:749.31,756.4 6 0
github.com/domalab/uma/daemon/services/api/http_server.go:760.2,760.59 1 1
github.com/domalab/uma/daemon/services/api/http_server.go:760.59,765.3 4 1
github.com/domalab/uma/daemon/services/api/http_server.go:768.2,768.61 1 1
github.com/domalab/uma/daemon/services/api/http_server.go:768.61,772.3 3 0
github.com/domalab/uma/daemon/services/api/http_server.go:775.2,780.16 3 1
github.com/domalab/uma/daemon/services/api/http_server.go:784.75,785.18 1 1
github.com/domalab/uma/daemon/services/api/http_server.go:786.22,791.40 4 1
github.com/domalab/uma/daemon/services/api/http_server.go:793.22,795.68 2 0
github.com/domalab/uma/daemon/services/api/http_server.go:795.68,798.4 2 0
github.com/domalab/uma/daemon/services/api/http_server.go:801.3,802.34 2 0
github.com/domalab/uma/daemon/services/api/http_server.go:802.34,804.4 1 0
github.com/domalab/uma/daemon/services/api/http_server.go:805.3,805.37 1 0
github.com/domalab/uma/daemon/services/api/http_server.go:805.37,807.4 1 0
github.com/domalab/uma/daemon/services/api/http_server.go:809.3,810.52 2 0
github.com/domalab/uma/daemon/services/api/http_server.go:810.52,813.4 2 0
github.com/domalab/uma/daemon/services/api/http_server.go:815.3,815.87 1 0
github.com/domalab/uma/daemon/services/api/http_server.go:817.10,818.69 1 1
github.com/domalab/uma/daemon/services/api/http_server.go:823.84,824.32 1 1
github.com/domalab/uma/daemon/services/api/http_server.go:824.32,827.3 2 0
github.com/domalab/uma/daemon/services/api/http_server.go:829.2,832.59 2 1
github.com/domalab/uma/daemon/services/api/http_server.go:832.59,834.3 1 1
github.com/domalab/uma/daemon/services/api/http_server.go:837.2,837.62 1 1
github.com/domalab/uma/daemon/services/api/http_server.go:837.62,839.3 1 0
github.com/domalab/uma/daemon/services/api/http_server.go:842.2,842.61 1 1
github.com/domalab/uma/daemon/services/api/http_server.go:842.61,844.3 1 0
github.com/domalab/uma/daemon/services/api/http_server.go:847.2,847.65 1 1
github.com/domalab/uma/daemon/services/api/http_server.go:847.65,849.3 1 0
github.com/domalab/uma/daemon/services/api/http_server.go:852.2,852.67 1 1
github.com/domalab/uma/daemon/services/api/http_server.go:852.67,854.3 1 0
github.com/domalab/uma/daemon/services/api/http_server.go:856.2,856.42 1 1
github.com/domalab/uma/daemon/services/api/http_server.go:860.78,861.32 1 1
github.com/domalab/uma/daemon/services/api/http_server.go:861.32,864.3 2 1
github.com/domalab/uma/daemon/services/api/http_server.go:866.2,867.20 2 1
github.com/domalab/uma/daemon/services/api/http_server.go:867.20,870.3 2 0
github.com/domalab/uma/daemon/services/api/http_server.go:872.2,872.40 1 1
github.com/domalab/uma/daemon/services/api/http_server.go:876.81,877.32 1 1
github.com/domalab/uma/daemon/services/api/http_server.go:877.32,880.3 2 1
github.com/domalab/uma/daemon/services/api/http_server.go:882.2,883.23 2 1
github.com/domalab/uma/daemon/services/api/http_server.go:883.23,886.3 2 1
github.com/domalab/uma/daemon/services/api/http_server.go:888.2,888.43 1 0
github.com/domalab/uma/daemon/services/api/http_server.go:892.86,893.32 1 1
github.com/domalab/uma/daemon/services/api/http_server.go:893.32,896.3 2 0
github.com/domalab/uma/daemon/services/api/http_server.go:898.2,899.21 2 1
github.com/domalab/uma/daemon/services/api/http_server.go:899.21,902.3 2 0
github.com/domalab/uma/daemon/services/api/http_server.go:904.2,904.41 1 1
github.com/domalab/uma/daemon/services/api/http_server.go:908.82,909.32 1 1
github.com/domalab/uma/daemon/services/api/http_server.go:909.32,912.3 2 1
github.com/domalab/uma/daemon/services/api/http_server.go:914.2,915.24 2 1
github.com/domalab/uma/daemon/services/api/http_server.go:915.24,918.3 2 1
github.com/domalab/uma/daemon/services/api/http_server.go:920.2,920.44 1 0
github.com/domalab/uma/daemon/services/api/http_server.go:924.78,925.32 1 1
github.com/domalab/uma/daemon/services/api/http_server.go:925.32,928.3 2 0
github.com/domalab/uma/daemon/services/api/http_server.go:930.2,931.40 2 1
github.com/domalab/uma/daemon/services/api/http_server.go:935.78,936.32 1 1
github.com/domalab/uma/daemon/services/api/http_server.go:936.32,939.3 2 0
github.com/domalab/uma/daemon/services/api/http_server.go:941.2,942.20 2 1
github.com/domalab/uma/daemon/services/api/http_server.go:942.20,945.3 2 0
github.com/domalab/uma/daemon/services/api/http_server.go:947.2,947.40 1 1
github.com/domalab/uma/daemon/services/api/http_server.go:951.79,952.32 1 1
github.com/domalab/uma/daemon/services/api/http_server.go:952.32,955.3 2 0
github.com/domalab/uma/daemon/services/api/http_server.go:957.2,961.16 3 1
github.com/domalab/uma/daemon/services/api/http_server.go:961.16,964.3 2 0
github.com/domalab/uma/daemon/services/api/http_server.go:966.2,971.41 2 1
github.com/domalab/uma/daemon/services/api/http_server.go:975.86,976.32 1 1
github.com/domalab/uma/daemon/services/api/http_server.go:976.32,979.3 2 0
github.com/domalab/uma/daemon/services/api/http_server.go:981.2,982.39 2 1
github.com/domalab/uma/daemon/services/api/http_server.go:986.81,987.32 1 1
github.com/domalab/uma/daemon/services/api/http_server.go:987.32,990.3 2 0
github.com/domalab/uma/daemon/services/api/http_server.go:992.2,993.16 2 1
github.com/domalab/uma/daemon/services/api/http_server.go:993.16,996.3 2 0
github.com/domalab/uma/daemon/services/api/http_server.go:998.2,998.42 1 1
github.com/domalab/uma/daemon/services/api/http_server.go:1002.81,1003.32 1 1
github.com/domalab/uma/daemon/services/api/http_server.go:1003.32,1006.3 2 0
github.com/domalab/uma/daemon/services/api/http_server.go:1008.2,1009.16 2 1
github.com/domalab/uma/daemon/services/api/http_server.go:1009.16,1012.3 2 0
github.com/domalab/uma/daemon/services/api/http_server.go:1014.2,1014.42 1 1
github.com/domalab/uma/daemon/services/api/http_server.go:1018.80,1019.32 1 1
github.com/domalab/uma/daemon/services/api/http_server.go:1019.32,1022.3 2 0
github.com/domalab/uma/daemon/services/api/http_server.go:1024.2,1025.16 2 1
github.com/domalab/uma/daemon/services/api/http_server.go:1025.16,1028.3 2 1
github.com/domalab/uma/daemon/services/api/http_server.go:1030.2,1030.41 1 0
github.com/domalab/uma/daemon/services/api/http_server.go:1034.79,1035.32 1 1
github.com/domalab/uma/daemon/services/api/http_server.go:1035.32,1038.3 2 0
github.com/domalab/uma/daemon/services/api/http_server.go:1040.2,1041.16 2 1
github.com/domalab/uma/daemon/services/api/http_server.go:1041.16,1044.3 2 0
github.com/domalab/uma/daemon/services/api/http_server.go:1047.2,1047.24 1 1
github.com/domalab/uma/daemon/services/api/http_server.go:1047.24,1054.3 2 1
github.com/domalab/uma/daemon/services/api/http_server.go:1056.2,1056.40 1 0
github.com/domalab/uma/daemon/services/api/http_server.go:1061.83,1062.32 1 1
github.com/domalab/uma/daemon/services/api/http_server.go:1062.32,1065.3 2 0
github.com/domalab/uma/daemon/services/api/http_server.go:1067.2,1072.16 4 1
github.com/domalab/uma/daemon/services/api/http_server.go:1072.16,1075.3 2 0
github.com/domalab/uma/daemon/services/api/http_server.go:1078.2,1083.46 4 1
github.com/domalab/uma/daemon/services/api/http_server.go:1087.81,1088.32 1 1
github.com/domalab/uma/daemon/services/api/http_server.go:1088.32,1091.3 2 1
github.com/domalab/uma/daemon/services/api/http_server.go:1094.2,1098.16 4 1
github.com/domalab/uma/daemon/services/api/http_server.go:1098.16,1101.3 2 0
github.com/domalab/uma/daemon/services/api/http_server.go:1103.2,1103.19 1 1
github.com/domalab/uma/daemon/services/api/http_server.go:1103.19,1106.45 2 0
github.com/domalab/uma/daemon/services/api/http_server.go:1106.45,1108.4 1 0
github.com/domalab/uma/daemon/services/api/http_server.go:1109.3,1109.46 1 0
github.com/domalab/uma/daemon/services/api/http_server.go:1109.46,1111.4 1 0
github.com/domalab/uma/daemon/services/api/http_server.go:1112.3,1112.45 1 0
github.com/domalab/uma/daemon/services/api/http_server.go:1112.45,1114.4 1 0
github.com/domalab/uma/daemon/services/api/http_server.go:1115.3,1115.32 1 0
github.com/domalab/uma/daemon/services/api/http_server.go:1115.32,1117.4 1 0
github.com/domalab/uma/daemon/services/api/http_server.go:1119.3,1120.76 2 0
github.com/domalab/uma/daemon/services/api/http_server.go:1121.8,1124.3 1 1
github.com/domalab/uma/daemon/services/api/http_server.go:1128.107,1142.30 5 1
github.com/domalab/uma/daemon/services/api/http_server.go:1142.30,1146.88 2 1
github.com/domalab/uma/daemon/services/api/http_server.go:1146.88,1149.4 2 0
github.com/domalab/uma/daemon/services/api/http_server.go:1152.3,1158.13 5 1
github.com/domalab/uma/daemon/services/api/http_server.go:1158.13,1160.43 2 1
github.com/domalab/uma/daemon/services/api/http_server.go:1160.43,1164.5 3 1
github.com/domalab/uma/daemon/services/api/http_server.go:1168.3,1169.13 2 1
github.com/domalab/uma/daemon/services/api/http_server.go:1169.13,1171.46 2 1
github.com/domalab/uma/daemon/services/api/http_server.go:1171.46,1175.5 3 0
github.com/domalab/uma/daemon/services/api/http_server.go:1179.3,1180.13 2 1
github.com/domalab/uma/daemon/services/api/http_server.go:1180.13,1182.51 2 1
github.com/domalab/uma/daemon/services/api/http_server.go:1182.51,1186.5 3 1
github.com/domalab/uma/daemon/services/api/http_server.go:1190.3,1191.13 2 1
github.com/domalab/uma/daemon/services/api/http_server.go:1191.13,1193.47 2 1
github.com/domalab/uma/daemon/services/api/http_server.go:1193.47,1197.5 3 0
github.com/domalab/uma/daemon/services/api/http_server.go:1201.3,1202.13 2 1
github.com/domalab/uma/daemon/services/api/http_server.go:1202.13,1204.43 2 1
github.com/domalab/uma/daemon/services/api/http_server.go:1204.43,1208.5 3 1
github.com/domalab/uma/daemon/services/api/http_server.go:1212.3,1213.13 2 1
github.com/domalab/uma/daemon/services/api/http_server.go:1213.13,1215.48 2 1
github.com/domalab/uma/daemon/services/api/http_server.go:1215.48,1219.5 3 1
github.com/domalab/uma/daemon/services/api/http_server.go:1223.3,1224.13 2 1
github.com/domalab/uma/daemon/services/api/http_server.go:1224.13,1226.50 2 1
github.com/domalab/uma/daemon/services/api/http_server.go:1226.50,1230.5 3 1
github.com/domalab/uma/daemon/services/api/http_server.go:1233.3,1237.64 3 1
github.com/domalab/uma/daemon/services/api/http_server.go:1240.2,1240.30 1 1
github.com/domalab/uma/daemon/services/api/http_server.go:1240.30,1244.88 2 1
github.com/domalab/uma/daemon/services/api/http_server.go:1244.88,1247.4 2 0
github.com/domalab/uma/daemon/services/api/http_server.go:1249.3,1249.54 1 1
github.com/domalab/uma/daemon/services/api/http_server.go:1249.54,1252.4 2 0
github.com/domalab/uma/daemon/services/api/http_server.go:1252.9,1254.4 1 1
github.com/domalab/uma/daemon/services/api/http_server.go:1257.2,1257.26 1 1
github.com/domalab/uma/daemon/services/api/http_server.go:1257.26,1261.84 2 1
github.com/domalab/uma/daemon/services/api/http_server.go:1261.84,1264.4 2 0
github.com/domalab/uma/daemon/services/api/http_server.go:1266.3,1266.50 1 1
github.com/domalab/uma/daemon/services/api/http_server.go:1266.50,1269.4 2 0
github.com/domalab/uma/daemon/services/api/http_server.go:1269.9,1271.4 1 1
github.com/domalab/uma/daemon/services/api/http_server.go:1275.2,1281.12 5 1
github.com/domalab/uma/daemon/services/api/http_server.go:1281.12,1284.3 2 1
github.com/domalab/uma/daemon/services/api/http_server.go:1287.2,1288.33 2 1
github.com/domalab/uma/daemon/services/api/http_server.go:1288.33,1289.24 1 1
github.com/domalab/uma/daemon/services/api/http_server.go:1289.24,1291.12 2 0
github.com/domalab/uma/daemon/services/api/http_server.go:1293.3,1293.25 1 1
github.com/domalab/uma/daemon/services/api/http_server.go:1293.25,1295.4 1 1
github.com/domalab/uma/daemon/services/api/http_server.go:1299.2,1316.70 2 1
github.com/domalab/uma/daemon/services/api/http_server.go:1316.70,1317.47 1 1
github.com/domalab/uma/daemon/services/api/http_server.go:1317.47,1319.4 1 1
github.com/domalab/uma/daemon/services/api/http_server.go:1320.3,1320.53 1 1
github.com/domalab/uma/daemon/services/api/http_server.go:1320.53,1322.4 1 0
github.com/domalab/uma/daemon/services/api/http_server.go:1323.3,1323.56 1 1
github.com/domalab/uma/daemon/services/api/http_server.go:1323.56,1325.4 1 1
github.com/domalab/uma/daemon/services/api/http_server.go:1326.3,1326.55 1 1
github.com/domalab/uma/daemon/services/api/http_server.go:1326.55,1328.4 1 0
github.com/domalab/uma/daemon/services/api/http_server.go:1329.3,1329.47 1 1
github.com/domalab/uma/daemon/services/api/http_server.go:1329.47,1331.4 1 1
github.com/domalab/uma/daemon/services/api/http_server.go:1332.3,1332.53 1 1
github.com/domalab/uma/daemon/services/api/http_server.go:1332.53,1334.4 1 1
github.com/domalab/uma/daemon/services/api/http_server.go:1335.3,1335.53 1 1
github.com/domalab/uma/daemon/services/api/http_server.go:1335.53,1337.4 1 1
github.com/domalab/uma/daemon/services/api/http_server.go:1340.2,1340.45 1 1
github.com/domalab/uma/daemon/services/api/http_server.go:1340.45,1342.3 1 0
github.com/domalab/uma/daemon/services/api/http_server.go:1344.2,1344.37 1 1
github.com/domalab/uma/daemon/services/api/http_server.go:1344.37,1346.3 1 0
github.com/domalab/uma/daemon/services/api/http_server.go:1348.2,1351.21 3 1
github.com/domalab/uma/daemon/services/api/http_server.go:1355.59,1357.26 2 1
github.com/domalab/uma/daemon/services/api/http_server.go:1357.26,1359.3 1 1
github.com/domalab/uma/daemon/services/api/http_server.go:1361.2,1362.16 2 0
github.com/domalab/uma/daemon/services/api/http_server.go:1362.16,1365.3 2 0
github.com/domalab/uma/daemon/services/api/http_server.go:1367.2,1367.26 1 0
github.com/domalab/uma/daemon/services/api/http_server.go:1367.26,1372.3 1 0
github.com/domalab/uma/daemon/services/api/http_server.go:1375.2,1378.39 3 0
github.com/domalab/uma/daemon/services/api/http_server.go:1378.39,1380.26 2 0
github.com/domalab/uma/daemon/services/api/http_server.go:1380.26,1384.58 2 0
github.com/domalab/uma/daemon/services/api/http_server.go:1384.58,1385.58 1 0
github.com/domalab/uma/daemon/services/api/http_server.go:1385.58,1386.71 1 0
github.com/domalab/uma/daemon/services/api/http_server.go:1386.71,1388.7 1 0
github.com/domalab/uma/daemon/services/api/http_server.go:1391.4,1391.22 1 0
github.com/domalab/uma/daemon/services/api/http_server.go:1396.2,1396.12 1 0
github.com/domalab/uma/daemon/services/api/http_server.go:1396.12,1399.3 2 0
github.com/domalab/uma/daemon/services/api/http_server.go:1402.2,1403.39 2 0
github.com/domalab/uma/daemon/services/api/http_server.go:1403.39,1405.3 1 0
github.com/domalab/uma/daemon/services/api/http_server.go:1407.2,1410.3 1 0
github.com/domalab/uma/daemon/services/api/http_server.go:1414.55,1416.22 2 1
github.com/domalab/uma/daemon/services/api/http_server.go:1416.22,1418.3 1 1
github.com/domalab/uma/daemon/services/api/http_server.go:1420.2,1421.16 2 0
github.com/domalab/uma/daemon/services/api/http_server.go:1421.16,1424.3 2 0
github.com/domalab/uma/daemon/services/api/http_server.go:1426.2,1426.19 1 0
github.com/domalab/uma/daemon/services/api/http_server.go:1426.19,1431.3 1 0
github.com/domalab/uma/daemon/services/api/http_server.go:1434.2,1437.25 3 0
github.com/domalab/uma/daemon/services/api/http_server.go:1437.25,1439.26 2 0
github.com/domalab/uma/daemon/services/api/http_server.go:1439.26,1443.51 2 0
github.com/domalab/uma/daemon/services/api/http_server.go:1443.51,1444.55 1 0
github.com/domalab/uma/daemon/services/api/http_server.go:1444.55,1445.62 1 0
github.com/domalab/uma/daemon/services/api/http_server.go:1445.62,1447.7 1 0
github.com/domalab/uma/daemon/services/api/http_server.go:1450.4,1450.15 1 0
github.com/domalab/uma/daemon/services/api/http_server.go:1455.2,1455.12 1 0
github.com/domalab/uma/daemon/services/api/http_server.go:1455.12,1458.3 2 0
github.com/domalab/uma/daemon/services/api/http_server.go:1461.2,1462.25 2 0
github.com/domalab/uma/daemon/services/api/http_server.go:1462.25,1464.3 1 0
github.com/domalab/uma/daemon/services/api/http_server.go:1466.2,1469.3 1 0
github.com/domalab/uma/daemon/services/api/http_server.go:1473.95,1474.21 1 1
github.com/domalab/uma/daemon/services/api/http_server.go:1474.21,1476.3 1 1
github.com/domalab/uma/daemon/services/api/http_server.go:1479.2,1482.29 3 0
github.com/domalab/uma/daemon/services/api/http_server.go:1482.29,1484.31 2 0
github.com/domalab/uma/daemon/services/api/http_server.go:1484.31,1505.25 3 0
github.com/domalab/uma/daemon/services/api/http_server.go:1505.25,1507.5 1 0
github.com/domalab/uma/daemon/services/api/http_server.go:1510.4,1510.28 1 0
github.com/domalab/uma/daemon/services/api/http_server.go:1510.28,1512.5 1 0
github.com/domalab/uma/daemon/services/api/http_server.go:1515.4,1515.27 1 0
github.com/domalab/uma/daemon/services/api/http_server.go:1515.27,1517.5 1 0
github.com/domalab/uma/daemon/services/api/http_server.go:1518.4,1518.24 1 0
github.com/domalab/uma/daemon/services/api/http_server.go:1523.2,1523.12 1 0
github.com/domalab/uma/daemon/services/api/http_server.go:1523.12,1526.3 2 0
github.com/domalab/uma/daemon/services/api/http_server.go:1529.2,1530.33 2 0
github.com/domalab/uma/daemon/services/api/http_server.go:1530.33,1532.3 1 0
github.com/domalab/uma/daemon/services/api/http_server.go:1534.2,1534.23 1 0
github.com/domalab/uma/daemon/services/api/http_server.go:1538.84,1543.20 3 1
github.com/domalab/uma/daemon/services/api/http_server.go:1543.20,1546.3 2 1
github.com/domalab/uma/daemon/services/api/http_server.go:1548.2,1551.23 3 1
github.com/domalab/uma/daemon/services/api/http_server.go:1551.23,1554.3 2 0
github.com/domalab/uma/daemon/services/api/http_server.go:1557.2,1557.33 1 1
github.com/domalab/uma/daemon/services/api/http_server.go:1557.33,1560.3 2 0
github.com/domalab/uma/daemon/services/api/http_server.go:1563.2,1563.19 1 1
github.com/domalab/uma/daemon/services/api/http_server.go:1564.15,1565.50 1 1
github.com/domalab/uma/daemon/services/api/http_server.go:1566.14,1567.49 1 1
github.com/domalab/uma/daemon/services/api/http_server.go:1568.17,1569.52 1 1
github.com/domalab/uma/daemon/services/api/http_server.go:1570.15,1571.50 1 0
github.com/domalab/uma/daemon/services/api/http_server.go:1572.27,1573.51 1 0
github.com/domalab/uma/daemon/services/api/http_server.go:1574.10,1575.90 1 1
github.com/domalab/uma/daemon/services/api/http_server.go:1580.109,1582.16 2 1
github.com/domalab/uma/daemon/services/api/http_server.go:1582.16,1585.3 2 1
github.com/domalab/uma/daemon/services/api/http_server.go:1587.2,1592.4 1 0
github.com/domalab/uma/daemon/services/api/http_server.go:1596.108,1599.70 2 1
github.com/domalab/uma/daemon/services/api/http_server.go:1599.70,1600.55 1 0
github.com/domalab/uma/daemon/services/api/http_server.go:1600.55,1602.4 1 0
github.com/domalab/uma/daemon/services/api/http_server.go:1605.2,1606.16 2 1
github.com/domalab/uma/daemon/services/api/http_server.go:1606.16,1609.3 2 0
github.com/domalab/uma/daemon/services/api/http_server.go:1611.2,1617.4 1 1
github.com/domalab/uma/daemon/services/api/http_server.go:1621.111,1624.70 2 1
github.com/domalab/uma/daemon/services/api/http_server.go:1624.70,1625.55 1 0
github.com/domalab/uma/daemon/services/api/http_server.go:1625.55,1627.4 1 0
github.com/domalab/uma/daemon/services/api/http_server.go:1630.2,1631.16 2 1
github.com/domalab/uma/daemon/services/api/http_server.go:1631.16,1634.3 2 0
github.com/domalab/uma/daemon/services/api/http_server.go:1636.2,1642.4 1 1
github.com/domalab/uma/daemon/services/api/http_server.go:1663.82,1664.33 1 0
github.com/domalab/uma/daemon/services/api/http_server.go:1664.33,1667.3 2 0
github.com/domalab/uma/daemon/services/api/http_server.go:1670.2,1671.65 2 0
github.com/domalab/uma/daemon/services/api/http_server.go:1671.65,1674.3 2 0
github.com/domalab/uma/daemon/services/api/http_server.go:1677.2,1677.46 1 0
github.com/domalab/uma/daemon/services/api/http_server.go:1677.46,1680.3 2 0
github.com/domalab/uma/daemon/services/api/http_server.go:1683.2,1683.26 1 0
github.com/domalab/uma/daemon/services/api/http_server.go:1683.26,1685.3 1 0
github.com/domalab/uma/daemon/services/api/http_server.go:1688.2,1688.27 1 0
github.com/domalab/uma/daemon/services/api/http_server.go:1688.27,1690.3 1 0
github.com/domalab/uma/daemon/services/api/http_server.go:1693.2,1693.45 1 0
github.com/domalab/uma/daemon/services/api/http_server.go:1693.45,1696.3 2 0
github.com/domalab/uma/daemon/services/api/http_server.go:1699.2,1700.41 2 0
github.com/domalab/uma/daemon/services/api/http_server.go:1713.79,1714.32 1 1
github.com/domalab/uma/daemon/services/api/http_server.go:1714.32,1717.3 2 0
github.com/domalab/uma/daemon/services/api/http_server.go:1719.2,1720.16 2 1
github.com/domalab/uma/daemon/services/api/http_server.go:1720.16,1723.3 2 1
github.com/domalab/uma/daemon/services/api/http_server.go:1725.2,1725.43 1 0
github.com/domalab/uma/daemon/services/api/http_server.go:1729.80,1730.32 1 1
github.com/domalab/uma/daemon/services/api/http_server.go:1730.32,1733.3 2 0
github.com/domalab/uma/daemon/services/api/http_server.go:1735.2,1736.16 2 1
github.com/domalab/uma/daemon/services/api/http_server.go:1736.16,1739.3 2 1
github.com/domalab/uma/daemon/services/api/http_server.go:1741.2,1741.44 1 0
github.com/domalab/uma/daemon/services/api/http_server.go:1745.109,1747.16 2 0
github.com/domalab/uma/daemon/services/api/http_server.go:1747.16,1750.3 2 0
github.com/domalab/uma/daemon/services/api/http_server.go:1752.2,1757.4 1 0
github.com/domalab/uma/daemon/services/api/http_server.go:1761.110,1763.16 2 0
github.com/domalab/uma/daemon/services/api/http_server.go:1763.16,1766.3 2 0
github.com/domalab/uma/daemon/services/api/http_server.go:1768.2,1773.4 1 0
github.com/domalab/uma/daemon/services/api/http_server.go:1777.58,1781.16 3 1
github.com/domalab/uma/daemon/services/api/http_server.go:1781.16,1783.3 1 0
github.com/domalab/uma/daemon/services/api/http_server.go:1785.2,1800.61 2 1
github.com/domalab/uma/daemon/services/api/http_server.go:1800.61,1804.3 3 0
github.com/domalab/uma/daemon/services/api/http_server.go:1806.2,1806.17 1 1
github.com/domalab/uma/daemon/services/api/http_server.go:1810.61,1814.16 3 1
github.com/domalab/uma/daemon/services/api/http_server.go:1814.16,1816.3 1 1
github.com/domalab/uma/daemon/services/api/http_server.go:1818.2,1836.30 2 0
github.com/domalab/uma/daemon/services/api/http_server.go:1836.30,1854.3 1 0
github.com/domalab/uma/daemon/services/api/http_server.go:1856.2,1856.17 1 0
github.com/domalab/uma/daemon/services/api/http_server.go:1860.66,1863.16 2 1
github.com/domalab/uma/daemon/services/api/http_server.go:1863.16,1866.3 1 0
github.com/domalab/uma/daemon/services/api/http_server.go:1869.2,1872.35 2 1
github.com/domalab/uma/daemon/services/api/http_server.go:1872.35,1874.3 1 0
github.com/domalab/uma/daemon/services/api/http_server.go:1877.2,1877.32 1 1
github.com/domalab/uma/daemon/services/api/http_server.go:1877.32,1879.3 1 0
github.com/domalab/uma/daemon/services/api/http_server.go:1882.2,1883.51 2 1
github.com/domalab/uma/daemon/services/api/http_server.go:1883.51,1884.42 1 0
github.com/domalab/uma/daemon/services/api/http_server.go:1884.42,1891.4 1 0
github.com/domalab/uma/daemon/services/api/http_server.go:1895.2,1895.86 1 1
github.com/domalab/uma/daemon/services/api/http_server.go:1895.86,1902.3 1 0
github.com/domalab/uma/daemon/services/api/http_server.go:1904.2,1904.22 1 1
github.com/domalab/uma/daemon/services/api/http_server.go:1904.22,1906.3 1 0
github.com/domalab/uma/daemon/services/api/http_server.go:1908.2,1908.15 1 1
github.com/domalab/uma/daemon/services/api/http_server.go:1912.71,1916.86 2 0
github.com/domalab/uma/daemon/services/api/http_server.go:1916.86,1922.3 1 0
github.com/domalab/uma/daemon/services/api/http_server.go:1925.2,1925.25 1 0
github.com/domalab/uma/daemon/services/api/http_server.go:1925.25,1928.34 3 0
github.com/domalab/uma/daemon/services/api/http_server.go:1928.34,1929.28 1 0
github.com/domalab/uma/daemon/services/api/http_server.go:1929.28,1935.5 1 0
github.com/domalab/uma/daemon/services/api/http_server.go:1939.2,1939.23 1 0
github.com/domalab/uma/daemon/services/api/http_server.go:1939.23,1941.3 1 0
github.com/domalab/uma/daemon/services/api/http_server.go:1943.2,1945.3 1 0
github.com/domalab/uma/daemon/services/api/http_server.go:1949.62,1951.16 2 1
github.com/domalab/uma/daemon/services/api/http_server.go:1951.16,1953.3 1 1
github.com/domalab/uma/daemon/services/api/http_server.go:1955.2,1956.38 2 0
github.com/domalab/uma/daemon/services/api/http_server.go:1956.38,1969.28 2 0
github.com/domalab/uma/daemon/services/api/http_server.go:1969.28,1971.4 1 0
github.com/domalab/uma/daemon/services/api/http_server.go:1972.3,1972.27 1 0
github.com/domalab/uma/daemon/services/api/http_server.go:1972.27,1974.4 1 0
github.com/domalab/uma/daemon/services/api/http_server.go:1976.3,1976.49 1 0
github.com/domalab/uma/daemon/services/api/http_server.go:1979.2,1982.3 1 0
github.com/domalab/uma/daemon/services/api/http_server.go:1986.58,2002.59 2 1
github.com/domalab/uma/daemon/services/api/http_server.go:2002.59,2004.51 1 0
github.com/domalab/uma/daemon/services/api/http_server.go:2004.51,2006.4 1 0
github.com/domalab/uma/daemon/services/api/http_server.go:2010.2,2010.62 1 1
github.com/domalab/uma/daemon/services/api/http_server.go:2010.62,2012.51 1 0
github.com/domalab/uma/daemon/services/api/http_server.go:2012.51,2014.4 1 0
github.com/domalab/uma/daemon/services/api/http_server.go:2018.2,2018.22 1 1
github.com/domalab/uma/daemon/services/api/http_server.go:2018.22,2020.34 2 0
github.com/domalab/uma/daemon/services/api/http_server.go:2020.34,2021.22 1 0
github.com/domalab/uma/daemon/services/api/http_server.go:2022.22,2023.36 1 0
github.com/domalab/uma/daemon/services/api/http_server.go:2023.36,2025.6 1 0
github.com/domalab/uma/daemon/services/api/http_server.go:2025.11,2025.41 1 0
github.com/domalab/uma/daemon/services/api/http_server.go:2025.41,2027.6 1 0
github.com/domalab/uma/daemon/services/api/http_server.go:2027.11,2029.6 1 0
github.com/domalab/uma/daemon/services/api/http_server.go:2030.22,2031.72 1 0
github.com/domalab/uma/daemon/services/api/http_server.go:2031.72,2033.6 1 0
github.com/domalab/uma/daemon/services/api/http_server.go:2034.23,2035.73 1 0
github.com/domalab/uma/daemon/services/api/http_server.go:2035.73,2037.6 1 0
github.com/domalab/uma/daemon/services/api/http_server.go:2040.3,2040.30 1 0
github.com/domalab/uma/daemon/services/api/http_server.go:2043.2,2043.16 1 1
github.com/domalab/uma/daemon/services/api/http_server.go:2047.64,2073.50 3 0
github.com/domalab/uma/daemon/services/api/http_server.go:2073.50,2074.67 1 0
github.com/domalab/uma/daemon/services/api/http_server.go:2074.67,2076.4 1 0
github.com/domalab/uma/daemon/services/api/http_server.go:2080.2,2085.42 1 0
github.com/domalab/uma/daemon/services/api/http_server.go:2085.42,2087.3 1 0
github.com/domalab/uma/daemon/services/api/http_server.go:2089.2,2089.14 1 0
github.com/domalab/uma/daemon/services/api/http_server.go:2093.91,2100.36 3 0
github.com/domalab/uma/daemon/services/api/http_server.go:2100.36,2101.62 1 0
github.com/domalab/uma/daemon/services/api/http_server.go:2101.62,2103.4 1 0
github.com/domalab/uma/daemon/services/api/http_server.go:2107.2,2130.16 10 0
github.com/domalab/uma/daemon/services/api/http_server.go:2130.16,2131.49 1 0
github.com/domalab/uma/daemon/services/api/http_server.go:2131.49,2133.4 1 0
github.com/domalab/uma/daemon/services/api/http_server.go:2133.9,2135.4 1 0
github.com/domalab/uma/daemon/services/api/http_server.go:2136.8,2138.3 1 0
github.com/domalab/uma/daemon/services/api/http_server.go:2140.2,2140.17 1 0
github.com/domalab/uma/daemon/services/api/http_server.go:2144.61,2148.16 3 0
github.com/domalab/uma/daemon/services/api/http_server.go:2148.16,2150.3 1 0
github.com/domalab/uma/daemon/services/api/http_server.go:2153.2,2167.29 3 0
github.com/domalab/uma/daemon/services/api/http_server.go:2167.29,2169.17 2 0
github.com/domalab/uma/daemon/services/api/http_server.go:2169.17,2170.12 1 0
github.com/domalab/uma/daemon/services/api/http_server.go:2174.3,2175.22 2 0
github.com/domalab/uma/daemon/services/api/http_server.go:2175.22,2176.12 1 0
github.com/domalab/uma/daemon/services/api/http_server.go:2179.3,2182.14 3 0
github.com/domalab/uma/daemon/services/api/http_server.go:2183.17,2184.46 1 0
github.com/domalab/uma/daemon/services/api/http_server.go:2185.18,2186.96 1 0
github.com/domalab/uma/daemon/services/api/http_server.go:2186.96,2188.5 1 0
github.com/domalab/uma/daemon/services/api/http_server.go:2189.19,2190.97 1 0
github.com/domalab/uma/daemon/services/api/http_server.go:2190.97,2192.5 1 0
github.com/domalab/uma/daemon/services/api/http_server.go:2193.18,2194.94 1 0
github.com/domalab/uma/daemon/services/api/http_server.go:2194.94,2196.5 1 0
github.com/domalab/uma/daemon/services/api/http_server.go:2197.16,2198.95 1 0
github.com/domalab/uma/daemon/services/api/http_server.go:2198.95,2200.5 1 0
github.com/domalab/uma/daemon/services/api/http_server.go:2201.18,2202.95 1 0
github.com/domalab/uma/daemon/services/api/http_server.go:2202.95,2204.5 1 0
github.com/domalab/uma/daemon/services/api/http_server.go:2205.16,2206.28 1 0
github.com/domalab/uma/daemon/services/api/http_server.go:2207.18,2208.27 1 0
github.com/domalab/uma/daemon/services/api/http_server.go:2209.19,2210.36 1 0
github.com/domalab/uma/daemon/services/api/http_server.go:2211.19,2212.93 1 0
github.com/domalab/uma/daemon/services/api/http_server.go:2212.93,2214.5 1 0
github.com/domalab/uma/daemon/services/api/http_server.go:2218.2,2218.16 1 0
github.com/domalab/uma/daemon/services/api/http_server.go:2222.61,2226.16 3 0
github.com/domalab/uma/daemon/services/api/http_server.go:2226.16,2230.17 3 0
github.com/domalab/uma/daemon/services/api/http_server.go:2230.17,2232.4 1 0
github.com/domalab/uma/daemon/services/api/http_server.go:2236.2,2250.29 3 0
github.com/domalab/uma/daemon/services/api/http_server.go:2250.29,2252.17 2 0
github.com/domalab/uma/daemon/services/api/http_server.go:2252.17,2253.12 1 0
github.com/domalab/uma/daemon/services/api/http_server.go:2257.3,2258.22 2 0
github.com/domalab/uma/daemon/services/api/http_server.go:2258.22,2259.12 1 0
github.com/domalab/uma/daemon/services/api/http_server.go:2262.3,2265.14 3 0
github.com/domalab/uma/daemon/services/api/http_server.go:2266.21,2267.46 1 0
github.com/domalab/uma/daemon/services/api/http_server.go:2268.25,2269.64 1 0
github.com/domalab/uma/daemon/services/api/http_server.go:2269.64,2271.5 1 0
github.com/domalab/uma/daemon/services/api/http_server.go:2272.26,2273.65 1 0
github.com/domalab/uma/daemon/services/api/http_server.go:2273.65,2275.5 1 0
github.com/domalab/uma/daemon/services/api/http_server.go:2276.19,2277.62 1 0
github.com/domalab/uma/daemon/services/api/http_server.go:2277.62,2279.5 1 0
github.com/domalab/uma/daemon/services/api/http_server.go:2280.24,2281.65 1 0
github.com/domalab/uma/daemon/services/api/http_server.go:2281.65,2283.5 1 0
github.com/domalab/uma/daemon/services/api/http_server.go:2284.25,2285.65 1 0
github.com/domalab/uma/daemon/services/api/http_server.go:2285.65,2287.5 1 0
github.com/domalab/uma/daemon/services/api/http_server.go:2288.20,2289.28 1 0
github.com/domalab/uma/daemon/services/api/http_server.go:2290.21,2291.36 1 0
github.com/domalab/uma/daemon/services/api/http_server.go:2295.2,2295.16 1 0
github.com/domalab/uma/daemon/services/api/http_server.go:2299.63,2300.22 1 1
github.com/domalab/uma/daemon/services/api/http_server.go:2300.22,2306.3 1 1
github.com/domalab/uma/daemon/services/api/http_server.go:2308.2,2309.16 2 0
github.com/domalab/uma/daemon/services/api/http_server.go:2309.16,2311.3 1 0
github.com/domalab/uma/daemon/services/api/http_server.go:2314.2,2314.30 1 0
github.com/domalab/uma/daemon/services/api/http_server.go:2314.30,2315.59 1 0
github.com/domalab/uma/daemon/services/api/http_server.go:2315.59,2323.4 1 0
github.com/domalab/uma/daemon/services/api/http_server.go:2326.2,2330.3 1 0
github.com/domalab/uma/daemon/services/api/http_server.go:2334.65,2338.64 2 1
github.com/domalab/uma/daemon/services/api/http_server.go:2338.64,2340.3 1 1
github.com/domalab/uma/daemon/services/api/http_server.go:2343.2,2343.54 1 1
github.com/domalab/uma/daemon/services/api/http_server.go:2343.54,2345.3 1 1
github.com/domalab/uma/daemon/services/api/http_server.go:2348.2,2348.53 1 1
github.com/domalab/uma/daemon/services/api/http_server.go:2348.53,2350.3 1 1
github.com/domalab/uma/daemon/services/api/http_server.go:2352.2,2352.15 1 1
github.com/domalab/uma/daemon/services/api/http_server.go:2356.67,2360.35 2 1
github.com/domalab/uma/daemon/services/api/http_server.go:2360.35,2361.50 1 1
github.com/domalab/uma/daemon/services/api/http_server.go:2361.50,2363.4 1 1
github.com/domalab/uma/daemon/services/api/http_server.go:2366.2,2370.3 1 0
github.com/domalab/uma/daemon/services/api/http_server.go:2374.69,2376.2 1 1
github.com/domalab/uma/daemon/services/api/http_server.go:2379.60,2381.2 1 1
github.com/domalab/uma/daemon/services/api/http_server.go:2384.71,2386.52 2 1
github.com/domalab/uma/daemon/services/api/http_server.go:2386.52,2392.3 1 1
github.com/domalab/uma/daemon/services/api/http_server.go:2394.2,2402.3 4 1
github.com/domalab/uma/daemon/services/api/http_server.go:2406.63,2408.16 2 0
github.com/domalab/uma/daemon/services/api/http_server.go:2408.16,2410.3 1 0
github.com/domalab/uma/daemon/services/api/http_server.go:2412.2,2413.39 2 0
github.com/domalab/uma/daemon/services/api/http_server.go:2413.39,2419.33 4 0
github.com/domalab/uma/daemon/services/api/http_server.go:2419.33,2422.4 2 0
github.com/domalab/uma/daemon/services/api/http_server.go:2424.3,2434.41 2 0
github.com/domalab/uma/daemon/services/api/http_server.go:2437.2,2437.15 1 0
github.com/domalab/uma/daemon/services/api/http_server.go:2441.59,2443.16 2 0
github.com/domalab/uma/daemon/services/api/http_server.go:2443.16,2445.3 1 0
github.com/domalab/uma/daemon/services/api/http_server.go:2447.2,2448.25 2 0
github.com/domalab/uma/daemon/services/api/http_server.go:2448.25,2454.33 4 0
github.com/domalab/uma/daemon/services/api/http_server.go:2454.33,2457.4 2 0
github.com/domalab/uma/daemon/services/api/http_server.go:2459.3,2467.34 2 0
github.com/domalab/uma/daemon/services/api/http_server.go:2470.2,2470.15 1 0
github.com/domalab/uma/daemon/services/api/http_server.go:2474.72,2475.32 1 0
github.com/domalab/uma/daemon/services/api/http_server.go:2475.32,2478.3 2 0
github.com/domalab/uma/daemon/services/api/http_server.go:2480.2,2481.16 2 0
github.com/domalab/uma/daemon/services/api/http_server.go:2481.16,2484.3 2 0
github.com/domalab/uma/daemon/services/api/http_server.go:2486.2,2486.40 1 0
github.com/domalab/uma/daemon/services/api/http_server.go:2490.85,2491.32 1 1
github.com/domalab/uma/daemon/services/api/http_server.go:2491.32,2494.3 2 0
github.com/domalab/uma/daemon/services/api/http_server.go:2497.2,2502.16 5 1
github.com/domalab/uma/daemon/services/api/http_server.go:2502.16,2505.3 2 0
github.com/domalab/uma/daemon/services/api/http_server.go:2507.2,2507.19 1 1
github.com/domalab/uma/daemon/services/api/http_server.go:2507.19,2510.40 2 0
github.com/domalab/uma/daemon/services/api/http_server.go:2510.40,2512.4 1 0
github.com/domalab/uma/daemon/services/api/http_server.go:2514.3,2515.81 2 0
github.com/domalab/uma/daemon/services/api/http_server.go:2516.8,2519.3 1 1
github.com/domalab/uma/daemon/services/api/http_server.go:2523.83,2524.32 1 1
github.com/domalab/uma/daemon/services/api/http_server.go:2524.32,2527.3 2 0
github.com/domalab/uma/daemon/services/api/http_server.go:2529.2,2530.16 2 1
github.com/domalab/uma/daemon/services/api/http_server.go:2530.16,2533.3 2 0
github.com/domalab/uma/daemon/services/api/http_server.go:2535.2,2535.41 1 1
github.com/domalab/uma/daemon/services/api/http_server.go:2539.81,2540.32 1 1
github.com/domalab/uma/daemon/services/api/http_server.go:2540.32,2543.3 2 0
github.com/domalab/uma/daemon/services/api/http_server.go:2545.2,2546.16 2 1
github.com/domalab/uma/daemon/services/api/http_server.go:2546.16,2549.3 2 0
github.com/domalab/uma/daemon/services/api/http_server.go:2551.2,2551.39 1 1
github.com/domalab/uma/daemon/services/api/http_server.go:2555.79,2556.32 1 1
github.com/domalab/uma/daemon/services/api/http_server.go:2556.32,2559.3 2 0
github.com/domalab/uma/daemon/services/api/http_server.go:2561.2,2562.16 2 1
github.com/domalab/uma/daemon/services/api/http_server.go:2562.16,2565.3 2 0
github.com/domalab/uma/daemon/services/api/http_server.go:2567.2,2567.37 1 1
github.com/domalab/uma/daemon/services/api/http_server.go:2571.75,2572.32 1 1
github.com/domalab/uma/daemon/services/api/http_server.go:2572.32,2575.3 2 1
github.com/domalab/uma/daemon/services/api/http_server.go:2577.2,2579.16 3 1
github.com/domalab/uma/daemon/services/api/http_server.go:2579.16,2582.3 2 1
github.com/domalab/uma/daemon/services/api/http_server.go:2584.2,2584.36 1 0
github.com/domalab/uma/daemon/services/api/http_server.go:2588.71,2592.39 3 1
github.com/domalab/uma/daemon/services/api/http_server.go:2592.39,2595.3 2 1
github.com/domalab/uma/daemon/services/api/http_server.go:2597.2,2599.20 3 1
github.com/domalab/uma/daemon/services/api/http_server.go:2599.20,2601.3 1 1
github.com/domalab/uma/daemon/services/api/http_server.go:2603.2,2603.18 1 1
github.com/domalab/uma/daemon/services/api/http_server.go:2604.22,2605.24 1 1
github.com/domalab/uma/daemon/services/api/http_server.go:2605.24,2607.18 2 0
github.com/domalab/uma/daemon/services/api/http_server.go:2607.18,2610.5 2 0
github.com/domalab/uma/daemon/services/api/http_server.go:2611.4,2611.40 1 0
github.com/domalab/uma/daemon/services/api/http_server.go:2612.9,2612.33 1 1
github.com/domalab/uma/daemon/services/api/http_server.go:2612.33,2614.18 2 0
github.com/domalab/uma/daemon/services/api/http_server.go:2614.18,2617.5 2 0
github.com/domalab/uma/daemon/services/api/http_server.go:2618.4,2618.72 1 0
github.com/domalab/uma/daemon/services/api/http_server.go:2619.9,2621.18 2 1
github.com/domalab/uma/daemon/services/api/http_server.go:2621.18,2624.5 2 1
github.com/domalab/uma/daemon/services/api/http_server.go:2625.4,2625.37 1 0
github.com/domalab/uma/daemon/services/api/http_server.go:2628.23,2629.17 1 1
github.com/domalab/uma/daemon/services/api/http_server.go:2630.16,2632.18 2 1
github.com/domalab/uma/daemon/services/api/http_server.go:2632.18,2635.5 2 1
github.com/domalab/uma/daemon/services/api/http_server.go:2636.4,2636.77 1 0
github.com/domalab/uma/daemon/services/api/http_server.go:2638.15,2641.18 3 1
github.com/domalab/uma/daemon/services/api/http_server.go:2641.18,2644.5 2 1
github.com/domalab/uma/daemon/services/api/http_server.go:2645.4,2645.77 1 0
github.com/domalab/uma/daemon/services/api/http_server.go:2647.18,2649.18 2 1
github.com/domalab/uma/daemon/services/api/http_server.go:2649.18,2652.5 2 1
github.com/domalab/uma/daemon/services/api/http_server.go:2653.4,2653.79 1 0
github.com/domalab/uma/daemon/services/api/http_server.go:2655.16,2657.18 2 1
github.com/domalab/uma/daemon/services/api/http_server.go:2657.18,2660.5 2 1
github.com/domalab/uma/daemon/services/api/http_server.go:2661.4,2661.76 1 0
github.com/domalab/uma/daemon/services/api/http_server.go:2663.17,2665.18 2 1
github.com/domalab/uma/daemon/services/api/http_server.go:2665.18,2668.5 2 1
github.com/domalab/uma/daemon/services/api/http_server.go:2669.4,2669.77 1 0
github.com/domalab/uma/daemon/services/api/http_server.go:2671.20,2673.18 2 0
github.com/domalab/uma/daemon/services/api/http_server.go:2673.18,2676.5 2 0
github.com/domalab/uma/daemon/services/api/http_server.go:2677.4,2677.80 1 0
github.com/domalab/uma/daemon/services/api/http_server.go:2679.18,2681.18 2 0
github.com/domalab/uma/daemon/services/api/http_server.go:2681.18,2684.5 2 0
github.com/domalab/uma/daemon/services/api/http_server.go:2685.4,2685.78 1 0
github.com/domalab/uma/daemon/services/api/http_server.go:2687.20,2690.18 3 0
github.com/domalab/uma/daemon/services/api/http_server.go:2690.18,2693.5 2 0
github.com/domalab/uma/daemon/services/api/http_server.go:2694.4,2694.87 1 0
github.com/domalab/uma/daemon/services/api/http_server.go:2696.11,2697.60 1 1
github.com/domalab/uma/daemon/services/api/http_server.go:2700.10,2701.69 1 1
github.com/domalab/uma/daemon/services/api/http_server.go:2706.86,2707.32 1 0
github.com/domalab/uma/daemon/services/api/http_server.go:2707.32,2710.3 2 0
github.com/domalab/uma/daemon/services/api/http_server.go:2712.2,2713.16 2 0
github.com/domalab/uma/daemon/services/api/http_server.go:2713.16,2716.3 2 0
github.com/domalab/uma/daemon/services/api/http_server.go:2718.2,2718.39 1 0
github.com/domalab/uma/daemon/services/api/http_server.go:2722.84,2723.32 1 0
github.com/domalab/uma/daemon/services/api/http_server.go:2723.32,2726.3 2 0
github.com/domalab/uma/daemon/services/api/http_server.go:2728.2,2729.16 2 0
github.com/domalab/uma/daemon/services/api/http_server.go:2729.16,2732.3 2 0
github.com/domalab/uma/daemon/services/api/http_server.go:2734.2,2734.37 1 0
github.com/domalab/uma/daemon/services/api/http_server.go:2738.86,2739.18 1 0
github.com/domalab/uma/daemon/services/api/http_server.go:2740.22,2742.41 2 0
github.com/domalab/uma/daemon/services/api/http_server.go:2744.23,2746.23 2 0
github.com/domalab/uma/daemon/services/api/http_server.go:2746.23,2749.4 2 0
github.com/domalab/uma/daemon/services/api/http_server.go:2751.3,2752.17 2 0
github.com/domalab/uma/daemon/services/api/http_server.go:2752.17,2755.4 2 0
github.com/domalab/uma/daemon/services/api/http_server.go:2757.3,2757.94 1 0
github.com/domalab/uma/daemon/services/api/http_server.go:2759.10,2760.69 1 0
github.com/domalab/uma/daemon/services/api/http_server.go:2767.79,2768.33 1 1
github.com/domalab/uma/daemon/services/api/http_server.go:2768.33,2771.3 2 1
github.com/domalab/uma/daemon/services/api/http_server.go:2773.2,2774.61 2 1
github.com/domalab/uma/daemon/services/api/http_server.go:2774.61,2777.3 2 1
github.com/domalab/uma/daemon/services/api/http_server.go:2780.2,2781.16 2 1
github.com/domalab/uma/daemon/services/api/http_server.go:2781.16,2784.3 2 0
github.com/domalab/uma/daemon/services/api/http_server.go:2786.2,2786.34 1 1
github.com/domalab/uma/daemon/services/api/http_server.go:2786.34,2793.3 3 0
github.com/domalab/uma/daemon/services/api/http_server.go:2796.2,2797.16 2 1
github.com/domalab/uma/daemon/services/api/http_server.go:2797.16,2804.3 3 1
github.com/domalab/uma/daemon/services/api/http_server.go:2806.2,2812.41 2 0
github.com/domalab/uma/daemon/services/api/http_server.go:2816.78,2817.33 1 1
github.com/domalab/uma/daemon/services/api/http_server.go:2817.33,2820.3 2 0
github.com/domalab/uma/daemon/services/api/http_server.go:2822.2,2823.61 2 1
github.com/domalab/uma/daemon/services/api/http_server.go:2823.61,2826.3 2 1
github.com/domalab/uma/daemon/services/api/http_server.go:2829.2,2830.16 2 1
github.com/domalab/uma/daemon/services/api/http_server.go:2830.16,2833.3 2 0
github.com/domalab/uma/daemon/services/api/http_server.go:2835.2,2835.34 1 1
github.com/domalab/uma/daemon/services/api/http_server.go:2835.34,2842.3 3 1
github.com/domalab/uma/daemon/services/api/http_server.go:2845.2,2846.16 2 0
github.com/domalab/uma/daemon/services/api/http_server.go:2846.16,2853.3 3 0
github.com/domalab/uma/daemon/services/api/http_server.go:2855.2,2861.41 2 0
github.com/domalab/uma/daemon/services/api/http_server.go:2865.85,2866.18 1 0
github.com/domalab/uma/daemon/services/api/http_server.go:2867.22,2870.17 2 0
github.com/domalab/uma/daemon/services/api/http_server.go:2870.17,2873.4 2 0
github.com/domalab/uma/daemon/services/api/http_server.go:2874.3,2874.40 1 0
github.com/domalab/uma/daemon/services/api/http_server.go:2876.23,2879.62 2 0
github.com/domalab/uma/daemon/services/api/http_server.go:2879.62,2882.4 2 0
github.com/domalab/uma/daemon/services/api/http_server.go:2885.3,2885.51 1 0
github.com/domalab/uma/daemon/services/api/http_server.go:2885.51,2888.4 2 0
github.com/domalab/uma/daemon/services/api/http_server.go:2890.3,2890.82 1 0
github.com/domalab/uma/daemon/services/api/http_server.go:2890.82,2893.4 2 0
github.com/domalab/uma/daemon/services/api/http_server.go:2895.3,2896.17 2 0
github.com/domalab/uma/daemon/services/api/http_server.go:2896.17,2903.4 3 0
github.com/domalab/uma/daemon/services/api/http_server.go:2905.3,2911.42 2 0
github.com/domalab/uma/daemon/services/api/http_server.go:2913.25,2916.17 2 0
github.com/domalab/uma/daemon/services/api/http_server.go:2916.17,2923.4 3 0
github.com/domalab/uma/daemon/services/api/http_server.go:2925.3,2929.42 2 0
github.com/domalab/uma/daemon/services/api/http_server.go:2931.10,2932.69 1 0
github.com/domalab/uma/daemon/services/api/http_server.go:2937.81,2938.33 1 0
github.com/domalab/uma/daemon/services/api/http_server.go:2938.33,2941.3 2 0
github.com/domalab/uma/daemon/services/api/http_server.go:2943.2,2944.61 2 0
github.com/domalab/uma/daemon/services/api/http_server.go:2944.61,2947.3 2 0
github.com/domalab/uma/daemon/services/api/http_server.go:2950.2,2950.44 1 0
github.com/domalab/uma/daemon/services/api/http_server.go:2950.44,2953.3 2 0
github.com/domalab/uma/daemon/services/api/http_server.go:2955.2,2956.16 2 0
github.com/domalab/uma/daemon/services/api/http_server.go:2956.16,2963.3 3 0
github.com/domalab/uma/daemon/services/api/http_server.go:2965.2,2971.41 2 0
github.com/domalab/uma/daemon/services/api/http_server.go:2975.84,2976.33 1 0
github.com/domalab/uma/daemon/services/api/http_server.go:2976.33,2979.3 2 0
github.com/domalab/uma/daemon/services/api/http_server.go:2981.2,2982.61 2 0
github.com/domalab/uma/daemon/services/api/http_server.go:2982.61,2985.3 2 0
github.com/domalab/uma/daemon/services/api/http_server.go:2988.2,2988.24 1 0
github.com/domalab/uma/daemon/services/api/http_server.go:2988.24,2991.3 2 0
github.com/domalab/uma/daemon/services/api/http_server.go:2993.2,2994.16 2 0
github.com/domalab/uma/daemon/services/api/http_server.go:2994.16,3001.3 3 0
github.com/domalab/uma/daemon/services/api/http_server.go:3003.2,3009.41 2 0
github.com/domalab/uma/daemon/services/api/http_server.go:3013.80,3014.33 1 0
github.com/domalab/uma/daemon/services/api/http_server.go:3014.33,3017.3 2 0
github.com/domalab/uma/daemon/services/api/http_server.go:3019.2,3020.61 2 0
github.com/domalab/uma/daemon/services/api/http_server.go:3020.61,3023.3 2 0
github.com/domalab/uma/daemon/services/api/http_server.go:3026.2,3026.78 1 0
github.com/domalab/uma/daemon/services/api/http_server.go:3026.78,3029.3 2 0
github.com/domalab/uma/daemon/services/api/http_server.go:3032.2,3033.16 2 0
github.com/domalab/uma/daemon/services/api/http_server.go:3033.16,3040.3 3 0
github.com/domalab/uma/daemon/services/api/http_server.go:3042.2,3047.41 2 0
github.com/domalab/uma/daemon/services/api/http_server.go:3051.79,3052.33 1 0
github.com/domalab/uma/daemon/services/api/http_server.go:3052.33,3055.3 2 0
github.com/domalab/uma/daemon/services/api/http_server.go:3057.2,3058.61 2 0
github.com/domalab/uma/daemon/services/api/http_server.go:3058.61,3061.3 2 0
github.com/domalab/uma/daemon/services/api/http_server.go:3064.2,3064.25 1 0
github.com/domalab/uma/daemon/services/api/http_server.go:3064.25,3067.3 2 0
github.com/domalab/uma/daemon/services/api/http_server.go:3070.2,3070.27 1 0
github.com/domalab/uma/daemon/services/api/http_server.go:3070.27,3072.3 1 0
github.com/domalab/uma/daemon/services/api/http_server.go:3073.2,3073.19 1 0
github.com/domalab/uma/daemon/services/api/http_server.go:3073.19,3075.3 1 0
github.com/domalab/uma/daemon/services/api/http_server.go:3076.2,3076.26 1 0
github.com/domalab/uma/daemon/services/api/http_server.go:3076.26,3078.3 1 0
github.com/domalab/uma/daemon/services/api/http_server.go:3081.2,3082.16 2 0
github.com/domalab/uma/daemon/services/api/http_server.go:3082.16,3089.3 3 0
github.com/domalab/uma/daemon/services/api/http_server.go:3091.2,3096.41 2 0
github.com/domalab/uma/daemon/services/api/http_server.go:3102.96,3107.22 2 0
github.com/domalab/uma/daemon/services/api/http_server.go:3107.22,3109.3 1 0
github.com/domalab/uma/daemon/services/api/http_server.go:3109.8,3111.3 1 0
github.com/domalab/uma/daemon/services/api/http_server.go:3114.2,3114.19 1 0
github.com/domalab/uma/daemon/services/api/http_server.go:3114.19,3116.3 1 0
github.com/domalab/uma/daemon/services/api/http_server.go:3119.2,3119.11 1 0
github.com/domalab/uma/daemon/services/api/http_server.go:3119.11,3121.3 1 0
github.com/domalab/uma/daemon/services/api/http_server.go:3124.2,3124.12 1 0
github.com/domalab/uma/daemon/services/api/http_server.go:3124.12,3125.44 1 0
github.com/domalab/uma/daemon/services/api/http_server.go:3125.44,3129.21 3 0
github.com/domalab/uma/daemon/services/api/http_server.go:3129.21,3131.5 1 0
github.com/domalab/uma/daemon/services/api/http_server.go:3135.3,3136.31 2 0
github.com/domalab/uma/daemon/services/api/http_server.go:3136.31,3137.56 1 0
github.com/domalab/uma/daemon/services/api/http_server.go:3137.56,3139.5 1 0
github.com/domalab/uma/daemon/services/api/http_server.go:3143.2,3143.12 1 0
github.com/domalab/uma/daemon/services/api/http_server.go:3147.94,3152.11 2 0
github.com/domalab/uma/daemon/services/api/http_server.go:3152.11,3154.3 1 0
github.com/domalab/uma/daemon/services/api/http_server.go:3157.2,3157.12 1 0
github.com/domalab/uma/daemon/services/api/http_server.go:3157.12,3158.23 1 0
github.com/domalab/uma/daemon/services/api/http_server.go:3158.23,3160.4 1 0
github.com/domalab/uma/daemon/services/api/http_server.go:3163.3,3163.20 1 0
github.com/domalab/uma/daemon/services/api/http_server.go:3163.20,3167.4 3 0
github.com/domalab/uma/daemon/services/api/http_server.go:3170.3,3171.31 2 0
github.com/domalab/uma/daemon/services/api/http_server.go:3171.31,3172.56 1 0
github.com/domalab/uma/daemon/services/api/http_server.go:3172.56,3174.5 1 0
github.com/domalab/uma/daemon/services/api/http_server.go:3178.2,3178.12 1 0
github.com/domalab/uma/daemon/services/api/http_server.go:3182.65,3185.19 2 0
github.com/domalab/uma/daemon/services/api/http_server.go:3186.17,3187.28 1 0
github.com/domalab/uma/daemon/services/api/http_server.go:3188.19,3189.30 1 0
github.com/domalab/uma/daemon/services/api/http_server.go:3190.16,3191.33 1 0
github.com/domalab/uma/daemon/services/api/http_server.go:3192.10,3193.57 1 0
github.com/domalab/uma/daemon/services/api/http_server.go:3197.2,3197.12 1 0
github.com/domalab/uma/daemon/services/api/http_server.go:3197.12,3199.31 2 0
github.com/domalab/uma/daemon/services/api/http_server.go:3199.31,3200.56 1 0
github.com/domalab/uma/daemon/services/api/http_server.go:3200.56,3202.5 1 0
github.com/domalab/uma/daemon/services/api/http_server.go:3206.2,3206.12 1 0
github.com/domalab/uma/daemon/services/api/http_server.go:3210.99,3213.16 2 0
github.com/domalab/uma/daemon/services/api/http_server.go:3213.16,3215.3 1 0
github.com/domalab/uma/daemon/services/api/http_server.go:3218.2,3221.35 2 0
github.com/domalab/uma/daemon/services/api/http_server.go:3221.35,3223.17 2 0
github.com/domalab/uma/daemon/services/api/http_server.go:3223.17,3225.4 1 0
github.com/domalab/uma/daemon/services/api/http_server.go:3228.3,3228.24 1 0
github.com/domalab/uma/daemon/services/api/http_server.go:3228.24,3230.4 1 0
github.com/domalab/uma/daemon/services/api/http_server.go:3233.2,3233.12 1 0
[...]
github.com/domalab/uma/daemon/services/api/validation_enhanced.go:102.40,103.37 1 0
github.com/domalab/uma/daemon/services/api/validation_enhanced.go:103.37,105.10 2 0
github.com/domalab/uma/daemon/services/api/validation_enhanced.go:109.3,109.13 1 0
github.com/domalab/uma/daemon/services/api/validation_enhanced.go:109.13,113.4 1 0
github.com/domalab/uma/daemon/services/api/validation_enhanced.go:117.2,117.32 1 0
github.com/domalab/uma/daemon/services/api/validation_enhanced.go:117.32,121.3 1 0
github.com/domalab/uma/daemon/services/api/validation_enhanced.go:124.2,124.80 1 0
github.com/domalab/uma/daemon/services/api/validation_enhanced.go:124.80,126.3 1 0
github.com/domalab/uma/daemon/services/api/validation_enhanced.go:128.2,128.34 1 0
github.com/domalab/uma/daemon/services/api/validation_enhanced.go:128.34,130.3 1 0
github.com/domalab/uma/daemon/services/api/validation_enhanced.go:132.2,132.12 1 0
github.com/domalab/uma/daemon/services/api/validation_enhanced.go:136.115,137.16 1 0
github.com/domalab/uma/daemon/services/api/validation_enhanced.go:138.54,139.45 1 0
github.com/domalab/uma/daemon/services/api/validation_enhanced.go:140.31,141.47 1 0
github.com/domalab/uma/daemon/services/api/validation_enhanced.go:142.24,143.40 1 0
github.com/domalab/uma/daemon/services/api/validation_enhanced.go:144.49,145.48 1 0
github.com/domalab/uma/daemon/services/api/validation_enhanced.go:147.2,147.12 1 0
github.com/domalab/uma/daemon/services/api/validation_enhanced.go:151.85,152.19 1 0
github.com/domalab/uma/daemon/services/api/validation_enhanced.go:152.19,154.3 1 0
github.com/domalab/uma/daemon/services/api/validation_enhanced.go:157.2,157.50 1 0
github.com/domalab/uma/daemon/services/api/validation_enhanced.go:157.50,160.40 3 0
github.com/domalab/uma/daemon/services/api/validation_enhanced.go:160.40,161.30 1 0
github.com/domalab/uma/daemon/services/api/validation_enhanced.go:161.30,163.10 2 0
github.com/domalab/uma/daemon/services/api/validation_enhanced.go:166.3,166.13 1 0
github.com/domalab/uma/daemon/services/api/validation_enhanced.go:166.13,168.4 1 0
github.com/domalab/uma/daemon/services/api/validation_enhanced.go:172.2,172.53 1 0
github.com/domalab/uma/daemon/services/api/validation_enhanced.go:172.53,175.49 3 0
github.com/domalab/uma/daemon/services/api/validation_enhanced.go:175.49,176.33 1 0
github.com/domalab/uma/daemon/services/api/validation_enhanced.go:176.33,178.10 2 0
github.com/domalab/uma/daemon/services/api/validation_enhanced.go:181.3,181.13 1 0
github.com/domalab/uma/daemon/services/api/validation_enhanced.go:181.13,183.4 1 0
github.com/domalab/uma/daemon/services/api/validation_enhanced.go:186.2,186.12 1 0
github.com/domalab/uma/daemon/services/api/validation_enhanced.go:190.87,191.19 1 0
github.com/domalab/uma/daemon/services/api/validation_enhanced.go:191.19,193.3 1 0
github.com/domalab/uma/daemon/services/api/validation_enhanced.go:196.2,197.9 2 0
github.com/domalab/uma/daemon/services/api/validation_enhanced.go:197.9,199.3 1 0
github.com/domalab/uma/daemon/services/api/validation_enhanced.go:201.2,201.28 1 0
github.com/domalab/uma/daemon/services/api/validation_enhanced.go:201.28,203.3 1 0
github.com/domalab/uma/daemon/services/api/validation_enhanced.go:205.2,205.28 1 0
github.com/domalab/uma/daemon/services/api/validation_enhanced.go:205.28,207.3 1 0
github.com/domalab/uma/daemon/services/api/validation_enhanced.go:210.2,211.34 2 0
github.com/domalab/uma/daemon/services/api/validation_enhanced.go:211.34,212.15 1 0
github.com/domalab/uma/daemon/services/api/validation_enhanced.go:212.15,214.4 1 0
github.com/domalab/uma/daemon/services/api/validation_enhanced.go:216.3,216.15 1 0
github.com/domalab/uma/daemon/services/api/validation_enhanced.go:216.15,218.4 1 0
github.com/domalab/uma/daemon/services/api/validation_enhanced.go:219.3,222.58 2 0
github.com/domalab/uma/daemon/services/api/validation_enhanced.go:222.58,224.4 1 0
github.com/domalab/uma/daemon/services/api/validation_enhanced.go:228.2,228.55 1 0
github.com/domalab/uma/daemon/services/api/validation_enhanced.go:228.55,231.43 3 0
github.com/domalab/uma/daemon/services/api/validation_enhanced.go:231.43,232.28 1 0
github.com/domalab/uma/daemon/services/api/validation_enhanced.go:232.28,234.10 2 0
github.com/domalab/uma/daemon/services/api/validation_enhanced.go:237.3,237.13 1 0
github.com/domalab/uma/daemon/services/api/validation_enhanced.go:237.13,240.4 1 0
github.com/domalab/uma/daemon/services/api/validation_enhanced.go:241.8,243.3 1 0
github.com/domalab/uma/daemon/services/api/validation_enhanced.go:245.2,245.12 1 0
github.com/domalab/uma/daemon/services/api/validation_enhanced.go:249.80,250.19 1 0
github.com/domalab/uma/daemon/services/api/validation_enhanced.go:250.19,252.3 1 0
github.com/domalab/uma/daemon/services/api/validation_enhanced.go:255.2,256.9 2 0
github.com/domalab/uma/daemon/services/api/validation_enhanced.go:256.9,258.3 1 0
github.com/domalab/uma/daemon/services/api/validation_enhanced.go:260.2,260.21 1 0
github.com/domalab/uma/daemon/services/api/validation_enhanced.go:260.21,262.3 1 0
github.com/domalab/uma/daemon/services/api/validation_enhanced.go:264.2,264.21 1 0
github.com/domalab/uma/daemon/services/api/validation_enhanced.go:264.21,266.3 1 0
github.com/domalab/uma/daemon/services/api/validation_enhanced.go:269.2,270.27 2 0
github.com/domalab/uma/daemon/services/api/validation_enhanced.go:270.27,271.15 1 0
github.com/domalab/uma/daemon/services/api/validation_enhanced.go:271.15,273.4 1 0
github.com/domalab/uma/daemon/services/api/validation_enhanced.go:275.3,275.15 1 0
github.com/domalab/uma/daemon/services/api/validation_enhanced.go:275.15,277.4 1 0
github.com/domalab/uma/daemon/services/api/validation_enhanced.go:278.3,281.35 2 0
github.com/domalab/uma/daemon/services/api/validation_enhanced.go:281.35,283.4 1 0
github.com/domalab/uma/daemon/services/api/validation_enhanced.go:286.2,286.12 1 0
github.com/domalab/uma/daemon/services/api/validation_enhanced.go:290.88,291.19 1 0
github.com/domalab/uma/daemon/services/api/validation_enhanced.go:291.19,293.3 1 0
github.com/domalab/uma/daemon/services/api/validation_enhanced.go:296.2,296.45 1 0
github.com/domalab/uma/daemon/services/api/validation_enhanced.go:296.45,297.62 1 0
github.com/domalab/uma/daemon/services/api/validation_enhanced.go:297.62,299.4 1 0
github.com/domalab/uma/daemon/services/api/validation_enhanced.go:303.2,303.45 1 0
github.com/domalab/uma/daemon/services/api/validation_enhanced.go:303.45,304.62 1 0
github.com/domalab/uma/daemon/services/api/validation_enhanced.go:304.62,306.4 1 0
github.com/domalab/uma/daemon/services/api/validation_enhanced.go:309.2,309.12 1 0
github.com/domalab/uma/daemon/services/api/validation_enhanced.go:313.66,314.18 1 0
github.com/domalab/uma/daemon/services/api/validation_enhanced.go:314.18,316.3 1 0
github.com/domalab/uma/daemon/services/api/validation_enhanced.go:318.2,318.40 1 0
github.com/domalab/uma/daemon/services/api/validation_enhanced.go:318.40,321.3 1 0
github.com/domalab/uma/daemon/services/api/validation_enhanced.go:323.2,323.12 1 0
github.com/domalab/uma/daemon/services/api/validation_enhanced.go:327.76,328.23 1 0
github.com/domalab/uma/daemon/services/api/validation_enhanced.go:328.23,330.3 1 0
github.com/domalab/uma/daemon/services/api/validation_enhanced.go:332.2,332.75 1 0
github.com/domalab/uma/daemon/services/api/validation_enhanced.go:332.75,335.3 1 0
github.com/domalab/uma/daemon/services/api/validation_enhanced.go:337.2,337.12 1 0
github.com/domalab/uma/daemon/services/api/validation_enhanced.go:341.62,342.16 1 0
github.com/domalab/uma/daemon/services/api/validation_enhanced.go:342.16,344.3 1 0
github.com/domalab/uma/daemon/services/api/validation_enhanced.go:346.2,346.36 1 0
github.com/domalab/uma/daemon/services/api/validation_enhanced.go:346.36,349.3 1 0
github.com/domalab/uma/daemon/services/api/validation_enhanced.go:351.2,351.12 1 0
github.com/domalab/uma/daemon/services/api/validation_enhanced.go:355.76,356.23 1 0
github.com/domalab/uma/daemon/services/api/validation_enhanced.go:356.23,358.3 1 0
github.com/domalab/uma/daemon/services/api/validation_enhanced.go:360.2,360.50 1 0
github.com/domalab/uma/daemon/services/api/validation_enhanced.go:360.50,363.3 1 0
github.com/domalab/uma/daemon/services/api/validation_enhanced.go:365.2,365.12 1 0
github.com/domalab/uma/daemon/services/api/vm_handlers.go:10.74,12.18 2 0
github.com/domalab/uma/daemon/services/api/vm_handlers.go:12.18,15.3 2 0
github.com/domalab/uma/daemon/services/api/vm_handlers.go:17.2,18.16 2 0
github.com/domalab/uma/daemon/services/api/vm_handlers.go:18.16,21.3 2 0
github.com/domalab/uma/daemon/services/api/vm_handlers.go:23.2,23.52 1 0
github.com/domalab/uma/daemon/services/api/vm_handlers.go:27.76,29.18 2 0
github.com/domalab/uma/daemon/services/api/vm_handlers.go:29.18,32.3 2 0
github.com/domalab/uma/daemon/services/api/vm_handlers.go:34.2,35.16 2 0
github.com/domalab/uma/daemon/services/api/vm_handlers.go:35.16,38.3 2 0
github.com/domalab/uma/daemon/services/api/vm_handlers.go:40.2,40.55 1 0
github.com/domalab/uma/daemon/services/api/vm_handlers.go:44.78,46.18 2 0
github.com/domalab/uma/daemon/services/api/vm_handlers.go:46.18,49.3 2 0
github.com/domalab/uma/daemon/services/api/vm_handlers.go:51.2,52.16 2 0
github.com/domalab/uma/daemon/services/api/vm_handlers.go:52.16,55.3 2 0
github.com/domalab/uma/daemon/services/api/vm_handlers.go:57.2,62.58 2 0
github.com/domalab/uma/daemon/services/api/vm_handlers.go:66.76,68.18 2 0
github.com/domalab/uma/daemon/services/api/vm_handlers.go:68.18,71.3 2 0
github.com/domalab/uma/daemon/services/api/vm_handlers.go:73.2,74.16 2 0
github.com/domalab/uma/daemon/services/api/vm_handlers.go:74.16,77.3 2 0
github.com/domalab/uma/daemon/services/api/vm_handlers.go:79.2,85.58 2 0
github.com/domalab/uma/daemon/services/api/vm_handlers.go:89.75,91.18 2 0
github.com/domalab/uma/daemon/services/api/vm_handlers.go:91.18,94.3 2 0
github.com/domalab/uma/daemon/services/api/vm_handlers.go:96.2,98.16 3 0
github.com/domalab/uma/daemon/services/api/vm_handlers.go:98.16,101.3 2 0
github.com/domalab/uma/daemon/services/api/vm_handlers.go:103.2,110.58 2 0
github.com/domalab/uma/daemon/services/api/vm_handlers.go:114.78,116.18 2 0
github.com/domalab/uma/daemon/services/api/vm_handlers.go:116.18,119.3 2 0
github.com/domalab/uma/daemon/services/api/vm_handlers.go:121.2,122.16 2 0
github.com/domalab/uma/daemon/services/api/vm_handlers.go:122.16,125.3 2 0
github.com/domalab/uma/daemon/services/api/vm_handlers.go:127.2,133.58 2 0
github.com/domalab/uma/daemon/services/api/vm_handlers.go:137.76,139.18 2 0
github.com/domalab/uma/daemon/services/api/vm_handlers.go:139.18,142.3 2 0
github.com/domalab/uma/daemon/services/api/vm_handlers.go:144.2,145.16 2 0
github.com/domalab/uma/daemon/services/api/vm_handlers.go:145.16,148.3 2 0
github.com/domalab/uma/daemon/services/api/vm_handlers.go:150.2,156.58 2 0
github.com/domalab/uma/daemon/services/api/vm_handlers.go:160.77,162.18 2 0
github.com/domalab/uma/daemon/services/api/vm_handlers.go:162.18,165.3 2 0
github.com/domalab/uma/daemon/services/api/vm_handlers.go:167.2,168.16 2 0
github.com/domalab/uma/daemon/services/api/vm_handlers.go:168.16,171.3 2 0
github.com/domalab/uma/daemon/services/api/vm_handlers.go:173.2,179.58 2 0
github.com/domalab/uma/daemon/services/api/vm_handlers.go:183.80,185.18 2 0
github.com/domalab/uma/daemon/services/api/vm_handlers.go:185.18,188.3 2 0
github.com/domalab/uma/daemon/services/api/vm_handlers.go:190.2,191.16 2 0
github.com/domalab/uma/daemon/services/api/vm_handlers.go:191.16,194.3 2 0
github.com/domalab/uma/daemon/services/api/vm_handlers.go:196.2,202.58 2 0
github.com/domalab/uma/daemon/services/api/vm_handlers.go:206.78,208.18 2 0
github.com/domalab/uma/daemon/services/api/vm_handlers.go:208.18,211.3 2 0
github.com/domalab/uma/daemon/services/api/vm_handlers.go:213.2,214.16 2 0
github.com/domalab/uma/daemon/services/api/vm_handlers.go:214.16,217.3 2 0
github.com/domalab/uma/daemon/services/api/vm_handlers.go:219.2,225.58 2 0
github.com/domalab/uma/daemon/services/api/vm_handlers.go:229.80,231.18 2 0
github.com/domalab/uma/daemon/services/api/vm_handlers.go:231.18,234.3 2 0
github.com/domalab/uma/daemon/services/api/vm_handlers.go:236.2,238.16 3 0
github.com/domalab/uma/daemon/services/api/vm_handlers.go:238.16,241.3 2 0
github.com/domalab/uma/daemon/services/api/vm_handlers.go:243.2,250.58 2 0
github.com/domalab/uma/daemon/services/api/websocket.go:42.68,45.44 1 1
github.com/domalab/uma/daemon/services/api/websocket.go:45.44,48.5 1 0
github.com/domalab/uma/daemon/services/api/websocket.go:58.110,61.21 2 0
github.com/domalab/uma/daemon/services/api/websocket.go:61.21,63.3 1 0
github.com/domalab/uma/daemon/services/api/websocket.go:64.2,68.16 3 0
github.com/domalab/uma/daemon/services/api/websocket.go:68.16,71.3 2 0
github.com/domalab/uma/daemon/services/api/websocket.go:74.2,94.76 7 0
github.com/domalab/uma/daemon/services/api/websocket.go:98.109,102.38 3 0
github.com/domalab/uma/daemon/services/api/websocket.go:102.38,104.3 1 0
github.com/domalab/uma/daemon/services/api/websocket.go:105.2,105.42 1 0
github.com/domalab/uma/daemon/services/api/websocket.go:109.86,113.58 3 0
github.com/domalab/uma/daemon/services/api/websocket.go:113.58,114.46 1 0
github.com/domalab/uma/daemon/services/api/websocket.go:114.46,123.4 6 0
github.com/domalab/uma/daemon/services/api/websocket.go:128.95,133.23 4 0
github.com/domalab/uma/daemon/services/api/websocket.go:133.23,135.3 1 0
github.com/domalab/uma/daemon/services/api/websocket.go:137.2,144.16 3 0
github.com/domalab/uma/daemon/services/api/websocket.go:144.16,147.3 2 0
github.com/domalab/uma/daemon/services/api/websocket.go:149.2,150.36 2 0
github.com/domalab/uma/daemon/services/api/websocket.go:150.36,151.10 1 0
github.com/domalab/uma/daemon/services/api/websocket.go:152.36,153.18 1 0
github.com/domalab/uma/daemon/services/api/websocket.go:154.11,156.40 1 0
github.com/domalab/uma/daemon/services/api/websocket.go:161.2,161.22 1 0
github.com/domalab/uma/daemon/services/api/websocket.go:161.22,163.3 1 0
github.com/domalab/uma/daemon/services/api/websocket.go:167.44,169.15 2 0
github.com/domalab/uma/daemon/services/api/websocket.go:169.15,172.3 2 0
github.com/domalab/uma/daemon/services/api/websocket.go:174.2,174.6 1 0
github.com/domalab/uma/daemon/services/api/websocket.go:174.6,175.10 1 0
github.com/domalab/uma/daemon/services/api/websocket.go:176.37,178.11 2 0
github.com/domalab/uma/daemon/services/api/websocket.go:178.11,181.5 2 0
github.com/domalab/uma/daemon/services/api/websocket.go:183.4,183.83 1 0
github.com/domalab/uma/daemon/services/api/websocket.go:183.83,186.5 2 0
github.com/domalab/uma/daemon/services/api/websocket.go:188.19,190.79 2 0
github.com/domalab/uma/daemon/services/api/websocket.go:190.79,192.5 1 0
github.com/domalab/uma/daemon/services/api/websocket.go:194.22,195.10 1 0
github.com/domalab/uma/daemon/services/api/websocket.go:201.64,202.15 1 0
github.com/domalab/uma/daemon/services/api/websocket.go:202.15,204.3 1 0
github.com/domalab/uma/daemon/services/api/websocket.go:206.2,208.48 3 0
github.com/domalab/uma/daemon/services/api/websocket.go:208.48,211.3 2 0
github.com/domalab/uma/daemon/services/api/websocket.go:213.2,213.6 1 0
github.com/domalab/uma/daemon/services/api/websocket.go:213.6,215.17 2 0
github.com/domalab/uma/daemon/services/api/websocket.go:215.17,216.103 1 0
github.com/domalab/uma/daemon/services/api/websocket.go:216.103,218.5 1 0
github.com/domalab/uma/daemon/services/api/websocket.go:219.4,219.9 1 0
github.com/domalab/uma/daemon/services/api/websocket.go:227.89,228.32 1 0
github.com/domalab/uma/daemon/services/api/websocket.go:228.32,231.3 2 0
github.com/domalab/uma/daemon/services/api/websocket.go:233.2,233.58 1 0
github.com/domalab/uma/daemon/services/api/websocket.go:237.90,238.32 1 0
github.com/domalab/uma/daemon/services/api/websocket.go:238.32,241.3 2 0
github.com/domalab/uma/daemon/services/api/websocket.go:243.2,243.59 1 0
github.com/domalab/uma/daemon/services/api/websocket.go:247.91,248.32 1 0
github.com/domalab/uma/daemon/services/api/websocket.go:248.32,251.3 2 0
github.com/domalab/uma/daemon/services/api/websocket.go:253.2,253.60 1 0
github.com/domalab/uma/daemon/services/api/websocket.go:257.51,266.2 3 1
github.com/domalab/uma/daemon/services/api/websocket.go:269.47,273.21 3 1
github.com/domalab/uma/daemon/services/api/websocket.go:273.21,276.3 2 0
github.com/domalab/uma/daemon/services/api/websocket.go:280.66,284.59 2 0
github.com/domalab/uma/daemon/services/api/websocket.go:284.59,290.3 1 0
github.com/domalab/uma/daemon/services/api/websocket.go:293.2,293.62 1 0
github.com/domalab/uma/daemon/services/api/websocket.go:293.62,302.3 1 0
github.com/domalab/uma/daemon/services/api/websocket.go:305.2,305.65 1 0
github.com/domalab/uma/daemon/services/api/websocket.go:305.65,310.3 1 0
github.com/domalab/uma/daemon/services/api/websocket.go:312.2,312.14 1 0
github.com/domalab/uma/daemon/services/api/websocket.go:316.48,322.21 4 1
github.com/domalab/uma/daemon/services/api/websocket.go:322.21,324.22 2 0
github.com/domalab/uma/daemon/services/api/websocket.go:324.22,326.4 1 0
github.com/domalab/uma/daemon/services/api/websocket.go:331.98,334.24 2 0
github.com/domalab/uma/daemon/services/api/websocket.go:334.24,336.3 1 0
github.com/domalab/uma/daemon/services/api/websocket.go:339.2,340.16 2 0
github.com/domalab/uma/daemon/services/api/websocket.go:340.16,343.3 2 0
github.com/domalab/uma/daemon/services/api/websocket.go:345.2,347.39 2 0
github.com/domalab/uma/daemon/services/api/websocket.go:347.39,353.62 4 0
github.com/domalab/uma/daemon/services/api/websocket.go:353.62,354.33 1 0
github.com/domalab/uma/daemon/services/api/websocket.go:354.33,364.5 1 0
github.com/domalab/uma/daemon/services/api/websocket.go:365.9,374.4 1 0
github.com/domalab/uma/daemon/services/api/websocket.go:378.2,378.50 1 0
github.com/domalab/uma/daemon/services/api/websocket.go:378.50,379.55 1 0
github.com/domalab/uma/daemon/services/api/websocket.go:379.55,386.4 1 0
github.com/domalab/uma/daemon/services/api/websocket.go:389.2,390.15 2 0
github.com/domalab/uma/daemon/services/api/websocket.go:394.49,400.21 4 1
github.com/domalab/uma/daemon/services/api/websocket.go:400.21,402.23 2 0
github.com/domalab/uma/daemon/services/api/websocket.go:402.23,404.4 1 0
github.com/domalab/uma/daemon/services/api/websocket.go:409.100,412.24 2 0
github.com/domalab/uma/daemon/services/api/websocket.go:412.24,414.3 1 0
github.com/domalab/uma/daemon/services/api/websocket.go:417.2,418.16 2 0
github.com/domalab/uma/daemon/services/api/websocket.go:418.16,421.3 2 0
github.com/domalab/uma/daemon/services/api/websocket.go:423.2,427.44 3 0
github.com/domalab/uma/daemon/services/api/websocket.go:427.44,429.3 1 0
github.com/domalab/uma/daemon/services/api/websocket.go:430.2,430.45 1 0
github.com/domalab/uma/daemon/services/api/websocket.go:430.45,432.3 1 0
github.com/domalab/uma/daemon/services/api/websocket.go:433.2,433.44 1 0
github.com/domalab/uma/daemon/services/api/websocket.go:433.44,435.3 1 0
github.com/domalab/uma/daemon/services/api/websocket.go:436.2,436.31 1 0
github.com/domalab/uma/daemon/services/api/websocket.go:436.31,438.3 1 0
github.com/domalab/uma/daemon/services/api/websocket.go:440.2,440.41 1 0
github.com/domalab/uma/daemon/services/api/websocket.go:440.41,443.10 2 0
github.com/domalab/uma/daemon/services/api/websocket.go:443.10,444.12 1 0
github.com/domalab/uma/daemon/services/api/websocket.go:447.3,451.19 4 0
github.com/domalab/uma/daemon/services/api/websocket.go:451.19,452.12 1 0
github.com/domalab/uma/daemon/services/api/websocket.go:455.3,459.57 3 0
github.com/domalab/uma/daemon/services/api/websocket.go:459.57,460.33 1 0
github.com/domalab/uma/daemon/services/api/websocket.go:460.33,470.5 1 0
github.com/domalab/uma/daemon/services/api/websocket.go:471.9,481.4 1 0
github.com/domalab/uma/daemon/services/api/websocket.go:484.2,485.16 2 0
