mode: set
github.com/domalab/uma/daemon/services/api/handlers/auth.go:20.58,22.2 1 0
github.com/domalab/uma/daemon/services/api/handlers/auth.go:25.79,26.33 1 0
github.com/domalab/uma/daemon/services/api/handlers/auth.go:26.33,29.3 2 0
github.com/domalab/uma/daemon/services/api/handlers/auth.go:31.2,32.65 2 0
github.com/domalab/uma/daemon/services/api/handlers/auth.go:32.65,35.3 2 0
github.com/domalab/uma/daemon/services/api/handlers/auth.go:38.2,38.55 1 0
github.com/domalab/uma/daemon/services/api/handlers/auth.go:38.55,41.3 2 0
github.com/domalab/uma/daemon/services/api/handlers/auth.go:44.2,45.16 2 0
github.com/domalab/uma/daemon/services/api/handlers/auth.go:45.16,48.3 2 0
github.com/domalab/uma/daemon/services/api/handlers/auth.go:50.2,50.50 1 0
github.com/domalab/uma/daemon/services/api/handlers/auth.go:54.79,55.18 1 0
github.com/domalab/uma/daemon/services/api/handlers/auth.go:56.22,57.25 1 0
github.com/domalab/uma/daemon/services/api/handlers/auth.go:58.23,59.27 1 0
github.com/domalab/uma/daemon/services/api/handlers/auth.go:60.10,61.73 1 0
github.com/domalab/uma/daemon/services/api/handlers/auth.go:66.79,67.32 1 0
github.com/domalab/uma/daemon/services/api/handlers/auth.go:67.32,70.3 2 0
github.com/domalab/uma/daemon/services/api/handlers/auth.go:72.2,73.16 2 0
github.com/domalab/uma/daemon/services/api/handlers/auth.go:73.16,76.3 2 0
github.com/domalab/uma/daemon/services/api/handlers/auth.go:78.2,78.42 1 0
github.com/domalab/uma/daemon/services/api/handlers/auth.go:82.93,83.18 1 0
github.com/domalab/uma/daemon/services/api/handlers/auth.go:84.22,85.32 1 0
github.com/domalab/uma/daemon/services/api/handlers/auth.go:86.22,87.35 1 0
github.com/domalab/uma/daemon/services/api/handlers/auth.go:88.25,89.35 1 0
github.com/domalab/uma/daemon/services/api/handlers/auth.go:90.10,91.73 1 0
github.com/domalab/uma/daemon/services/api/handlers/auth.go:96.81,97.33 1 0
github.com/domalab/uma/daemon/services/api/handlers/auth.go:97.33,100.3 2 0
github.com/domalab/uma/daemon/services/api/handlers/auth.go:102.2,103.65 2 0
github.com/domalab/uma/daemon/services/api/handlers/auth.go:103.65,106.3 2 0
github.com/domalab/uma/daemon/services/api/handlers/auth.go:109.2,109.55 1 0
github.com/domalab/uma/daemon/services/api/handlers/auth.go:109.55,112.3 2 0
github.com/domalab/uma/daemon/services/api/handlers/auth.go:116.2,123.45 2 0
github.com/domalab/uma/daemon/services/api/handlers/auth.go:127.80,128.33 1 0
github.com/domalab/uma/daemon/services/api/handlers/auth.go:128.33,131.3 2 0
github.com/domalab/uma/daemon/services/api/handlers/auth.go:135.2,140.45 2 0
github.com/domalab/uma/daemon/services/api/handlers/auth.go:146.78,148.16 2 0
github.com/domalab/uma/daemon/services/api/handlers/auth.go:148.16,151.3 2 0
github.com/domalab/uma/daemon/services/api/handlers/auth.go:153.2,153.42 1 0
github.com/domalab/uma/daemon/services/api/handlers/auth.go:157.80,159.65 2 0
github.com/domalab/uma/daemon/services/api/handlers/auth.go:159.65,162.3 2 0
github.com/domalab/uma/daemon/services/api/handlers/auth.go:165.2,165.55 1 0
github.com/domalab/uma/daemon/services/api/handlers/auth.go:165.55,168.3 2 0
github.com/domalab/uma/daemon/services/api/handlers/auth.go:172.2,183.46 2 0
github.com/domalab/uma/daemon/services/api/handlers/auth.go:187.92,200.2 2 0
github.com/domalab/uma/daemon/services/api/handlers/auth.go:203.95,205.65 2 0
github.com/domalab/uma/daemon/services/api/handlers/auth.go:205.65,208.3 2 0
github.com/domalab/uma/daemon/services/api/handlers/auth.go:211.2,211.55 1 0
github.com/domalab/uma/daemon/services/api/handlers/auth.go:211.55,214.3 2 0
github.com/domalab/uma/daemon/services/api/handlers/auth.go:218.2,228.41 2 0
github.com/domalab/uma/daemon/services/api/handlers/auth.go:232.95,242.2 2 0
github.com/domalab/uma/daemon/services/api/handlers/auth.go:245.88,246.33 1 0
github.com/domalab/uma/daemon/services/api/handlers/auth.go:246.33,249.3 2 0
github.com/domalab/uma/daemon/services/api/handlers/auth.go:251.2,252.65 2 0
github.com/domalab/uma/daemon/services/api/handlers/auth.go:252.65,255.3 2 0
github.com/domalab/uma/daemon/services/api/handlers/auth.go:258.2,258.55 1 0
github.com/domalab/uma/daemon/services/api/handlers/auth.go:258.55,261.3 2 0
github.com/domalab/uma/daemon/services/api/handlers/auth.go:265.2,270.45 2 0
github.com/domalab/uma/daemon/services/api/handlers/docker.go:21.62,23.2 1 1
github.com/domalab/uma/daemon/services/api/handlers/docker.go:26.88,27.32 1 1
github.com/domalab/uma/daemon/services/api/handlers/docker.go:27.32,30.3 2 1
github.com/domalab/uma/daemon/services/api/handlers/docker.go:32.2,33.16 2 1
github.com/domalab/uma/daemon/services/api/handlers/docker.go:33.16,36.3 2 0
github.com/domalab/uma/daemon/services/api/handlers/docker.go:38.2,38.47 1 1
github.com/domalab/uma/daemon/services/api/handlers/docker.go:42.87,47.20 3 1
github.com/domalab/uma/daemon/services/api/handlers/docker.go:47.20,50.3 2 0
github.com/domalab/uma/daemon/services/api/handlers/docker.go:52.2,55.23 3 1
github.com/domalab/uma/daemon/services/api/handlers/docker.go:55.23,58.3 2 0
github.com/domalab/uma/daemon/services/api/handlers/docker.go:60.2,60.18 1 1
github.com/domalab/uma/daemon/services/api/handlers/docker.go:61.22,62.53 1 1
github.com/domalab/uma/daemon/services/api/handlers/docker.go:63.23,64.56 1 1
github.com/domalab/uma/daemon/services/api/handlers/docker.go:65.10,66.73 1 1
github.com/domalab/uma/daemon/services/api/handlers/docker.go:71.84,72.32 1 1
github.com/domalab/uma/daemon/services/api/handlers/docker.go:72.32,75.3 2 1
github.com/domalab/uma/daemon/services/api/handlers/docker.go:77.2,78.16 2 1
github.com/domalab/uma/daemon/services/api/handlers/docker.go:78.16,81.3 2 0
github.com/domalab/uma/daemon/services/api/handlers/docker.go:83.2,83.43 1 1
github.com/domalab/uma/daemon/services/api/handlers/docker.go:87.86,88.32 1 1
github.com/domalab/uma/daemon/services/api/handlers/docker.go:88.32,91.3 2 0
github.com/domalab/uma/daemon/services/api/handlers/docker.go:93.2,94.16 2 1
github.com/domalab/uma/daemon/services/api/handlers/docker.go:94.16,97.3 2 0
github.com/domalab/uma/daemon/services/api/handlers/docker.go:99.2,99.45 1 1
github.com/domalab/uma/daemon/services/api/handlers/docker.go:103.82,104.32 1 1
github.com/domalab/uma/daemon/services/api/handlers/docker.go:104.32,107.3 2 0
github.com/domalab/uma/daemon/services/api/handlers/docker.go:109.2,110.16 2 1
github.com/domalab/uma/daemon/services/api/handlers/docker.go:110.16,113.3 2 0
github.com/domalab/uma/daemon/services/api/handlers/docker.go:115.2,115.41 1 1
github.com/domalab/uma/daemon/services/api/handlers/docker.go:119.87,120.33 1 1
github.com/domalab/uma/daemon/services/api/handlers/docker.go:120.33,123.3 2 1
github.com/domalab/uma/daemon/services/api/handlers/docker.go:125.2,126.65 2 1
github.com/domalab/uma/daemon/services/api/handlers/docker.go:126.65,129.3 2 1
github.com/domalab/uma/daemon/services/api/handlers/docker.go:131.2,131.36 1 1
github.com/domalab/uma/daemon/services/api/handlers/docker.go:131.36,134.3 2 1
github.com/domalab/uma/daemon/services/api/handlers/docker.go:136.2,137.61 2 1
github.com/domalab/uma/daemon/services/api/handlers/docker.go:141.86,142.33 1 0
github.com/domalab/uma/daemon/services/api/handlers/docker.go:142.33,145.3 2 0
github.com/domalab/uma/daemon/services/api/handlers/docker.go:147.2,148.65 2 0
github.com/domalab/uma/daemon/services/api/handlers/docker.go:148.65,151.3 2 0
github.com/domalab/uma/daemon/services/api/handlers/docker.go:153.2,153.36 1 0
github.com/domalab/uma/daemon/services/api/handlers/docker.go:153.36,156.3 2 0
github.com/domalab/uma/daemon/services/api/handlers/docker.go:158.2,159.61 2 0
github.com/domalab/uma/daemon/services/api/handlers/docker.go:163.89,164.33 1 0
github.com/domalab/uma/daemon/services/api/handlers/docker.go:164.33,167.3 2 0
github.com/domalab/uma/daemon/services/api/handlers/docker.go:169.2,170.65 2 0
github.com/domalab/uma/daemon/services/api/handlers/docker.go:170.65,173.3 2 0
github.com/domalab/uma/daemon/services/api/handlers/docker.go:175.2,175.36 1 0
github.com/domalab/uma/daemon/services/api/handlers/docker.go:175.36,178.3 2 0
github.com/domalab/uma/daemon/services/api/handlers/docker.go:180.2,181.61 2 0
github.com/domalab/uma/daemon/services/api/handlers/docker.go:187.115,188.19 1 1
github.com/domalab/uma/daemon/services/api/handlers/docker.go:189.18,191.17 2 1
github.com/domalab/uma/daemon/services/api/handlers/docker.go:191.17,194.4 2 0
github.com/domalab/uma/daemon/services/api/handlers/docker.go:195.3,195.47 1 1
github.com/domalab/uma/daemon/services/api/handlers/docker.go:197.14,204.42 2 0
github.com/domalab/uma/daemon/services/api/handlers/docker.go:206.15,214.43 2 0
github.com/domalab/uma/daemon/services/api/handlers/docker.go:216.10,217.66 1 0
github.com/domalab/uma/daemon/services/api/handlers/docker.go:222.118,225.19 2 1
github.com/domalab/uma/daemon/services/api/handlers/docker.go:226.15,227.54 1 1
github.com/domalab/uma/daemon/services/api/handlers/docker.go:228.14,229.53 1 1
github.com/domalab/uma/daemon/services/api/handlers/docker.go:230.17,231.56 1 1
github.com/domalab/uma/daemon/services/api/handlers/docker.go:232.10,234.9 2 1
github.com/domalab/uma/daemon/services/api/handlers/docker.go:237.2,237.16 1 1
github.com/domalab/uma/daemon/services/api/handlers/docker.go:237.16,240.3 2 0
github.com/domalab/uma/daemon/services/api/handlers/docker.go:242.2,248.45 2 1
github.com/domalab/uma/daemon/services/api/handlers/docker.go:252.125,255.43 2 1
github.com/domalab/uma/daemon/services/api/handlers/docker.go:255.43,258.17 2 1
github.com/domalab/uma/daemon/services/api/handlers/docker.go:259.16,260.55 1 1
github.com/domalab/uma/daemon/services/api/handlers/docker.go:261.15,262.54 1 0
github.com/domalab/uma/daemon/services/api/handlers/docker.go:263.18,264.57 1 0
github.com/domalab/uma/daemon/services/api/handlers/docker.go:265.11,266.50 1 0
github.com/domalab/uma/daemon/services/api/handlers/docker.go:269.3,269.17 1 1
github.com/domalab/uma/daemon/services/api/handlers/docker.go:269.17,275.4 1 0
github.com/domalab/uma/daemon/services/api/handlers/docker.go:275.9,281.4 1 1
github.com/domalab/uma/daemon/services/api/handlers/docker.go:284.2,284.16 1 1
github.com/domalab/uma/daemon/services/api/handlers/docs.go:17.59,22.2 1 0
github.com/domalab/uma/daemon/services/api/handlers/docs.go:25.80,26.32 1 0
github.com/domalab/uma/daemon/services/api/handlers/docs.go:26.32,29.3 2 0
github.com/domalab/uma/daemon/services/api/handlers/docs.go:32.2,35.23 4 0
github.com/domalab/uma/daemon/services/api/handlers/docs.go:39.78,40.32 1 0
github.com/domalab/uma/daemon/services/api/handlers/docs.go:40.32,43.3 2 0
github.com/domalab/uma/daemon/services/api/handlers/docs.go:45.2,46.41 2 0
github.com/domalab/uma/daemon/services/api/handlers/docs.go:50.52,95.2 1 0
github.com/domalab/uma/daemon/services/api/handlers/docs.go:98.68,131.2 1 0
github.com/domalab/uma/daemon/services/api/handlers/docs.go:134.62,254.2 1 0
github.com/domalab/uma/daemon/services/api/handlers/docs.go:257.64,325.2 1 0
github.com/domalab/uma/daemon/services/api/handlers/docs.go:328.72,337.2 1 0
github.com/domalab/uma/daemon/services/api/handlers/health.go:20.78,26.2 1 1
github.com/domalab/uma/daemon/services/api/handlers/health.go:29.78,30.32 1 1
github.com/domalab/uma/daemon/services/api/handlers/health.go:30.32,33.3 2 1
github.com/domalab/uma/daemon/services/api/handlers/health.go:36.2,45.68 5 1
github.com/domalab/uma/daemon/services/api/handlers/health.go:49.82,50.32 1 1
github.com/domalab/uma/daemon/services/api/handlers/health.go:50.32,53.3 2 1
github.com/domalab/uma/daemon/services/api/handlers/health.go:56.2,61.45 2 1
github.com/domalab/uma/daemon/services/api/handlers/health.go:65.83,66.32 1 1
github.com/domalab/uma/daemon/services/api/handlers/health.go:66.32,69.3 2 1
github.com/domalab/uma/daemon/services/api/handlers/health.go:72.2,76.12 4 1
github.com/domalab/uma/daemon/services/api/handlers/health.go:76.12,78.3 1 0
github.com/domalab/uma/daemon/services/api/handlers/health.go:80.2,86.38 2 1
github.com/domalab/uma/daemon/services/api/handlers/health.go:90.80,106.2 6 1
github.com/domalab/uma/daemon/services/api/handlers/health.go:109.83,122.2 5 1
github.com/domalab/uma/daemon/services/api/handlers/health.go:126.67,133.16 4 1
github.com/domalab/uma/daemon/services/api/handlers/health.go:133.16,140.3 1 0
github.com/domalab/uma/daemon/services/api/handlers/health.go:142.2,147.3 1 1
github.com/domalab/uma/daemon/services/api/handlers/health.go:150.68,157.16 4 1
github.com/domalab/uma/daemon/services/api/handlers/health.go:157.16,164.3 1 0
github.com/domalab/uma/daemon/services/api/handlers/health.go:166.2,171.3 1 1
github.com/domalab/uma/daemon/services/api/handlers/health.go:174.67,181.16 4 1
github.com/domalab/uma/daemon/services/api/handlers/health.go:181.16,188.3 1 0
github.com/domalab/uma/daemon/services/api/handlers/health.go:190.2,195.3 1 1
github.com/domalab/uma/daemon/services/api/handlers/health.go:198.65,202.34 3 1
github.com/domalab/uma/daemon/services/api/handlers/health.go:202.34,209.3 1 1
github.com/domalab/uma/daemon/services/api/handlers/health.go:212.2,213.16 2 0
github.com/domalab/uma/daemon/services/api/handlers/health.go:213.16,220.3 1 0
github.com/domalab/uma/daemon/services/api/handlers/health.go:222.2,227.3 1 0
github.com/domalab/uma/daemon/services/api/handlers/health.go:232.73,234.2 1 1
github.com/domalab/uma/daemon/services/api/handlers/health.go:236.74,238.2 1 1
github.com/domalab/uma/daemon/services/api/handlers/health.go:240.73,242.2 1 1
github.com/domalab/uma/daemon/services/api/handlers/health.go:246.96,250.31 3 1
github.com/domalab/uma/daemon/services/api/handlers/health.go:250.31,251.23 1 1
github.com/domalab/uma/daemon/services/api/handlers/health.go:252.15,253.22 1 0
github.com/domalab/uma/daemon/services/api/handlers/health.go:254.15,255.22 1 0
github.com/domalab/uma/daemon/services/api/handlers/health.go:259.2,259.17 1 1
github.com/domalab/uma/daemon/services/api/handlers/health.go:259.17,261.3 1 0
github.com/domalab/uma/daemon/services/api/handlers/health.go:262.2,262.17 1 1
github.com/domalab/uma/daemon/services/api/handlers/health.go:262.17,264.3 1 0
github.com/domalab/uma/daemon/services/api/handlers/health.go:265.2,265.18 1 1
github.com/domalab/uma/daemon/services/api/handlers/health.go:268.85,269.31 1 1
github.com/domalab/uma/daemon/services/api/handlers/health.go:269.31,270.29 1 1
github.com/domalab/uma/daemon/services/api/handlers/health.go:270.29,272.4 1 0
github.com/domalab/uma/daemon/services/api/handlers/health.go:274.2,274.13 1 1
github.com/domalab/uma/daemon/services/api/handlers/health.go:277.45,283.14 5 1
github.com/domalab/uma/daemon/services/api/handlers/health.go:283.14,285.3 1 0
github.com/domalab/uma/daemon/services/api/handlers/health.go:286.2,286.15 1 1
github.com/domalab/uma/daemon/services/api/handlers/health.go:286.15,288.3 1 0
github.com/domalab/uma/daemon/services/api/handlers/health.go:289.2,289.17 1 1
github.com/domalab/uma/daemon/services/api/handlers/health.go:289.17,291.3 1 0
github.com/domalab/uma/daemon/services/api/handlers/health.go:292.2,292.36 1 1
github.com/domalab/uma/daemon/services/api/handlers/storage.go:20.64,22.2 1 1
github.com/domalab/uma/daemon/services/api/handlers/storage.go:25.85,26.32 1 1
github.com/domalab/uma/daemon/services/api/handlers/storage.go:26.32,29.3 2 1
github.com/domalab/uma/daemon/services/api/handlers/storage.go:31.2,32.16 2 1
github.com/domalab/uma/daemon/services/api/handlers/storage.go:32.16,35.3 2 0
github.com/domalab/uma/daemon/services/api/handlers/storage.go:37.2,37.46 1 1
github.com/domalab/uma/daemon/services/api/handlers/storage.go:41.85,42.32 1 1
github.com/domalab/uma/daemon/services/api/handlers/storage.go:42.32,45.3 2 1
github.com/domalab/uma/daemon/services/api/handlers/storage.go:47.2,48.16 2 1
github.com/domalab/uma/daemon/services/api/handlers/storage.go:48.16,51.3 2 0
github.com/domalab/uma/daemon/services/api/handlers/storage.go:53.2,53.42 1 1
github.com/domalab/uma/daemon/services/api/handlers/storage.go:57.83,58.32 1 1
github.com/domalab/uma/daemon/services/api/handlers/storage.go:58.32,61.3 2 1
github.com/domalab/uma/daemon/services/api/handlers/storage.go:63.2,64.16 2 1
github.com/domalab/uma/daemon/services/api/handlers/storage.go:64.16,67.3 2 0
github.com/domalab/uma/daemon/services/api/handlers/storage.go:69.2,69.45 1 1
github.com/domalab/uma/daemon/services/api/handlers/storage.go:73.85,74.32 1 1
github.com/domalab/uma/daemon/services/api/handlers/storage.go:74.32,77.3 2 0
github.com/domalab/uma/daemon/services/api/handlers/storage.go:79.2,80.16 2 1
github.com/domalab/uma/daemon/services/api/handlers/storage.go:80.16,83.3 2 0
github.com/domalab/uma/daemon/services/api/handlers/storage.go:85.2,85.46 1 1
github.com/domalab/uma/daemon/services/api/handlers/storage.go:89.84,90.32 1 1
github.com/domalab/uma/daemon/services/api/handlers/storage.go:90.32,93.3 2 0
github.com/domalab/uma/daemon/services/api/handlers/storage.go:95.2,96.45 2 1
github.com/domalab/uma/daemon/services/api/handlers/storage.go:100.87,101.32 1 1
github.com/domalab/uma/daemon/services/api/handlers/storage.go:101.32,104.3 2 0
github.com/domalab/uma/daemon/services/api/handlers/storage.go:106.2,107.48 2 1
github.com/domalab/uma/daemon/services/api/handlers/storage.go:111.83,112.33 1 1
github.com/domalab/uma/daemon/services/api/handlers/storage.go:112.33,115.3 2 1
github.com/domalab/uma/daemon/services/api/handlers/storage.go:117.2,118.65 2 1
github.com/domalab/uma/daemon/services/api/handlers/storage.go:118.65,121.3 2 1
github.com/domalab/uma/daemon/services/api/handlers/storage.go:123.2,124.16 2 1
github.com/domalab/uma/daemon/services/api/handlers/storage.go:124.16,131.3 3 0
github.com/domalab/uma/daemon/services/api/handlers/storage.go:133.2,138.45 2 1
github.com/domalab/uma/daemon/services/api/handlers/storage.go:142.82,143.33 1 1
github.com/domalab/uma/daemon/services/api/handlers/storage.go:143.33,146.3 2 1
github.com/domalab/uma/daemon/services/api/handlers/storage.go:148.2,149.65 2 1
github.com/domalab/uma/daemon/services/api/handlers/storage.go:149.65,152.3 2 1
github.com/domalab/uma/daemon/services/api/handlers/storage.go:154.2,155.16 2 1
github.com/domalab/uma/daemon/services/api/handlers/storage.go:155.16,162.3 3 0
github.com/domalab/uma/daemon/services/api/handlers/storage.go:164.2,169.45 2 1
github.com/domalab/uma/daemon/services/api/handlers/storage.go:173.84,174.18 1 1
github.com/domalab/uma/daemon/services/api/handlers/storage.go:175.22,178.44 2 1
github.com/domalab/uma/daemon/services/api/handlers/storage.go:180.23,183.66 2 1
github.com/domalab/uma/daemon/services/api/handlers/storage.go:183.66,186.4 2 1
github.com/domalab/uma/daemon/services/api/handlers/storage.go:188.3,189.17 2 1
github.com/domalab/uma/daemon/services/api/handlers/storage.go:189.17,192.4 2 0
github.com/domalab/uma/daemon/services/api/handlers/storage.go:194.3,199.46 2 1
github.com/domalab/uma/daemon/services/api/handlers/storage.go:201.10,202.73 1 1
github.com/domalab/uma/daemon/services/api/handlers/storage.go:207.83,208.32 1 0
github.com/domalab/uma/daemon/services/api/handlers/storage.go:208.32,211.3 2 0
github.com/domalab/uma/daemon/services/api/handlers/storage.go:213.2,214.51 2 0
github.com/domalab/uma/daemon/services/api/handlers/storage.go:220.64,222.2 1 1
github.com/domalab/uma/daemon/services/api/handlers/storage.go:225.73,232.2 1 1
github.com/domalab/uma/daemon/services/api/handlers/storage.go:235.75,244.2 1 1
github.com/domalab/uma/daemon/services/api/handlers/storage.go:247.71,251.35 2 1
github.com/domalab/uma/daemon/services/api/handlers/storage.go:251.35,252.50 1 1
github.com/domalab/uma/daemon/services/api/handlers/storage.go:252.50,254.4 1 1
github.com/domalab/uma/daemon/services/api/handlers/storage.go:257.2,261.3 1 0
github.com/domalab/uma/daemon/services/api/handlers/storage.go:265.73,267.2 1 1
github.com/domalab/uma/daemon/services/api/handlers/storage.go:270.77,281.2 1 1
github.com/domalab/uma/daemon/services/api/handlers/storage.go:284.86,288.2 1 1
github.com/domalab/uma/daemon/services/api/handlers/storage.go:291.69,301.2 1 0
github.com/domalab/uma/daemon/services/api/handlers/system.go:21.62,23.2 1 1
github.com/domalab/uma/daemon/services/api/handlers/system.go:26.82,27.32 1 1
github.com/domalab/uma/daemon/services/api/handlers/system.go:27.32,30.3 2 1
github.com/domalab/uma/daemon/services/api/handlers/system.go:32.2,33.41 2 1
github.com/domalab/uma/daemon/services/api/handlers/system.go:37.81,38.32 1 1
github.com/domalab/uma/daemon/services/api/handlers/system.go:38.32,41.3 2 0
github.com/domalab/uma/daemon/services/api/handlers/system.go:43.2,44.20 2 1
github.com/domalab/uma/daemon/services/api/handlers/system.go:44.20,47.3 2 0
github.com/domalab/uma/daemon/services/api/handlers/system.go:49.2,49.44 1 1
github.com/domalab/uma/daemon/services/api/handlers/system.go:53.84,54.32 1 1
github.com/domalab/uma/daemon/services/api/handlers/system.go:54.32,57.3 2 0
github.com/domalab/uma/daemon/services/api/handlers/system.go:59.2,60.23 2 1
github.com/domalab/uma/daemon/services/api/handlers/system.go:60.23,63.3 2 0
github.com/domalab/uma/daemon/services/api/handlers/system.go:65.2,65.47 1 1
github.com/domalab/uma/daemon/services/api/handlers/system.go:69.89,70.32 1 0
github.com/domalab/uma/daemon/services/api/handlers/system.go:70.32,73.3 2 0
github.com/domalab/uma/daemon/services/api/handlers/system.go:75.2,76.21 2 0
github.com/domalab/uma/daemon/services/api/handlers/system.go:76.21,79.3 2 0
github.com/domalab/uma/daemon/services/api/handlers/system.go:81.2,81.45 1 0
github.com/domalab/uma/daemon/services/api/handlers/system.go:85.85,86.32 1 0
github.com/domalab/uma/daemon/services/api/handlers/system.go:86.32,89.3 2 0
github.com/domalab/uma/daemon/services/api/handlers/system.go:91.2,92.24 2 0
github.com/domalab/uma/daemon/services/api/handlers/system.go:92.24,95.3 2 0
github.com/domalab/uma/daemon/services/api/handlers/system.go:97.2,97.48 1 0
github.com/domalab/uma/daemon/services/api/handlers/system.go:101.81,102.32 1 0
github.com/domalab/uma/daemon/services/api/handlers/system.go:102.32,105.3 2 0
github.com/domalab/uma/daemon/services/api/handlers/system.go:107.2,108.44 2 0
github.com/domalab/uma/daemon/services/api/handlers/system.go:112.81,113.32 1 0
github.com/domalab/uma/daemon/services/api/handlers/system.go:113.32,116.3 2 0
github.com/domalab/uma/daemon/services/api/handlers/system.go:118.2,119.20 2 0
github.com/domalab/uma/daemon/services/api/handlers/system.go:119.20,122.3 2 0
github.com/domalab/uma/daemon/services/api/handlers/system.go:124.2,124.44 1 0
github.com/domalab/uma/daemon/services/api/handlers/system.go:128.82,129.32 1 0
github.com/domalab/uma/daemon/services/api/handlers/system.go:129.32,132.3 2 0
github.com/domalab/uma/daemon/services/api/handlers/system.go:134.2,138.16 3 0
github.com/domalab/uma/daemon/services/api/handlers/system.go:138.16,141.3 2 0
github.com/domalab/uma/daemon/services/api/handlers/system.go:144.2,145.62 2 0
github.com/domalab/uma/daemon/services/api/handlers/system.go:145.62,147.3 1 0
github.com/domalab/uma/daemon/services/api/handlers/system.go:147.8,149.3 1 0
github.com/domalab/uma/daemon/services/api/handlers/system.go:151.2,156.45 2 0
github.com/domalab/uma/daemon/services/api/handlers/system.go:160.87,161.32 1 0
github.com/domalab/uma/daemon/services/api/handlers/system.go:161.32,164.3 2 0
github.com/domalab/uma/daemon/services/api/handlers/system.go:166.2,169.64 2 0
github.com/domalab/uma/daemon/services/api/handlers/system.go:169.64,171.3 1 0
github.com/domalab/uma/daemon/services/api/handlers/system.go:174.2,174.67 1 0
github.com/domalab/uma/daemon/services/api/handlers/system.go:174.67,176.3 1 0
github.com/domalab/uma/daemon/services/api/handlers/system.go:179.2,179.66 1 0
github.com/domalab/uma/daemon/services/api/handlers/system.go:179.66,181.3 1 0
github.com/domalab/uma/daemon/services/api/handlers/system.go:184.2,184.70 1 0
github.com/domalab/uma/daemon/services/api/handlers/system.go:184.70,186.3 1 0
github.com/domalab/uma/daemon/services/api/handlers/system.go:189.2,189.72 1 0
github.com/domalab/uma/daemon/services/api/handlers/system.go:189.72,191.3 1 0
github.com/domalab/uma/daemon/services/api/handlers/system.go:193.2,193.46 1 0
github.com/domalab/uma/daemon/services/api/handlers/system.go:197.89,198.32 1 0
github.com/domalab/uma/daemon/services/api/handlers/system.go:198.32,201.3 2 0
github.com/domalab/uma/daemon/services/api/handlers/system.go:203.2,204.43 2 0
github.com/domalab/uma/daemon/services/api/handlers/system.go:208.85,209.33 1 1
github.com/domalab/uma/daemon/services/api/handlers/system.go:209.33,212.3 2 1
github.com/domalab/uma/daemon/services/api/handlers/system.go:215.2,216.65 2 1
github.com/domalab/uma/daemon/services/api/handlers/system.go:216.65,219.3 2 1
github.com/domalab/uma/daemon/services/api/handlers/system.go:222.2,222.46 1 1
github.com/domalab/uma/daemon/services/api/handlers/system.go:222.46,225.3 2 1
github.com/domalab/uma/daemon/services/api/handlers/system.go:228.2,228.26 1 1
github.com/domalab/uma/daemon/services/api/handlers/system.go:228.26,230.3 1 0
github.com/domalab/uma/daemon/services/api/handlers/system.go:233.2,233.27 1 1
github.com/domalab/uma/daemon/services/api/handlers/system.go:233.27,235.3 1 0
github.com/domalab/uma/daemon/services/api/handlers/system.go:238.2,238.45 1 1
github.com/domalab/uma/daemon/services/api/handlers/system.go:238.45,241.3 2 0
github.com/domalab/uma/daemon/services/api/handlers/system.go:244.2,245.45 2 1
github.com/domalab/uma/daemon/services/api/handlers/system.go:251.61,261.2 1 1
github.com/domalab/uma/daemon/services/api/handlers/system.go:264.64,275.2 1 1
github.com/domalab/uma/daemon/services/api/handlers/system.go:278.69,285.2 1 0
github.com/domalab/uma/daemon/services/api/handlers/system.go:288.65,295.2 1 0
github.com/domalab/uma/daemon/services/api/handlers/system.go:298.61,308.2 1 0
github.com/domalab/uma/daemon/services/api/handlers/system.go:311.66,321.2 1 0
github.com/domalab/uma/daemon/services/api/handlers/system.go:324.68,331.2 1 0
github.com/domalab/uma/daemon/services/api/handlers/system.go:334.85,335.18 1 1
github.com/domalab/uma/daemon/services/api/handlers/system.go:336.22,339.17 2 1
github.com/domalab/uma/daemon/services/api/handlers/system.go:339.17,342.4 2 0
github.com/domalab/uma/daemon/services/api/handlers/system.go:344.3,345.46 2 1
github.com/domalab/uma/daemon/services/api/handlers/system.go:347.23,350.23 2 0
github.com/domalab/uma/daemon/services/api/handlers/system.go:350.23,353.4 2 0
github.com/domalab/uma/daemon/services/api/handlers/system.go:355.3,356.62 2 0
github.com/domalab/uma/daemon/services/api/handlers/system.go:356.62,359.4 2 0
github.com/domalab/uma/daemon/services/api/handlers/system.go:361.3,362.17 2 0
github.com/domalab/uma/daemon/services/api/handlers/system.go:362.17,365.4 2 0
github.com/domalab/uma/daemon/services/api/handlers/system.go:367.3,367.46 1 0
github.com/domalab/uma/daemon/services/api/handlers/system.go:369.10,370.73 1 0
github.com/domalab/uma/daemon/services/api/handlers/system.go:375.67,377.2 1 1
github.com/domalab/uma/daemon/services/api/handlers/system.go:380.113,393.2 2 1
github.com/domalab/uma/daemon/services/api/handlers/system.go:396.65,407.2 1 1
github.com/domalab/uma/daemon/services/api/handlers/system.go:410.122,421.2 1 0
github.com/domalab/uma/daemon/services/api/handlers/system.go:424.84,425.33 1 1
github.com/domalab/uma/daemon/services/api/handlers/system.go:425.33,428.3 2 1
github.com/domalab/uma/daemon/services/api/handlers/system.go:430.2,431.61 2 1
github.com/domalab/uma/daemon/services/api/handlers/system.go:431.61,438.3 1 0
github.com/domalab/uma/daemon/services/api/handlers/system.go:441.2,442.53 2 1
github.com/domalab/uma/daemon/services/api/handlers/system.go:442.53,444.3 1 1
github.com/domalab/uma/daemon/services/api/handlers/system.go:445.2,445.44 1 1
github.com/domalab/uma/daemon/services/api/handlers/system.go:445.44,448.3 2 1
github.com/domalab/uma/daemon/services/api/handlers/system.go:450.2,451.57 2 1
github.com/domalab/uma/daemon/services/api/handlers/system.go:451.57,453.3 1 1
github.com/domalab/uma/daemon/services/api/handlers/system.go:455.2,456.38 2 1
github.com/domalab/uma/daemon/services/api/handlers/system.go:456.38,458.3 1 1
github.com/domalab/uma/daemon/services/api/handlers/system.go:460.2,461.16 2 1
github.com/domalab/uma/daemon/services/api/handlers/system.go:461.16,464.3 2 0
github.com/domalab/uma/daemon/services/api/handlers/system.go:466.2,473.45 2 1
github.com/domalab/uma/daemon/services/api/handlers/system.go:477.86,478.33 1 0
github.com/domalab/uma/daemon/services/api/handlers/system.go:478.33,481.3 2 0
github.com/domalab/uma/daemon/services/api/handlers/system.go:483.2,484.61 2 0
github.com/domalab/uma/daemon/services/api/handlers/system.go:484.61,491.3 1 0
github.com/domalab/uma/daemon/services/api/handlers/system.go:494.2,495.53 2 0
github.com/domalab/uma/daemon/services/api/handlers/system.go:495.53,497.3 1 0
github.com/domalab/uma/daemon/services/api/handlers/system.go:498.2,498.44 1 0
github.com/domalab/uma/daemon/services/api/handlers/system.go:498.44,501.3 2 0
github.com/domalab/uma/daemon/services/api/handlers/system.go:503.2,504.57 2 0
github.com/domalab/uma/daemon/services/api/handlers/system.go:504.57,506.3 1 0
github.com/domalab/uma/daemon/services/api/handlers/system.go:508.2,509.38 2 0
github.com/domalab/uma/daemon/services/api/handlers/system.go:509.38,511.3 1 0
github.com/domalab/uma/daemon/services/api/handlers/system.go:513.2,514.16 2 0
github.com/domalab/uma/daemon/services/api/handlers/system.go:514.16,517.3 2 0
github.com/domalab/uma/daemon/services/api/handlers/system.go:519.2,526.45 2 0
github.com/domalab/uma/daemon/services/api/handlers/system.go:530.97,535.2 1 1
github.com/domalab/uma/daemon/services/api/handlers/system.go:538.99,543.2 1 0
github.com/domalab/uma/daemon/services/api/handlers/system.go:546.82,547.32 1 1
github.com/domalab/uma/daemon/services/api/handlers/system.go:547.32,550.3 2 0
github.com/domalab/uma/daemon/services/api/handlers/system.go:553.2,554.19 2 1
github.com/domalab/uma/daemon/services/api/handlers/system.go:554.19,556.3 1 0
github.com/domalab/uma/daemon/services/api/handlers/system.go:559.2,566.64 4 1
github.com/domalab/uma/daemon/services/api/handlers/system.go:566.64,569.3 1 1
github.com/domalab/uma/daemon/services/api/handlers/system.go:570.2,570.61 1 1
github.com/domalab/uma/daemon/services/api/handlers/system.go:570.61,573.3 1 0
github.com/domalab/uma/daemon/services/api/handlers/system.go:575.2,581.22 5 1
github.com/domalab/uma/daemon/services/api/handlers/system.go:581.22,584.3 1 0
github.com/domalab/uma/daemon/services/api/handlers/system.go:584.8,587.3 1 1
github.com/domalab/uma/daemon/services/api/handlers/system.go:589.2,589.16 1 1
github.com/domalab/uma/daemon/services/api/handlers/system.go:589.16,592.3 2 0
github.com/domalab/uma/daemon/services/api/handlers/system.go:594.2,600.22 2 1
github.com/domalab/uma/daemon/services/api/handlers/system.go:600.22,602.3 1 0
github.com/domalab/uma/daemon/services/api/handlers/system.go:603.2,603.22 1 1
github.com/domalab/uma/daemon/services/api/handlers/system.go:603.22,605.3 1 0
github.com/domalab/uma/daemon/services/api/handlers/system.go:607.2,607.45 1 1
github.com/domalab/uma/daemon/services/api/handlers/system.go:611.111,619.2 1 1
github.com/domalab/uma/daemon/services/api/handlers/system.go:622.114,629.2 1 0
github.com/domalab/uma/daemon/services/api/handlers/system.go:632.85,633.32 1 0
github.com/domalab/uma/daemon/services/api/handlers/system.go:633.32,636.3 2 0
github.com/domalab/uma/daemon/services/api/handlers/system.go:639.2,640.21 2 0
github.com/domalab/uma/daemon/services/api/handlers/system.go:640.21,642.3 1 0
github.com/domalab/uma/daemon/services/api/handlers/system.go:644.2,649.47 4 0
github.com/domalab/uma/daemon/services/api/handlers/system.go:649.47,652.3 2 0
github.com/domalab/uma/daemon/services/api/handlers/system.go:654.2,655.16 2 0
github.com/domalab/uma/daemon/services/api/handlers/system.go:655.16,658.3 2 0
github.com/domalab/uma/daemon/services/api/handlers/system.go:660.2,667.4 1 0
github.com/domalab/uma/daemon/services/api/handlers/system.go:671.129,690.2 1 0
github.com/domalab/uma/daemon/services/api/handlers/test_utils.go:11.50,16.2 1 1
github.com/domalab/uma/daemon/services/api/handlers/test_utils.go:19.62,21.2 1 1
github.com/domalab/uma/daemon/services/api/handlers/test_utils.go:24.64,26.2 1 1
github.com/domalab/uma/daemon/services/api/handlers/test_utils.go:29.62,31.2 1 1
github.com/domalab/uma/daemon/services/api/handlers/test_utils.go:34.54,36.2 1 1
github.com/domalab/uma/daemon/services/api/handlers/test_utils.go:39.58,41.2 1 1
github.com/domalab/uma/daemon/services/api/handlers/test_utils.go:46.65,48.2 1 1
github.com/domalab/uma/daemon/services/api/handlers/test_utils.go:50.68,52.2 1 0
github.com/domalab/uma/daemon/services/api/handlers/test_utils.go:54.66,56.2 1 0
github.com/domalab/uma/daemon/services/api/handlers/test_utils.go:58.68,60.2 1 0
github.com/domalab/uma/daemon/services/api/handlers/test_utils.go:62.69,64.2 1 0
github.com/domalab/uma/daemon/services/api/handlers/test_utils.go:66.81,68.2 1 0
github.com/domalab/uma/daemon/services/api/handlers/test_utils.go:73.68,75.2 1 1
github.com/domalab/uma/daemon/services/api/handlers/test_utils.go:77.64,79.2 1 1
github.com/domalab/uma/daemon/services/api/handlers/test_utils.go:81.67,83.2 1 1
github.com/domalab/uma/daemon/services/api/handlers/test_utils.go:85.68,87.2 1 1
github.com/domalab/uma/daemon/services/api/handlers/test_utils.go:89.70,91.2 1 1
github.com/domalab/uma/daemon/services/api/handlers/test_utils.go:93.69,95.2 1 1
github.com/domalab/uma/daemon/services/api/handlers/test_utils.go:100.68,102.2 1 1
github.com/domalab/uma/daemon/services/api/handlers/test_utils.go:104.76,106.2 1 1
github.com/domalab/uma/daemon/services/api/handlers/test_utils.go:108.63,110.2 1 1
github.com/domalab/uma/daemon/services/api/handlers/test_utils.go:112.62,114.2 1 1
github.com/domalab/uma/daemon/services/api/handlers/test_utils.go:116.65,118.2 1 1
github.com/domalab/uma/daemon/services/api/handlers/test_utils.go:120.64,122.2 1 1
github.com/domalab/uma/daemon/services/api/handlers/test_utils.go:124.66,126.2 1 1
github.com/domalab/uma/daemon/services/api/handlers/test_utils.go:128.68,130.2 1 1
github.com/domalab/uma/daemon/services/api/handlers/test_utils.go:135.57,137.2 1 1
github.com/domalab/uma/daemon/services/api/handlers/test_utils.go:139.67,141.2 1 1
github.com/domalab/uma/daemon/services/api/handlers/test_utils.go:143.54,145.2 1 1
github.com/domalab/uma/daemon/services/api/handlers/test_utils.go:147.53,149.2 1 1
github.com/domalab/uma/daemon/services/api/handlers/test_utils.go:151.56,153.2 1 1
github.com/domalab/uma/daemon/services/api/handlers/test_utils.go:155.72,157.2 1 1
github.com/domalab/uma/daemon/services/api/handlers/test_utils.go:159.74,161.2 1 1
github.com/domalab/uma/daemon/services/api/handlers/test_utils.go:163.77,165.2 1 0
github.com/domalab/uma/daemon/services/api/handlers/test_utils.go:170.83,172.2 1 0
github.com/domalab/uma/daemon/services/api/handlers/test_utils.go:174.61,176.2 1 0
github.com/domalab/uma/daemon/services/api/handlers/test_utils.go:178.61,180.2 1 0
github.com/domalab/uma/daemon/services/api/handlers/test_utils.go:182.46,184.2 1 1
github.com/domalab/uma/daemon/services/api/handlers/vm.go:21.54,23.2 1 1
github.com/domalab/uma/daemon/services/api/handlers/vm.go:26.74,27.32 1 1
github.com/domalab/uma/daemon/services/api/handlers/vm.go:27.32,30.3 2 1
github.com/domalab/uma/daemon/services/api/handlers/vm.go:32.2,33.16 2 1
github.com/domalab/uma/daemon/services/api/handlers/vm.go:33.16,36.3 2 0
github.com/domalab/uma/daemon/services/api/handlers/vm.go:38.2,38.40 1 1
github.com/domalab/uma/daemon/services/api/handlers/vm.go:42.70,46.39 3 1
github.com/domalab/uma/daemon/services/api/handlers/vm.go:46.39,49.3 2 1
github.com/domalab/uma/daemon/services/api/handlers/vm.go:51.2,53.20 3 1
github.com/domalab/uma/daemon/services/api/handlers/vm.go:53.20,55.3 1 1
github.com/domalab/uma/daemon/services/api/handlers/vm.go:57.2,57.18 1 1
github.com/domalab/uma/daemon/services/api/handlers/vm.go:58.22,59.38 1 1
github.com/domalab/uma/daemon/services/api/handlers/vm.go:60.23,61.41 1 1
github.com/domalab/uma/daemon/services/api/handlers/vm.go:62.22,63.33 1 1
github.com/domalab/uma/daemon/services/api/handlers/vm.go:64.25,65.33 1 1
github.com/domalab/uma/daemon/services/api/handlers/vm.go:66.10,67.73 1 1
github.com/domalab/uma/daemon/services/api/handlers/vm.go:74.96,75.16 1 1
github.com/domalab/uma/daemon/services/api/handlers/vm.go:76.15,78.17 2 1
github.com/domalab/uma/daemon/services/api/handlers/vm.go:78.17,81.4 2 0
github.com/domalab/uma/daemon/services/api/handlers/vm.go:82.3,82.43 1 1
github.com/domalab/uma/daemon/services/api/handlers/vm.go:84.17,86.17 2 1
github.com/domalab/uma/daemon/services/api/handlers/vm.go:86.17,89.4 2 0
github.com/domalab/uma/daemon/services/api/handlers/vm.go:90.3,90.80 1 1
github.com/domalab/uma/daemon/services/api/handlers/vm.go:92.10,95.17 2 1
github.com/domalab/uma/daemon/services/api/handlers/vm.go:95.17,98.4 2 0
github.com/domalab/uma/daemon/services/api/handlers/vm.go:99.3,99.40 1 1
github.com/domalab/uma/daemon/services/api/handlers/vm.go:101.10,102.63 1 0
github.com/domalab/uma/daemon/services/api/handlers/vm.go:107.99,111.16 3 1
github.com/domalab/uma/daemon/services/api/handlers/vm.go:112.15,114.38 2 1
github.com/domalab/uma/daemon/services/api/handlers/vm.go:116.14,118.38 2 1
github.com/domalab/uma/daemon/services/api/handlers/vm.go:120.17,122.40 2 1
github.com/domalab/uma/daemon/services/api/handlers/vm.go:124.15,126.37 1 1
github.com/domalab/uma/daemon/services/api/handlers/vm.go:128.16,130.38 1 1
github.com/domalab/uma/daemon/services/api/handlers/vm.go:132.15,134.36 1 1
github.com/domalab/uma/daemon/services/api/handlers/vm.go:136.19,139.16 3 0
github.com/domalab/uma/daemon/services/api/handlers/vm.go:139.16,141.4 1 0
github.com/domalab/uma/daemon/services/api/handlers/vm.go:141.9,143.4 1 0
github.com/domalab/uma/daemon/services/api/handlers/vm.go:145.10,147.9 2 1
github.com/domalab/uma/daemon/services/api/handlers/vm.go:150.2,150.16 1 1
github.com/domalab/uma/daemon/services/api/handlers/vm.go:150.16,153.3 2 0
github.com/domalab/uma/daemon/services/api/handlers/vm.go:155.2,161.45 2 1
github.com/domalab/uma/daemon/services/api/handlers/vm.go:165.91,167.65 2 1
github.com/domalab/uma/daemon/services/api/handlers/vm.go:167.65,170.3 2 0
github.com/domalab/uma/daemon/services/api/handlers/vm.go:173.2,173.55 1 1
github.com/domalab/uma/daemon/services/api/handlers/vm.go:173.55,176.3 2 0
github.com/domalab/uma/daemon/services/api/handlers/vm.go:180.2,186.45 2 1
github.com/domalab/uma/daemon/services/api/handlers/vm.go:190.91,200.2 2 1
github.com/domalab/uma/daemon/services/api/handlers/vm.go:203.76,204.33 1 1
github.com/domalab/uma/daemon/services/api/handlers/vm.go:204.33,207.3 2 1
github.com/domalab/uma/daemon/services/api/handlers/vm.go:209.2,210.65 2 1
github.com/domalab/uma/daemon/services/api/handlers/vm.go:210.65,213.3 2 1
github.com/domalab/uma/daemon/services/api/handlers/vm.go:216.2,216.64 1 1
github.com/domalab/uma/daemon/services/api/handlers/vm.go:216.64,219.3 2 0
github.com/domalab/uma/daemon/services/api/handlers/vm.go:223.2,229.50 2 1
github.com/domalab/uma/daemon/services/api/handlers/vm.go:233.93,234.18 1 1
github.com/domalab/uma/daemon/services/api/handlers/vm.go:235.22,238.47 2 1
github.com/domalab/uma/daemon/services/api/handlers/vm.go:240.23,243.66 2 1
github.com/domalab/uma/daemon/services/api/handlers/vm.go:243.66,246.4 2 1
github.com/domalab/uma/daemon/services/api/handlers/vm.go:248.3,249.17 2 1
github.com/domalab/uma/daemon/services/api/handlers/vm.go:249.17,252.4 2 0
github.com/domalab/uma/daemon/services/api/handlers/vm.go:254.3,260.51 2 1
github.com/domalab/uma/daemon/services/api/handlers/vm.go:262.10,263.73 1 1
github.com/domalab/uma/daemon/services/api/handlers/vm.go:270.78,274.2 1 1
github.com/domalab/uma/daemon/services/api/handlers/vm.go:277.95,281.2 1 1
github.com/domalab/uma/daemon/services/api/handlers/websocket.go:20.68,24.44 1 0
github.com/domalab/uma/daemon/services/api/handlers/websocket.go:24.44,27.5 1 0
github.com/domalab/uma/daemon/services/api/handlers/websocket.go:33.95,35.16 2 0
github.com/domalab/uma/daemon/services/api/handlers/websocket.go:35.16,38.3 2 0
github.com/domalab/uma/daemon/services/api/handlers/websocket.go:39.2,47.6 5 0
github.com/domalab/uma/daemon/services/api/handlers/websocket.go:47.6,48.10 1 0
github.com/domalab/uma/daemon/services/api/handlers/websocket.go:49.19,51.48 2 0
github.com/domalab/uma/daemon/services/api/handlers/websocket.go:51.48,54.5 2 0
github.com/domalab/uma/daemon/services/api/handlers/websocket.go:60.96,62.16 2 0
github.com/domalab/uma/daemon/services/api/handlers/websocket.go:62.16,65.3 2 0
github.com/domalab/uma/daemon/services/api/handlers/websocket.go:66.2,74.6 5 0
github.com/domalab/uma/daemon/services/api/handlers/websocket.go:74.6,75.10 1 0
github.com/domalab/uma/daemon/services/api/handlers/websocket.go:76.19,78.49 2 0
github.com/domalab/uma/daemon/services/api/handlers/websocket.go:78.49,81.5 2 0
github.com/domalab/uma/daemon/services/api/handlers/websocket.go:87.97,89.16 2 0
github.com/domalab/uma/daemon/services/api/handlers/websocket.go:89.16,92.3 2 0
github.com/domalab/uma/daemon/services/api/handlers/websocket.go:93.2,101.6 5 0
github.com/domalab/uma/daemon/services/api/handlers/websocket.go:101.6,102.10 1 0
github.com/domalab/uma/daemon/services/api/handlers/websocket.go:103.19,105.49 2 0
github.com/domalab/uma/daemon/services/api/handlers/websocket.go:105.49,108.5 2 0
github.com/domalab/uma/daemon/services/api/handlers/websocket.go:116.68,120.64 2 0
github.com/domalab/uma/daemon/services/api/handlers/websocket.go:120.64,122.3 1 0
github.com/domalab/uma/daemon/services/api/handlers/websocket.go:125.2,125.67 1 0
github.com/domalab/uma/daemon/services/api/handlers/websocket.go:125.67,127.3 1 0
github.com/domalab/uma/daemon/services/api/handlers/websocket.go:130.2,130.66 1 0
github.com/domalab/uma/daemon/services/api/handlers/websocket.go:130.66,132.3 1 0
github.com/domalab/uma/daemon/services/api/handlers/websocket.go:135.2,135.72 1 0
github.com/domalab/uma/daemon/services/api/handlers/websocket.go:135.72,137.3 1 0
github.com/domalab/uma/daemon/services/api/handlers/websocket.go:139.2,142.14 3 0
github.com/domalab/uma/daemon/services/api/handlers/websocket.go:146.69,150.70 2 0
github.com/domalab/uma/daemon/services/api/handlers/websocket.go:150.70,152.3 1 0
github.com/domalab/uma/daemon/services/api/handlers/websocket.go:155.2,155.64 1 0
github.com/domalab/uma/daemon/services/api/handlers/websocket.go:155.64,157.3 1 0
github.com/domalab/uma/daemon/services/api/handlers/websocket.go:159.2,162.15 3 0
github.com/domalab/uma/daemon/services/api/handlers/websocket.go:166.70,170.69 2 0
github.com/domalab/uma/daemon/services/api/handlers/websocket.go:170.69,172.3 1 0
github.com/domalab/uma/daemon/services/api/handlers/websocket.go:175.2,175.61 1 0
github.com/domalab/uma/daemon/services/api/handlers/websocket.go:175.61,177.3 1 0
github.com/domalab/uma/daemon/services/api/handlers/websocket.go:180.2,180.69 1 0
github.com/domalab/uma/daemon/services/api/handlers/websocket.go:180.69,182.3 1 0
github.com/domalab/uma/daemon/services/api/handlers/websocket.go:184.2,187.15 3 0
github.com/domalab/uma/daemon/services/api/handlers/websocket.go:191.109,193.55 2 0
github.com/domalab/uma/daemon/services/api/handlers/websocket.go:193.55,195.3 1 0
github.com/domalab/uma/daemon/services/api/handlers/websocket.go:198.2,199.9 2 0
github.com/domalab/uma/daemon/services/api/handlers/websocket.go:199.9,201.3 1 0
github.com/domalab/uma/daemon/services/api/handlers/websocket.go:203.2,203.17 1 0
github.com/domalab/uma/daemon/services/api/handlers/websocket.go:204.14,210.34 2 0
github.com/domalab/uma/daemon/services/api/handlers/websocket.go:212.19,214.45 1 0
github.com/domalab/uma/daemon/services/api/handlers/websocket.go:216.21,218.47 1 0
github.com/domalab/uma/daemon/services/api/handlers/websocket.go:220.10,221.63 1 0
github.com/domalab/uma/daemon/services/api/handlers/websocket.go:224.2,224.12 1 0
github.com/domalab/uma/daemon/services/api/handlers/websocket.go:228.107,230.9 2 0
github.com/domalab/uma/daemon/services/api/handlers/websocket.go:230.9,232.3 1 0
github.com/domalab/uma/daemon/services/api/handlers/websocket.go:234.2,241.33 2 0
github.com/domalab/uma/daemon/services/api/handlers/websocket.go:245.109,247.9 2 0
github.com/domalab/uma/daemon/services/api/handlers/websocket.go:247.9,249.3 1 0
github.com/domalab/uma/daemon/services/api/handlers/websocket.go:251.2,258.33 2 0
github.com/domalab/uma/daemon/services/api/openapi/config.go:26.30,42.2 1 1
github.com/domalab/uma/daemon/services/api/openapi/config.go:45.47,53.29 2 1
github.com/domalab/uma/daemon/services/api/openapi/config.go:53.29,58.3 1 1
github.com/domalab/uma/daemon/services/api/openapi/config.go:60.2,60.21 1 1
github.com/domalab/uma/daemon/services/api/openapi/config.go:60.21,65.3 1 0
github.com/domalab/uma/daemon/services/api/openapi/config.go:67.2,67.16 1 1
github.com/domalab/uma/daemon/services/api/openapi/config.go:71.62,74.31 2 1
github.com/domalab/uma/daemon/services/api/openapi/config.go:74.31,87.3 2 1
github.com/domalab/uma/daemon/services/api/openapi/config.go:89.2,89.16 1 1
github.com/domalab/uma/daemon/services/api/openapi/generator.go:16.46,17.19 1 1
github.com/domalab/uma/daemon/services/api/openapi/generator.go:17.19,19.3 1 1
github.com/domalab/uma/daemon/services/api/openapi/generator.go:21.2,27.3 3 1
github.com/domalab/uma/daemon/services/api/openapi/generator.go:31.45,41.2 2 1
github.com/domalab/uma/daemon/services/api/openapi/generator.go:44.60,48.55 2 1
github.com/domalab/uma/daemon/services/api/openapi/generator.go:48.55,50.3 1 1
github.com/domalab/uma/daemon/services/api/openapi/generator.go:53.2,53.55 1 1
github.com/domalab/uma/daemon/services/api/openapi/generator.go:53.55,55.3 1 1
github.com/domalab/uma/daemon/services/api/openapi/generator.go:58.2,58.36 1 1
github.com/domalab/uma/daemon/services/api/openapi/generator.go:58.36,59.57 1 1
github.com/domalab/uma/daemon/services/api/openapi/generator.go:59.57,61.4 1 1
github.com/domalab/uma/daemon/services/api/openapi/generator.go:65.2,65.36 1 1
github.com/domalab/uma/daemon/services/api/openapi/generator.go:65.36,66.52 1 1
github.com/domalab/uma/daemon/services/api/openapi/generator.go:66.52,68.4 1 1
github.com/domalab/uma/daemon/services/api/openapi/generator.go:72.2,72.38 1 1
github.com/domalab/uma/daemon/services/api/openapi/generator.go:72.38,73.54 1 1
github.com/domalab/uma/daemon/services/api/openapi/generator.go:73.54,75.4 1 1
github.com/domalab/uma/daemon/services/api/openapi/generator.go:79.2,79.34 1 1
github.com/domalab/uma/daemon/services/api/openapi/generator.go:79.34,80.59 1 1
github.com/domalab/uma/daemon/services/api/openapi/generator.go:80.59,82.4 1 1
github.com/domalab/uma/daemon/services/api/openapi/generator.go:86.2,86.61 1 1
github.com/domalab/uma/daemon/services/api/openapi/generator.go:86.61,88.3 1 1
github.com/domalab/uma/daemon/services/api/openapi/generator.go:91.2,91.58 1 1
github.com/domalab/uma/daemon/services/api/openapi/generator.go:91.58,93.3 1 1
github.com/domalab/uma/daemon/services/api/openapi/generator.go:96.2,100.17 4 1
github.com/domalab/uma/daemon/services/api/openapi/generator.go:104.60,110.2 1 1
github.com/domalab/uma/daemon/services/api/openapi/generator.go:113.60,144.2 1 1
github.com/domalab/uma/daemon/services/api/openapi/generator.go:147.58,168.2 1 1
github.com/domalab/uma/daemon/services/api/openapi/generator.go:171.61,192.2 1 1
github.com/domalab/uma/daemon/services/api/openapi/generator.go:195.59,197.2 1 1
github.com/domalab/uma/daemon/services/api/openapi/generator.go:200.41,202.2 1 0
github.com/domalab/uma/daemon/services/api/openapi/generator.go:205.50,207.2 1 0
github.com/domalab/uma/daemon/services/api/openapi/generator.go:210.45,215.24 3 1
github.com/domalab/uma/daemon/services/api/openapi/generator.go:215.24,217.3 1 0
github.com/domalab/uma/daemon/services/api/openapi/generator.go:219.2,219.27 1 1
github.com/domalab/uma/daemon/services/api/openapi/generator.go:219.27,221.3 1 0
github.com/domalab/uma/daemon/services/api/openapi/generator.go:223.2,223.29 1 1
github.com/domalab/uma/daemon/services/api/openapi/generator.go:223.29,225.3 1 0
github.com/domalab/uma/daemon/services/api/openapi/generator.go:227.2,227.26 1 1
github.com/domalab/uma/daemon/services/api/openapi/generator.go:227.26,229.3 1 0
github.com/domalab/uma/daemon/services/api/openapi/generator.go:232.2,233.45 2 1
github.com/domalab/uma/daemon/services/api/openapi/generator.go:233.45,234.46 1 1
github.com/domalab/uma/daemon/services/api/openapi/generator.go:234.46,236.4 1 0
github.com/domalab/uma/daemon/services/api/openapi/generator.go:239.2,239.15 1 1
github.com/domalab/uma/daemon/services/api/openapi/generator.go:243.55,274.2 4 1
github.com/domalab/uma/daemon/services/api/openapi/info.go:4.47,6.43 2 1
github.com/domalab/uma/daemon/services/api/openapi/info.go:6.43,8.3 1 0
github.com/domalab/uma/daemon/services/api/openapi/info.go:10.2,61.3 1 1
github.com/domalab/uma/daemon/services/api/middleware/auth.go:10.74,11.46 1 0
github.com/domalab/uma/daemon/services/api/middleware/auth.go:11.46,12.52 1 0
github.com/domalab/uma/daemon/services/api/middleware/auth.go:12.52,14.4 1 0
github.com/domalab/uma/daemon/services/api/middleware/auth.go:15.3,15.14 1 0
github.com/domalab/uma/daemon/services/api/middleware/auth.go:20.103,21.46 1 0
github.com/domalab/uma/daemon/services/api/middleware/auth.go:21.46,22.72 1 0
github.com/domalab/uma/daemon/services/api/middleware/auth.go:22.72,24.56 1 0
github.com/domalab/uma/daemon/services/api/middleware/auth.go:24.56,27.5 2 0
github.com/domalab/uma/daemon/services/api/middleware/auth.go:30.4,30.65 1 0
github.com/domalab/uma/daemon/services/api/middleware/auth.go:30.65,33.5 2 0
github.com/domalab/uma/daemon/services/api/middleware/auth.go:36.4,36.53 1 0
github.com/domalab/uma/daemon/services/api/middleware/auth.go:36.53,39.5 2 0
github.com/domalab/uma/daemon/services/api/middleware/auth.go:42.4,42.26 1 0
github.com/domalab/uma/daemon/services/api/middleware/auth.go:42.26,45.5 2 0
github.com/domalab/uma/daemon/services/api/middleware/auth.go:47.4,47.24 1 0
github.com/domalab/uma/daemon/services/api/middleware/auth.go:62.37,78.2 1 0
github.com/domalab/uma/daemon/services/api/middleware/auth.go:81.63,82.45 1 0
github.com/domalab/uma/daemon/services/api/middleware/auth.go:82.45,84.79 1 0
github.com/domalab/uma/daemon/services/api/middleware/auth.go:84.79,86.4 1 0
github.com/domalab/uma/daemon/services/api/middleware/auth.go:88.2,88.14 1 0
github.com/domalab/uma/daemon/services/api/middleware/auth.go:92.76,93.49 1 0
github.com/domalab/uma/daemon/services/api/middleware/auth.go:93.49,94.31 1 0
github.com/domalab/uma/daemon/services/api/middleware/auth.go:94.31,96.4 1 0
github.com/domalab/uma/daemon/services/api/middleware/auth.go:98.2,98.14 1 0
github.com/domalab/uma/daemon/services/api/middleware/auth.go:102.81,106.2 3 0
github.com/domalab/uma/daemon/services/api/middleware/auth.go:109.82,113.2 3 0
github.com/domalab/uma/daemon/services/api/middleware/compression.go:14.52,16.2 1 1
github.com/domalab/uma/daemon/services/api/middleware/compression.go:19.86,20.46 1 1
github.com/domalab/uma/daemon/services/api/middleware/compression.go:20.46,21.72 1 1
github.com/domalab/uma/daemon/services/api/middleware/compression.go:21.72,23.66 1 1
github.com/domalab/uma/daemon/services/api/middleware/compression.go:23.66,26.5 2 1
github.com/domalab/uma/daemon/services/api/middleware/compression.go:29.4,30.23 2 1
github.com/domalab/uma/daemon/services/api/middleware/compression.go:30.23,33.5 2 1
github.com/domalab/uma/daemon/services/api/middleware/compression.go:36.4,49.26 6 0
github.com/domalab/uma/daemon/services/api/middleware/compression.go:65.51,97.2 1 1
github.com/domalab/uma/daemon/services/api/middleware/compression.go:100.77,104.52 2 1
github.com/domalab/uma/daemon/services/api/middleware/compression.go:104.52,105.44 1 1
github.com/domalab/uma/daemon/services/api/middleware/compression.go:105.44,107.4 1 0
github.com/domalab/uma/daemon/services/api/middleware/compression.go:111.2,111.60 1 1
github.com/domalab/uma/daemon/services/api/middleware/compression.go:111.60,112.48 1 1
github.com/domalab/uma/daemon/services/api/middleware/compression.go:112.48,114.4 1 0
github.com/domalab/uma/daemon/services/api/middleware/compression.go:118.2,119.23 2 1
github.com/domalab/uma/daemon/services/api/middleware/compression.go:119.23,121.53 1 0
github.com/domalab/uma/daemon/services/api/middleware/compression.go:121.53,122.52 1 0
github.com/domalab/uma/daemon/services/api/middleware/compression.go:122.52,124.5 1 0
github.com/domalab/uma/daemon/services/api/middleware/compression.go:128.3,128.61 1 0
github.com/domalab/uma/daemon/services/api/middleware/compression.go:128.61,129.56 1 0
github.com/domalab/uma/daemon/services/api/middleware/compression.go:129.56,131.5 1 0
github.com/domalab/uma/daemon/services/api/middleware/compression.go:135.2,135.14 1 1
github.com/domalab/uma/daemon/services/api/middleware/compression.go:144.59,146.2 1 0
github.com/domalab/uma/daemon/services/api/middleware/compression.go:148.52,150.2 1 0
github.com/domalab/uma/daemon/services/api/middleware/compression.go:153.38,154.56 1 0
github.com/domalab/uma/daemon/services/api/middleware/compression.go:154.56,156.3 1 0
github.com/domalab/uma/daemon/services/api/middleware/compression.go:160.76,161.58 1 0
github.com/domalab/uma/daemon/services/api/middleware/compression.go:161.58,163.3 1 0
github.com/domalab/uma/daemon/services/api/middleware/compression.go:164.2,164.75 1 0
github.com/domalab/uma/daemon/services/api/middleware/cors.go:6.45,7.46 1 1
github.com/domalab/uma/daemon/services/api/middleware/cors.go:7.46,8.72 1 1
github.com/domalab/uma/daemon/services/api/middleware/cors.go:8.72,13.38 4 1
github.com/domalab/uma/daemon/services/api/middleware/cors.go:13.38,16.5 2 1
github.com/domalab/uma/daemon/services/api/middleware/cors.go:18.4,18.24 1 1
github.com/domalab/uma/daemon/services/api/middleware/cors.go:24.72,25.46 1 0
github.com/domalab/uma/daemon/services/api/middleware/cors.go:25.46,26.72 1 0
github.com/domalab/uma/daemon/services/api/middleware/cors.go:26.72,30.30 2 0
github.com/domalab/uma/daemon/services/api/middleware/cors.go:30.30,32.5 1 0
github.com/domalab/uma/daemon/services/api/middleware/cors.go:32.10,32.45 1 0
github.com/domalab/uma/daemon/services/api/middleware/cors.go:32.45,33.57 1 0
github.com/domalab/uma/daemon/services/api/middleware/cors.go:33.57,34.33 1 0
github.com/domalab/uma/daemon/services/api/middleware/cors.go:34.33,36.12 2 0
github.com/domalab/uma/daemon/services/api/middleware/cors.go:42.4,42.38 1 0
github.com/domalab/uma/daemon/services/api/middleware/cors.go:42.38,44.50 2 0
github.com/domalab/uma/daemon/services/api/middleware/cors.go:44.50,45.15 1 0
github.com/domalab/uma/daemon/services/api/middleware/cors.go:45.15,47.7 1 0
github.com/domalab/uma/daemon/services/api/middleware/cors.go:48.6,48.23 1 0
github.com/domalab/uma/daemon/services/api/middleware/cors.go:50.5,50.60 1 0
github.com/domalab/uma/daemon/services/api/middleware/cors.go:54.4,54.38 1 0
github.com/domalab/uma/daemon/services/api/middleware/cors.go:54.38,56.50 2 0
github.com/domalab/uma/daemon/services/api/middleware/cors.go:56.50,57.15 1 0
github.com/domalab/uma/daemon/services/api/middleware/cors.go:57.15,59.7 1 0
github.com/domalab/uma/daemon/services/api/middleware/cors.go:60.6,60.23 1 0
github.com/domalab/uma/daemon/services/api/middleware/cors.go:62.5,62.60 1 0
github.com/domalab/uma/daemon/services/api/middleware/cors.go:66.4,66.38 1 0
github.com/domalab/uma/daemon/services/api/middleware/cors.go:66.38,68.50 2 0
github.com/domalab/uma/daemon/services/api/middleware/cors.go:68.50,69.15 1 0
github.com/domalab/uma/daemon/services/api/middleware/cors.go:69.15,71.7 1 0
github.com/domalab/uma/daemon/services/api/middleware/cors.go:72.6,72.23 1 0
github.com/domalab/uma/daemon/services/api/middleware/cors.go:74.5,74.61 1 0
github.com/domalab/uma/daemon/services/api/middleware/cors.go:78.4,78.31 1 0
github.com/domalab/uma/daemon/services/api/middleware/cors.go:78.31,80.5 1 0
github.com/domalab/uma/daemon/services/api/middleware/cors.go:83.4,83.25 1 0
github.com/domalab/uma/daemon/services/api/middleware/cors.go:83.25,85.5 1 0
github.com/domalab/uma/daemon/services/api/middleware/cors.go:87.4,87.38 1 0
github.com/domalab/uma/daemon/services/api/middleware/cors.go:87.38,90.5 2 0
github.com/domalab/uma/daemon/services/api/middleware/cors.go:92.4,92.24 1 0
github.com/domalab/uma/daemon/services/api/middleware/cors.go:109.37,117.2 1 0
github.com/domalab/uma/daemon/services/api/middleware/logging.go:14.48,16.2 1 1
github.com/domalab/uma/daemon/services/api/middleware/logging.go:19.78,20.46 1 1
github.com/domalab/uma/daemon/services/api/middleware/logging.go:20.46,21.72 1 1
github.com/domalab/uma/daemon/services/api/middleware/logging.go:21.72,33.55 6 1
github.com/domalab/uma/daemon/services/api/middleware/logging.go:33.55,35.5 1 0
github.com/domalab/uma/daemon/services/api/middleware/logging.go:38.4,38.32 1 1
github.com/domalab/uma/daemon/services/api/middleware/logging.go:38.32,40.5 1 1
github.com/domalab/uma/daemon/services/api/middleware/logging.go:43.4,43.53 1 1
github.com/domalab/uma/daemon/services/api/middleware/logging.go:43.53,52.34 2 0
github.com/domalab/uma/daemon/services/api/middleware/logging.go:52.34,56.6 1 0
github.com/domalab/uma/daemon/services/api/middleware/logging.go:60.4,60.28 1 1
github.com/domalab/uma/daemon/services/api/middleware/logging.go:60.28,61.24 1 1
github.com/domalab/uma/daemon/services/api/middleware/logging.go:61.24,63.6 1 1
github.com/domalab/uma/daemon/services/api/middleware/logging.go:63.11,65.6 1 1
github.com/domalab/uma/daemon/services/api/middleware/logging.go:69.4,69.34 1 1
github.com/domalab/uma/daemon/services/api/middleware/logging.go:69.34,82.5 1 0
github.com/domalab/uma/daemon/services/api/middleware/logging.go:111.43,123.2 1 1
github.com/domalab/uma/daemon/services/api/middleware/logging.go:126.62,127.37 1 1
github.com/domalab/uma/daemon/services/api/middleware/logging.go:127.37,128.23 1 1
github.com/domalab/uma/daemon/services/api/middleware/logging.go:128.23,130.4 1 0
github.com/domalab/uma/daemon/services/api/middleware/logging.go:132.2,132.14 1 1
github.com/domalab/uma/daemon/services/api/middleware/logging.go:141.49,144.2 2 1
github.com/domalab/uma/daemon/services/api/middleware/logging.go:146.56,148.2 1 1
github.com/domalab/uma/daemon/services/api/middleware/logging.go:151.35,152.57 1 0
github.com/domalab/uma/daemon/services/api/middleware/logging.go:152.57,154.3 1 0
github.com/domalab/uma/daemon/services/api/middleware/logging.go:158.73,159.59 1 0
github.com/domalab/uma/daemon/services/api/middleware/logging.go:159.59,161.3 1 0
github.com/domalab/uma/daemon/services/api/middleware/logging.go:162.2,162.75 1 0
github.com/domalab/uma/daemon/services/api/middleware/metrics.go:59.48,61.2 1 1
github.com/domalab/uma/daemon/services/api/middleware/metrics.go:64.78,65.46 1 1
github.com/domalab/uma/daemon/services/api/middleware/metrics.go:65.46,66.72 1 1
github.com/domalab/uma/daemon/services/api/middleware/metrics.go:66.72,68.55 1 1
github.com/domalab/uma/daemon/services/api/middleware/metrics.go:68.55,71.5 2 0
github.com/domalab/uma/daemon/services/api/middleware/metrics.go:73.4,81.27 5 1
github.com/domalab/uma/daemon/services/api/middleware/metrics.go:81.27,83.5 1 0
github.com/domalab/uma/daemon/services/api/middleware/metrics.go:86.4,101.32 7 1
github.com/domalab/uma/daemon/services/api/middleware/metrics.go:101.32,103.5 1 1
github.com/domalab/uma/daemon/services/api/middleware/metrics.go:116.43,132.2 1 1
github.com/domalab/uma/daemon/services/api/middleware/metrics.go:135.62,136.37 1 1
github.com/domalab/uma/daemon/services/api/middleware/metrics.go:136.37,137.23 1 1
github.com/domalab/uma/daemon/services/api/middleware/metrics.go:137.23,139.4 1 0
github.com/domalab/uma/daemon/services/api/middleware/metrics.go:141.2,141.14 1 1
github.com/domalab/uma/daemon/services/api/middleware/metrics.go:145.77,146.49 1 1
github.com/domalab/uma/daemon/services/api/middleware/metrics.go:146.49,147.65 1 1
github.com/domalab/uma/daemon/services/api/middleware/metrics.go:147.65,149.4 1 0
github.com/domalab/uma/daemon/services/api/middleware/metrics.go:151.2,151.13 1 1
github.com/domalab/uma/daemon/services/api/middleware/metrics.go:161.57,164.2 2 1
github.com/domalab/uma/daemon/services/api/middleware/metrics.go:166.64,170.2 3 1
github.com/domalab/uma/daemon/services/api/middleware/metrics.go:173.80,176.2 0 0
github.com/domalab/uma/daemon/services/api/middleware/metrics.go:179.39,181.2 1 1
github.com/domalab/uma/daemon/services/api/middleware/metrics.go:184.70,185.39 1 0
github.com/domalab/uma/daemon/services/api/middleware/metrics.go:185.39,186.56 1 0
github.com/domalab/uma/daemon/services/api/middleware/metrics.go:186.56,188.4 1 0
github.com/domalab/uma/daemon/services/api/middleware/metrics.go:190.2,190.12 1 0
github.com/domalab/uma/daemon/services/api/middleware/request_id.go:18.50,19.46 1 1
github.com/domalab/uma/daemon/services/api/middleware/request_id.go:19.46,20.72 1 1
github.com/domalab/uma/daemon/services/api/middleware/request_id.go:20.72,25.23 2 1
github.com/domalab/uma/daemon/services/api/middleware/request_id.go:25.23,27.5 1 1
github.com/domalab/uma/daemon/services/api/middleware/request_id.go:30.4,36.24 4 1
github.com/domalab/uma/daemon/services/api/middleware/request_id.go:42.82,43.46 1 0
github.com/domalab/uma/daemon/services/api/middleware/request_id.go:43.46,44.72 1 0
github.com/domalab/uma/daemon/services/api/middleware/request_id.go:44.72,48.35 2 0
github.com/domalab/uma/daemon/services/api/middleware/request_id.go:48.35,50.5 1 0
github.com/domalab/uma/daemon/services/api/middleware/request_id.go:53.4,53.23 1 0
github.com/domalab/uma/daemon/services/api/middleware/request_id.go:53.23,54.32 1 0
github.com/domalab/uma/daemon/services/api/middleware/request_id.go:54.32,56.6 1 0
github.com/domalab/uma/daemon/services/api/middleware/request_id.go:56.11,58.6 1 0
github.com/domalab/uma/daemon/services/api/middleware/request_id.go:62.4,62.63 1 0
github.com/domalab/uma/daemon/services/api/middleware/request_id.go:62.63,64.5 1 0
github.com/domalab/uma/daemon/services/api/middleware/request_id.go:67.4,73.24 4 0
github.com/domalab/uma/daemon/services/api/middleware/request_id.go:89.47,98.2 1 0
github.com/domalab/uma/daemon/services/api/middleware/request_id.go:101.33,103.2 1 1
github.com/domalab/uma/daemon/services/api/middleware/request_id.go:106.54,107.67 1 1
github.com/domalab/uma/daemon/services/api/middleware/request_id.go:107.67,109.3 1 1
github.com/domalab/uma/daemon/services/api/middleware/request_id.go:110.2,110.11 1 1
github.com/domalab/uma/daemon/services/api/middleware/request_id.go:114.77,115.58 1 0
github.com/domalab/uma/daemon/services/api/middleware/request_id.go:115.58,117.3 1 0
github.com/domalab/uma/daemon/services/api/middleware/request_id.go:118.2,118.11 1 0
github.com/domalab/uma/daemon/services/api/middleware/versioning.go:16.51,18.2 1 1
github.com/domalab/uma/daemon/services/api/middleware/versioning.go:21.84,22.46 1 1
github.com/domalab/uma/daemon/services/api/middleware/versioning.go:22.46,23.72 1 1
github.com/domalab/uma/daemon/services/api/middleware/versioning.go:23.72,37.66 7 1
github.com/domalab/uma/daemon/services/api/middleware/versioning.go:37.66,39.5 1 0
github.com/domalab/uma/daemon/services/api/middleware/versioning.go:41.4,41.24 1 1
github.com/domalab/uma/daemon/services/api/middleware/versioning.go:56.49,64.2 1 1
github.com/domalab/uma/daemon/services/api/middleware/versioning.go:67.75,68.24 1 1
github.com/domalab/uma/daemon/services/api/middleware/versioning.go:68.24,70.3 1 1
github.com/domalab/uma/daemon/services/api/middleware/versioning.go:73.2,76.22 3 1
github.com/domalab/uma/daemon/services/api/middleware/versioning.go:76.22,79.61 2 1
github.com/domalab/uma/daemon/services/api/middleware/versioning.go:79.61,80.35 1 1
github.com/domalab/uma/daemon/services/api/middleware/versioning.go:80.35,82.5 1 1
github.com/domalab/uma/daemon/services/api/middleware/versioning.go:87.2,89.22 3 1
github.com/domalab/uma/daemon/services/api/middleware/versioning.go:89.22,91.61 2 0
github.com/domalab/uma/daemon/services/api/middleware/versioning.go:91.61,92.35 1 0
github.com/domalab/uma/daemon/services/api/middleware/versioning.go:92.35,94.5 1 0
github.com/domalab/uma/daemon/services/api/middleware/versioning.go:98.2,98.30 1 1
github.com/domalab/uma/daemon/services/api/middleware/versioning.go:102.76,103.55 1 1
github.com/domalab/uma/daemon/services/api/middleware/versioning.go:103.55,104.35 1 0
github.com/domalab/uma/daemon/services/api/middleware/versioning.go:104.35,106.4 1 0
github.com/domalab/uma/daemon/services/api/middleware/versioning.go:108.2,108.14 1 1
github.com/domalab/uma/daemon/services/api/middleware/versioning.go:112.55,113.66 1 0
github.com/domalab/uma/daemon/services/api/middleware/versioning.go:113.66,115.3 1 0
github.com/domalab/uma/daemon/services/api/middleware/versioning.go:116.2,116.13 1 0
github.com/domalab/uma/daemon/services/api/middleware/versioning.go:132.40,136.2 1 0
github.com/domalab/uma/daemon/services/api/middleware/versioning.go:139.79,141.2 1 0
github.com/domalab/uma/daemon/services/api/middleware/versioning.go:144.64,146.2 1 0
github.com/domalab/uma/daemon/services/api/middleware/versioning.go:149.76,152.53 2 0
github.com/domalab/uma/daemon/services/api/middleware/versioning.go:152.53,155.3 2 0
github.com/domalab/uma/daemon/services/api/middleware/versioning.go:157.2,157.24 1 0
github.com/domalab/uma/daemon/services/api/middleware/versioning.go:157.24,160.3 2 0
github.com/domalab/uma/daemon/services/api/middleware/versioning.go:163.2,163.68 1 0
github.com/domalab/uma/daemon/services/api/utils/metrics.go:17.46,21.2 1 0
github.com/domalab/uma/daemon/services/api/utils/metrics.go:24.55,26.2 1 0
github.com/domalab/uma/daemon/services/api/utils/metrics.go:29.87,30.39 1 0
github.com/domalab/uma/daemon/services/api/utils/metrics.go:30.39,31.57 1 0
github.com/domalab/uma/daemon/services/api/utils/metrics.go:31.57,33.4 1 0
github.com/domalab/uma/daemon/services/api/utils/metrics.go:35.2,35.12 1 0
github.com/domalab/uma/daemon/services/api/utils/metrics.go:39.105,49.2 3 0
github.com/domalab/uma/daemon/services/api/utils/metrics.go:52.101,62.2 3 0
github.com/domalab/uma/daemon/services/api/utils/metrics.go:65.128,66.20 1 0
github.com/domalab/uma/daemon/services/api/utils/metrics.go:66.20,68.3 1 0
github.com/domalab/uma/daemon/services/api/utils/metrics.go:70.2,79.18 3 0
github.com/domalab/uma/daemon/services/api/utils/metrics.go:94.67,130.2 1 0
github.com/domalab/uma/daemon/services/api/utils/metrics.go:142.69,169.2 1 0
github.com/domalab/uma/daemon/services/api/utils/metrics.go:182.67,212.2 1 0
github.com/domalab/uma/daemon/services/api/utils/metrics.go:224.59,252.2 1 0
github.com/domalab/uma/daemon/services/api/utils/metrics.go:263.69,285.2 6 0
github.com/domalab/uma/daemon/services/api/utils/metrics.go:288.65,290.62 1 0
github.com/domalab/uma/daemon/services/api/utils/metrics.go:290.62,291.57 1 0
github.com/domalab/uma/daemon/services/api/utils/metrics.go:291.57,292.50 1 0
github.com/domalab/uma/daemon/services/api/utils/metrics.go:292.50,294.5 1 0
github.com/domalab/uma/daemon/services/api/utils/metrics.go:299.2,299.65 1 0
github.com/domalab/uma/daemon/services/api/utils/metrics.go:299.65,300.57 1 0
github.com/domalab/uma/daemon/services/api/utils/metrics.go:300.57,301.50 1 0
github.com/domalab/uma/daemon/services/api/utils/metrics.go:301.50,303.5 1 0
github.com/domalab/uma/daemon/services/api/utils/metrics.go:309.66,311.67 1 0
github.com/domalab/uma/daemon/services/api/utils/metrics.go:311.67,312.61 1 0
github.com/domalab/uma/daemon/services/api/utils/metrics.go:312.61,313.51 1 0
github.com/domalab/uma/daemon/services/api/utils/metrics.go:313.51,314.27 1 0
github.com/domalab/uma/daemon/services/api/utils/metrics.go:314.27,316.6 1 0
github.com/domalab/uma/daemon/services/api/utils/metrics.go:316.11,318.6 1 0
github.com/domalab/uma/daemon/services/api/utils/metrics.go:325.92,327.12 2 0
github.com/domalab/uma/daemon/services/api/utils/metrics.go:327.12,328.22 1 0
github.com/domalab/uma/daemon/services/api/utils/metrics.go:328.22,331.4 2 0
github.com/domalab/uma/daemon/services/api/utils/response.go:15.69,20.16 3 1
github.com/domalab/uma/daemon/services/api/utils/response.go:20.16,30.3 5 1
github.com/domalab/uma/daemon/services/api/utils/response.go:33.2,34.19 2 1
github.com/domalab/uma/daemon/services/api/utils/response.go:38.68,40.19 1 1
github.com/domalab/uma/daemon/services/api/utils/response.go:40.19,42.3 1 1
github.com/domalab/uma/daemon/services/api/utils/response.go:44.2,48.37 2 1
github.com/domalab/uma/daemon/services/api/utils/response.go:52.153,64.2 2 1
github.com/domalab/uma/daemon/services/api/utils/response.go:67.157,81.2 3 0
github.com/domalab/uma/daemon/services/api/utils/response.go:84.171,85.17 1 0
github.com/domalab/uma/daemon/services/api/utils/response.go:86.12,88.73 1 0
github.com/domalab/uma/daemon/services/api/utils/response.go:89.10,91.73 1 0
github.com/domalab/uma/daemon/services/api/utils/response.go:96.114,103.2 2 1
github.com/domalab/uma/daemon/services/api/utils/response.go:106.109,111.33 4 1
github.com/domalab/uma/daemon/services/api/utils/response.go:111.33,112.21 1 1
github.com/domalab/uma/daemon/services/api/utils/response.go:112.21,114.4 1 1
github.com/domalab/uma/daemon/services/api/utils/response.go:114.9,116.4 1 1
github.com/domalab/uma/daemon/services/api/utils/response.go:119.2,130.32 2 1
github.com/domalab/uma/daemon/services/api/utils/response.go:134.136,144.16 3 1
github.com/domalab/uma/daemon/services/api/utils/response.go:145.17,146.29 1 0
github.com/domalab/uma/daemon/services/api/utils/response.go:147.18,148.29 1 1
github.com/domalab/uma/daemon/services/api/utils/response.go:149.19,150.45 1 0
github.com/domalab/uma/daemon/services/api/utils/response.go:151.10,152.46 1 0
github.com/domalab/uma/daemon/services/api/utils/response.go:155.2,155.36 1 1
github.com/domalab/uma/daemon/services/api/utils/response.go:159.49,161.66 1 0
github.com/domalab/uma/daemon/services/api/utils/response.go:161.66,163.3 1 0
github.com/domalab/uma/daemon/services/api/utils/response.go:166.2,166.28 1 0
github.com/domalab/uma/daemon/services/api/utils/response.go:170.33,172.2 1 1
github.com/domalab/uma/daemon/services/api/utils/validation.go:15.13,24.2 6 1
github.com/domalab/uma/daemon/services/api/utils/validation.go:27.42,29.2 1 1
github.com/domalab/uma/daemon/services/api/utils/validation.go:32.73,33.20 1 1
github.com/domalab/uma/daemon/services/api/utils/validation.go:33.20,35.3 1 1
github.com/domalab/uma/daemon/services/api/utils/validation.go:37.2,37.33 1 1
github.com/domalab/uma/daemon/services/api/utils/validation.go:37.33,39.3 1 1
github.com/domalab/uma/daemon/services/api/utils/validation.go:42.2,42.31 1 1
github.com/domalab/uma/daemon/services/api/utils/validation.go:42.31,44.51 2 1
github.com/domalab/uma/daemon/services/api/utils/validation.go:44.51,46.4 1 0
github.com/domalab/uma/daemon/services/api/utils/validation.go:50.2,50.24 1 1
github.com/domalab/uma/daemon/services/api/utils/validation.go:50.24,52.49 2 0
github.com/domalab/uma/daemon/services/api/utils/validation.go:52.49,54.4 1 0
github.com/domalab/uma/daemon/services/api/utils/validation.go:58.2,58.27 1 1
github.com/domalab/uma/daemon/services/api/utils/validation.go:58.27,60.55 2 1
github.com/domalab/uma/daemon/services/api/utils/validation.go:60.55,62.4 1 0
github.com/domalab/uma/daemon/services/api/utils/validation.go:65.2,65.12 1 1
github.com/domalab/uma/daemon/services/api/utils/validation.go:69.79,70.42 1 1
github.com/domalab/uma/daemon/services/api/utils/validation.go:70.42,72.3 1 1
github.com/domalab/uma/daemon/services/api/utils/validation.go:75.2,75.39 1 1
github.com/domalab/uma/daemon/services/api/utils/validation.go:75.39,77.3 1 1
github.com/domalab/uma/daemon/services/api/utils/validation.go:80.2,80.21 1 1
github.com/domalab/uma/daemon/services/api/utils/validation.go:80.21,82.3 1 0
github.com/domalab/uma/daemon/services/api/utils/validation.go:84.2,84.23 1 1
github.com/domalab/uma/daemon/services/api/utils/validation.go:84.23,86.3 1 0
github.com/domalab/uma/daemon/services/api/utils/validation.go:88.2,88.12 1 1
github.com/domalab/uma/daemon/services/api/utils/validation.go:92.93,93.20 1 1
github.com/domalab/uma/daemon/services/api/utils/validation.go:93.20,95.3 1 1
github.com/domalab/uma/daemon/services/api/utils/validation.go:97.2,97.21 1 1
github.com/domalab/uma/daemon/services/api/utils/validation.go:97.21,99.3 1 1
github.com/domalab/uma/daemon/services/api/utils/validation.go:101.2,101.37 1 1
github.com/domalab/uma/daemon/services/api/utils/validation.go:101.37,103.3 1 0
github.com/domalab/uma/daemon/services/api/utils/validation.go:106.2,106.29 1 1
github.com/domalab/uma/daemon/services/api/utils/validation.go:106.29,108.50 2 0
github.com/domalab/uma/daemon/services/api/utils/validation.go:108.50,110.4 1 0
github.com/domalab/uma/daemon/services/api/utils/validation.go:113.2,113.12 1 1
github.com/domalab/uma/daemon/services/api/utils/validation.go:117.67,118.20 1 1
github.com/domalab/uma/daemon/services/api/utils/validation.go:118.20,120.3 1 1
github.com/domalab/uma/daemon/services/api/utils/validation.go:122.2,122.30 1 1
github.com/domalab/uma/daemon/services/api/utils/validation.go:122.30,124.3 1 0
github.com/domalab/uma/daemon/services/api/utils/validation.go:126.2,126.19 1 1
github.com/domalab/uma/daemon/services/api/utils/validation.go:126.19,128.3 1 1
github.com/domalab/uma/daemon/services/api/utils/validation.go:130.2,130.21 1 1
github.com/domalab/uma/daemon/services/api/utils/validation.go:130.21,132.3 1 1
github.com/domalab/uma/daemon/services/api/utils/validation.go:135.2,135.38 1 1
github.com/domalab/uma/daemon/services/api/utils/validation.go:135.38,136.59 1 0
github.com/domalab/uma/daemon/services/api/utils/validation.go:136.59,138.4 1 0
github.com/domalab/uma/daemon/services/api/utils/validation.go:142.2,142.39 1 1
github.com/domalab/uma/daemon/services/api/utils/validation.go:142.39,143.59 1 0
github.com/domalab/uma/daemon/services/api/utils/validation.go:143.59,145.4 1 0
github.com/domalab/uma/daemon/services/api/utils/validation.go:148.2,148.12 1 1
github.com/domalab/uma/daemon/services/api/utils/validation.go:152.41,153.37 1 1
github.com/domalab/uma/daemon/services/api/utils/validation.go:153.37,155.3 1 1
github.com/domalab/uma/daemon/services/api/utils/validation.go:158.2,159.16 2 1
github.com/domalab/uma/daemon/services/api/utils/validation.go:163.45,164.37 1 1
github.com/domalab/uma/daemon/services/api/utils/validation.go:164.37,166.3 1 1
github.com/domalab/uma/daemon/services/api/utils/validation.go:169.2,170.16 2 1
github.com/domalab/uma/daemon/services/api/utils/validation.go:174.38,175.37 1 1
github.com/domalab/uma/daemon/services/api/utils/validation.go:175.37,177.3 1 1
github.com/domalab/uma/daemon/services/api/utils/validation.go:180.2,181.16 2 1
github.com/domalab/uma/daemon/services/api/utils/validation.go:185.48,206.46 3 1
github.com/domalab/uma/daemon/services/api/utils/validation.go:206.46,207.46 1 1
github.com/domalab/uma/daemon/services/api/utils/validation.go:207.46,209.4 1 1
github.com/domalab/uma/daemon/services/api/utils/validation.go:213.2,218.42 1 1
github.com/domalab/uma/daemon/services/api/utils/validation.go:218.42,220.3 1 1
github.com/domalab/uma/daemon/services/api/utils/validation.go:222.2,222.14 1 1
github.com/domalab/uma/daemon/services/api/utils/validation.go:227.49,228.26 1 1
github.com/domalab/uma/daemon/services/api/utils/validation.go:228.26,229.16 1 1
github.com/domalab/uma/daemon/services/api/utils/validation.go:229.16,231.4 1 1
github.com/domalab/uma/daemon/services/api/utils/validation.go:233.2,233.14 1 0
github.com/domalab/uma/daemon/services/api/utils/validation.go:236.54,238.2 1 0
github.com/domalab/uma/daemon/services/api/utils/validation.go:240.55,243.2 2 0
github.com/domalab/uma/daemon/services/api/utils/validation.go:245.54,248.2 2 0
github.com/domalab/uma/daemon/services/api/utils/validation.go:250.58,252.2 1 0
github.com/domalab/uma/daemon/services/api/utils/validation.go:254.51,256.2 1 0
github.com/domalab/uma/daemon/services/api/utils/validation.go:258.70,259.23 1 0
github.com/domalab/uma/daemon/services/api/utils/validation.go:259.23,261.3 1 0
github.com/domalab/uma/daemon/services/api/utils/validation.go:263.2,264.40 2 0
github.com/domalab/uma/daemon/services/api/utils/validation.go:264.40,266.3 1 0
github.com/domalab/uma/daemon/services/api/utils/validation.go:268.2,268.25 1 0
github.com/domalab/uma/daemon/services/api/utils/validation.go:268.25,270.3 1 0
github.com/domalab/uma/daemon/services/api/utils/validation.go:272.2,272.25 1 0
github.com/domalab/uma/daemon/services/api/utils/validation.go:272.25,274.3 1 0
github.com/domalab/uma/daemon/services/api/utils/validation.go:276.2,276.12 1 0
github.com/domalab/uma/daemon/services/api/utils/validation.go:279.70,280.23 1 0
github.com/domalab/uma/daemon/services/api/utils/validation.go:280.23,282.3 1 0
github.com/domalab/uma/daemon/services/api/utils/validation.go:284.2,285.40 2 0
github.com/domalab/uma/daemon/services/api/utils/validation.go:285.40,287.3 1 0
github.com/domalab/uma/daemon/services/api/utils/validation.go:289.2,289.22 1 0
github.com/domalab/uma/daemon/services/api/utils/validation.go:289.22,290.53 1 0
github.com/domalab/uma/daemon/services/api/utils/validation.go:290.53,292.4 1 0
github.com/domalab/uma/daemon/services/api/utils/validation.go:295.2,295.12 1 0
github.com/domalab/uma/daemon/services/api/utils/websocket.go:49.46,57.2 1 0
github.com/domalab/uma/daemon/services/api/utils/websocket.go:60.36,61.6 1 0
github.com/domalab/uma/daemon/services/api/utils/websocket.go:61.6,62.10 1 0
github.com/domalab/uma/daemon/services/api/utils/websocket.go:63.31,64.32 1 0
github.com/domalab/uma/daemon/services/api/utils/websocket.go:66.33,67.34 1 0
github.com/domalab/uma/daemon/services/api/utils/websocket.go:69.35,70.57 1 0
github.com/domalab/uma/daemon/services/api/utils/websocket.go:76.103,88.2 3 0
github.com/domalab/uma/daemon/services/api/utils/websocket.go:91.74,92.9 1 0
github.com/domalab/uma/daemon/services/api/utils/websocket.go:93.71,93.71 0 0
github.com/domalab/uma/daemon/services/api/utils/websocket.go:94.10,95.70 1 0
github.com/domalab/uma/daemon/services/api/utils/websocket.go:100.55,104.2 3 0
github.com/domalab/uma/daemon/services/api/utils/websocket.go:107.52,111.2 3 0
github.com/domalab/uma/daemon/services/api/utils/websocket.go:114.76,124.2 6 0
github.com/domalab/uma/daemon/services/api/utils/websocket.go:127.78,131.43 3 0
github.com/domalab/uma/daemon/services/api/utils/websocket.go:131.43,136.38 3 0
github.com/domalab/uma/daemon/services/api/utils/websocket.go:136.38,137.52 1 0
github.com/domalab/uma/daemon/services/api/utils/websocket.go:137.52,139.30 2 0
github.com/domalab/uma/daemon/services/api/utils/websocket.go:139.30,141.6 1 0
github.com/domalab/uma/daemon/services/api/utils/websocket.go:145.3,145.66 1 0
github.com/domalab/uma/daemon/services/api/utils/websocket.go:150.83,155.9 4 0
github.com/domalab/uma/daemon/services/api/utils/websocket.go:155.9,157.3 1 0
github.com/domalab/uma/daemon/services/api/utils/websocket.go:159.2,167.16 3 0
github.com/domalab/uma/daemon/services/api/utils/websocket.go:167.16,170.3 2 0
github.com/domalab/uma/daemon/services/api/utils/websocket.go:172.2,172.32 1 0
github.com/domalab/uma/daemon/services/api/utils/websocket.go:172.32,173.10 1 0
github.com/domalab/uma/daemon/services/api/utils/websocket.go:174.38,174.38 0 0
github.com/domalab/uma/daemon/services/api/utils/websocket.go:175.11,177.26 1 0
github.com/domalab/uma/daemon/services/api/utils/websocket.go:185.59,194.49 6 0
github.com/domalab/uma/daemon/services/api/utils/websocket.go:194.49,196.3 1 0
github.com/domalab/uma/daemon/services/api/utils/websocket.go:197.2,199.73 2 0
github.com/domalab/uma/daemon/services/api/utils/websocket.go:203.61,212.58 6 0
github.com/domalab/uma/daemon/services/api/utils/websocket.go:212.58,214.28 2 0
github.com/domalab/uma/daemon/services/api/utils/websocket.go:214.28,216.4 1 0
github.com/domalab/uma/daemon/services/api/utils/websocket.go:219.2,219.78 1 0
github.com/domalab/uma/daemon/services/api/utils/websocket.go:223.82,231.16 3 0
github.com/domalab/uma/daemon/services/api/utils/websocket.go:231.16,233.3 1 0
github.com/domalab/uma/daemon/services/api/utils/websocket.go:235.2,235.9 1 0
github.com/domalab/uma/daemon/services/api/utils/websocket.go:236.36,237.13 1 0
github.com/domalab/uma/daemon/services/api/utils/websocket.go:238.10,239.33 1 0
github.com/domalab/uma/daemon/services/api/utils/websocket.go:244.41,247.2 2 0
github.com/domalab/uma/daemon/services/api/utils/websocket.go:250.44,255.45 4 0
github.com/domalab/uma/daemon/services/api/utils/websocket.go:255.45,259.3 3 0
github.com/domalab/uma/daemon/services/api/utils/websocket.go:261.2,261.6 1 0
github.com/domalab/uma/daemon/services/api/utils/websocket.go:261.6,263.17 2 0
github.com/domalab/uma/daemon/services/api/utils/websocket.go:263.17,264.103 1 0
github.com/domalab/uma/daemon/services/api/utils/websocket.go:264.103,266.5 1 0
github.com/domalab/uma/daemon/services/api/utils/websocket.go:267.4,267.9 1 0
github.com/domalab/uma/daemon/services/api/utils/websocket.go:271.3,271.29 1 0
github.com/domalab/uma/daemon/services/api/utils/websocket.go:276.45,278.15 2 0
github.com/domalab/uma/daemon/services/api/utils/websocket.go:278.15,281.3 2 0
github.com/domalab/uma/daemon/services/api/utils/websocket.go:283.2,283.6 1 0
github.com/domalab/uma/daemon/services/api/utils/websocket.go:283.6,284.10 1 0
github.com/domalab/uma/daemon/services/api/utils/websocket.go:285.38,287.11 2 0
github.com/domalab/uma/daemon/services/api/utils/websocket.go:287.11,290.5 2 0
github.com/domalab/uma/daemon/services/api/utils/websocket.go:292.4,292.80 1 0
github.com/domalab/uma/daemon/services/api/utils/websocket.go:292.80,294.5 1 0
github.com/domalab/uma/daemon/services/api/utils/websocket.go:296.19,298.76 2 0
github.com/domalab/uma/daemon/services/api/utils/websocket.go:298.76,300.5 1 0
github.com/domalab/uma/daemon/services/api/utils/websocket.go:306.60,308.55 2 0
github.com/domalab/uma/daemon/services/api/utils/websocket.go:308.55,311.3 2 0
github.com/domalab/uma/daemon/services/api/utils/websocket.go:313.2,313.22 1 0
github.com/domalab/uma/daemon/services/api/utils/websocket.go:314.19,315.28 1 0
github.com/domalab/uma/daemon/services/api/utils/websocket.go:315.28,317.4 1 0
github.com/domalab/uma/daemon/services/api/utils/websocket.go:318.21,319.28 1 0
github.com/domalab/uma/daemon/services/api/utils/websocket.go:319.28,321.4 1 0
github.com/domalab/uma/daemon/services/api/utils/websocket.go:322.14,323.24 1 0
