mode: set
github.com/domalab/uma/daemon/services/api/utils/metrics.go:17.46,21.2 1 0
github.com/domalab/uma/daemon/services/api/utils/metrics.go:24.55,26.2 1 0
github.com/domalab/uma/daemon/services/api/utils/metrics.go:29.87,30.39 1 0
github.com/domalab/uma/daemon/services/api/utils/metrics.go:30.39,31.57 1 0
github.com/domalab/uma/daemon/services/api/utils/metrics.go:31.57,33.4 1 0
github.com/domalab/uma/daemon/services/api/utils/metrics.go:35.2,35.12 1 0
github.com/domalab/uma/daemon/services/api/utils/metrics.go:39.105,49.2 3 0
github.com/domalab/uma/daemon/services/api/utils/metrics.go:52.101,62.2 3 0
github.com/domalab/uma/daemon/services/api/utils/metrics.go:65.128,66.20 1 0
github.com/domalab/uma/daemon/services/api/utils/metrics.go:66.20,68.3 1 0
github.com/domalab/uma/daemon/services/api/utils/metrics.go:70.2,79.18 3 0
github.com/domalab/uma/daemon/services/api/utils/metrics.go:94.67,130.2 1 0
github.com/domalab/uma/daemon/services/api/utils/metrics.go:142.69,169.2 1 0
github.com/domalab/uma/daemon/services/api/utils/metrics.go:182.67,212.2 1 0
github.com/domalab/uma/daemon/services/api/utils/metrics.go:224.59,252.2 1 0
github.com/domalab/uma/daemon/services/api/utils/metrics.go:263.69,285.2 6 0
github.com/domalab/uma/daemon/services/api/utils/metrics.go:288.65,290.62 1 0
github.com/domalab/uma/daemon/services/api/utils/metrics.go:290.62,291.57 1 0
github.com/domalab/uma/daemon/services/api/utils/metrics.go:291.57,292.50 1 0
github.com/domalab/uma/daemon/services/api/utils/metrics.go:292.50,294.5 1 0
github.com/domalab/uma/daemon/services/api/utils/metrics.go:299.2,299.65 1 0
github.com/domalab/uma/daemon/services/api/utils/metrics.go:299.65,300.57 1 0
github.com/domalab/uma/daemon/services/api/utils/metrics.go:300.57,301.50 1 0
github.com/domalab/uma/daemon/services/api/utils/metrics.go:301.50,303.5 1 0
github.com/domalab/uma/daemon/services/api/utils/metrics.go:309.66,311.67 1 0
github.com/domalab/uma/daemon/services/api/utils/metrics.go:311.67,312.61 1 0
github.com/domalab/uma/daemon/services/api/utils/metrics.go:312.61,313.51 1 0
github.com/domalab/uma/daemon/services/api/utils/metrics.go:313.51,314.27 1 0
github.com/domalab/uma/daemon/services/api/utils/metrics.go:314.27,316.6 1 0
github.com/domalab/uma/daemon/services/api/utils/metrics.go:316.11,318.6 1 0
github.com/domalab/uma/daemon/services/api/utils/metrics.go:325.92,327.12 2 0
github.com/domalab/uma/daemon/services/api/utils/metrics.go:327.12,328.22 1 0
github.com/domalab/uma/daemon/services/api/utils/metrics.go:328.22,331.4 2 0
github.com/domalab/uma/daemon/services/api/utils/response.go:15.69,20.16 3 1
github.com/domalab/uma/daemon/services/api/utils/response.go:20.16,30.3 5 1
github.com/domalab/uma/daemon/services/api/utils/response.go:33.2,34.19 2 1
github.com/domalab/uma/daemon/services/api/utils/response.go:38.68,40.19 1 1
github.com/domalab/uma/daemon/services/api/utils/response.go:40.19,42.3 1 1
github.com/domalab/uma/daemon/services/api/utils/response.go:44.2,48.37 2 1
github.com/domalab/uma/daemon/services/api/utils/response.go:52.153,64.2 2 1
github.com/domalab/uma/daemon/services/api/utils/response.go:67.157,81.2 3 0
github.com/domalab/uma/daemon/services/api/utils/response.go:84.171,85.17 1 0
github.com/domalab/uma/daemon/services/api/utils/response.go:86.12,88.73 1 0
github.com/domalab/uma/daemon/services/api/utils/response.go:89.10,91.73 1 0
github.com/domalab/uma/daemon/services/api/utils/response.go:96.114,103.2 2 1
github.com/domalab/uma/daemon/services/api/utils/response.go:106.109,111.33 4 1
github.com/domalab/uma/daemon/services/api/utils/response.go:111.33,112.21 1 1
github.com/domalab/uma/daemon/services/api/utils/response.go:112.21,114.4 1 1
github.com/domalab/uma/daemon/services/api/utils/response.go:114.9,116.4 1 1
github.com/domalab/uma/daemon/services/api/utils/response.go:119.2,130.32 2 1
github.com/domalab/uma/daemon/services/api/utils/response.go:134.136,144.16 3 1
github.com/domalab/uma/daemon/services/api/utils/response.go:145.17,146.29 1 0
github.com/domalab/uma/daemon/services/api/utils/response.go:147.18,148.29 1 1
github.com/domalab/uma/daemon/services/api/utils/response.go:149.19,150.45 1 0
github.com/domalab/uma/daemon/services/api/utils/response.go:151.10,152.46 1 0
github.com/domalab/uma/daemon/services/api/utils/response.go:155.2,155.36 1 1
github.com/domalab/uma/daemon/services/api/utils/response.go:159.49,161.66 1 0
github.com/domalab/uma/daemon/services/api/utils/response.go:161.66,163.3 1 0
github.com/domalab/uma/daemon/services/api/utils/response.go:166.2,166.28 1 0
github.com/domalab/uma/daemon/services/api/utils/response.go:170.33,172.2 1 1
github.com/domalab/uma/daemon/services/api/utils/validation.go:15.13,24.2 6 1
github.com/domalab/uma/daemon/services/api/utils/validation.go:27.42,29.2 1 1
github.com/domalab/uma/daemon/services/api/utils/validation.go:32.73,33.20 1 1
github.com/domalab/uma/daemon/services/api/utils/validation.go:33.20,35.3 1 1
github.com/domalab/uma/daemon/services/api/utils/validation.go:37.2,37.33 1 1
github.com/domalab/uma/daemon/services/api/utils/validation.go:37.33,39.3 1 1
github.com/domalab/uma/daemon/services/api/utils/validation.go:42.2,42.31 1 1
github.com/domalab/uma/daemon/services/api/utils/validation.go:42.31,44.51 2 1
github.com/domalab/uma/daemon/services/api/utils/validation.go:44.51,46.4 1 0
github.com/domalab/uma/daemon/services/api/utils/validation.go:50.2,50.24 1 1
github.com/domalab/uma/daemon/services/api/utils/validation.go:50.24,52.49 2 0
github.com/domalab/uma/daemon/services/api/utils/validation.go:52.49,54.4 1 0
github.com/domalab/uma/daemon/services/api/utils/validation.go:58.2,58.27 1 1
github.com/domalab/uma/daemon/services/api/utils/validation.go:58.27,60.55 2 1
github.com/domalab/uma/daemon/services/api/utils/validation.go:60.55,62.4 1 0
github.com/domalab/uma/daemon/services/api/utils/validation.go:65.2,65.12 1 1
github.com/domalab/uma/daemon/services/api/utils/validation.go:69.79,70.42 1 1
github.com/domalab/uma/daemon/services/api/utils/validation.go:70.42,72.3 1 1
github.com/domalab/uma/daemon/services/api/utils/validation.go:75.2,75.39 1 1
github.com/domalab/uma/daemon/services/api/utils/validation.go:75.39,77.3 1 1
github.com/domalab/uma/daemon/services/api/utils/validation.go:80.2,80.21 1 1
github.com/domalab/uma/daemon/services/api/utils/validation.go:80.21,82.3 1 0
github.com/domalab/uma/daemon/services/api/utils/validation.go:84.2,84.23 1 1
github.com/domalab/uma/daemon/services/api/utils/validation.go:84.23,86.3 1 0
github.com/domalab/uma/daemon/services/api/utils/validation.go:88.2,88.12 1 1
github.com/domalab/uma/daemon/services/api/utils/validation.go:92.93,93.20 1 1
github.com/domalab/uma/daemon/services/api/utils/validation.go:93.20,95.3 1 1
github.com/domalab/uma/daemon/services/api/utils/validation.go:97.2,97.21 1 1
github.com/domalab/uma/daemon/services/api/utils/validation.go:97.21,99.3 1 1
github.com/domalab/uma/daemon/services/api/utils/validation.go:101.2,101.37 1 1
github.com/domalab/uma/daemon/services/api/utils/validation.go:101.37,103.3 1 0
github.com/domalab/uma/daemon/services/api/utils/validation.go:106.2,106.29 1 1
github.com/domalab/uma/daemon/services/api/utils/validation.go:106.29,108.50 2 0
github.com/domalab/uma/daemon/services/api/utils/validation.go:108.50,110.4 1 0
github.com/domalab/uma/daemon/services/api/utils/validation.go:113.2,113.12 1 1
github.com/domalab/uma/daemon/services/api/utils/validation.go:117.67,118.20 1 1
github.com/domalab/uma/daemon/services/api/utils/validation.go:118.20,120.3 1 1
github.com/domalab/uma/daemon/services/api/utils/validation.go:122.2,122.30 1 1
github.com/domalab/uma/daemon/services/api/utils/validation.go:122.30,124.3 1 0
github.com/domalab/uma/daemon/services/api/utils/validation.go:126.2,126.19 1 1
github.com/domalab/uma/daemon/services/api/utils/validation.go:126.19,128.3 1 1
github.com/domalab/uma/daemon/services/api/utils/validation.go:130.2,130.21 1 1
github.com/domalab/uma/daemon/services/api/utils/validation.go:130.21,132.3 1 1
github.com/domalab/uma/daemon/services/api/utils/validation.go:135.2,135.38 1 1
github.com/domalab/uma/daemon/services/api/utils/validation.go:135.38,136.59 1 0
github.com/domalab/uma/daemon/services/api/utils/validation.go:136.59,138.4 1 0
github.com/domalab/uma/daemon/services/api/utils/validation.go:142.2,142.39 1 1
github.com/domalab/uma/daemon/services/api/utils/validation.go:142.39,143.59 1 0
github.com/domalab/uma/daemon/services/api/utils/validation.go:143.59,145.4 1 0
github.com/domalab/uma/daemon/services/api/utils/validation.go:148.2,148.12 1 1
github.com/domalab/uma/daemon/services/api/utils/validation.go:152.41,153.37 1 1
github.com/domalab/uma/daemon/services/api/utils/validation.go:153.37,155.3 1 1
github.com/domalab/uma/daemon/services/api/utils/validation.go:158.2,159.16 2 1
github.com/domalab/uma/daemon/services/api/utils/validation.go:163.45,164.37 1 1
github.com/domalab/uma/daemon/services/api/utils/validation.go:164.37,166.3 1 1
github.com/domalab/uma/daemon/services/api/utils/validation.go:169.2,170.16 2 1
github.com/domalab/uma/daemon/services/api/utils/validation.go:174.38,175.37 1 1
github.com/domalab/uma/daemon/services/api/utils/validation.go:175.37,177.3 1 1
github.com/domalab/uma/daemon/services/api/utils/validation.go:180.2,181.16 2 1
github.com/domalab/uma/daemon/services/api/utils/validation.go:185.48,206.46 3 1
github.com/domalab/uma/daemon/services/api/utils/validation.go:206.46,207.46 1 1
github.com/domalab/uma/daemon/services/api/utils/validation.go:207.46,209.4 1 1
github.com/domalab/uma/daemon/services/api/utils/validation.go:213.2,218.42 1 1
github.com/domalab/uma/daemon/services/api/utils/validation.go:218.42,220.3 1 1
github.com/domalab/uma/daemon/services/api/utils/validation.go:222.2,222.14 1 1
github.com/domalab/uma/daemon/services/api/utils/validation.go:227.49,228.26 1 1
github.com/domalab/uma/daemon/services/api/utils/validation.go:228.26,229.16 1 1
github.com/domalab/uma/daemon/services/api/utils/validation.go:229.16,231.4 1 1
github.com/domalab/uma/daemon/services/api/utils/validation.go:233.2,233.14 1 0
github.com/domalab/uma/daemon/services/api/utils/validation.go:236.54,238.2 1 0
github.com/domalab/uma/daemon/services/api/utils/validation.go:240.55,243.2 2 0
github.com/domalab/uma/daemon/services/api/utils/validation.go:245.54,248.2 2 0
github.com/domalab/uma/daemon/services/api/utils/validation.go:250.58,252.2 1 0
github.com/domalab/uma/daemon/services/api/utils/validation.go:254.51,256.2 1 0
github.com/domalab/uma/daemon/services/api/utils/validation.go:258.70,259.23 1 0
github.com/domalab/uma/daemon/services/api/utils/validation.go:259.23,261.3 1 0
github.com/domalab/uma/daemon/services/api/utils/validation.go:263.2,264.40 2 0
github.com/domalab/uma/daemon/services/api/utils/validation.go:264.40,266.3 1 0
github.com/domalab/uma/daemon/services/api/utils/validation.go:268.2,268.25 1 0
github.com/domalab/uma/daemon/services/api/utils/validation.go:268.25,270.3 1 0
github.com/domalab/uma/daemon/services/api/utils/validation.go:272.2,272.25 1 0
github.com/domalab/uma/daemon/services/api/utils/validation.go:272.25,274.3 1 0
github.com/domalab/uma/daemon/services/api/utils/validation.go:276.2,276.12 1 0
github.com/domalab/uma/daemon/services/api/utils/validation.go:279.70,280.23 1 0
github.com/domalab/uma/daemon/services/api/utils/validation.go:280.23,282.3 1 0
github.com/domalab/uma/daemon/services/api/utils/validation.go:284.2,285.40 2 0
github.com/domalab/uma/daemon/services/api/utils/validation.go:285.40,287.3 1 0
github.com/domalab/uma/daemon/services/api/utils/validation.go:289.2,289.22 1 0
github.com/domalab/uma/daemon/services/api/utils/validation.go:289.22,290.53 1 0
github.com/domalab/uma/daemon/services/api/utils/validation.go:290.53,292.4 1 0
github.com/domalab/uma/daemon/services/api/utils/validation.go:295.2,295.12 1 0
github.com/domalab/uma/daemon/services/api/utils/websocket.go:49.46,57.2 1 0
github.com/domalab/uma/daemon/services/api/utils/websocket.go:60.36,61.6 1 0
github.com/domalab/uma/daemon/services/api/utils/websocket.go:61.6,62.10 1 0
github.com/domalab/uma/daemon/services/api/utils/websocket.go:63.31,64.32 1 0
github.com/domalab/uma/daemon/services/api/utils/websocket.go:66.33,67.34 1 0
github.com/domalab/uma/daemon/services/api/utils/websocket.go:69.35,70.57 1 0
github.com/domalab/uma/daemon/services/api/utils/websocket.go:76.103,88.2 3 0
github.com/domalab/uma/daemon/services/api/utils/websocket.go:91.74,92.9 1 0
github.com/domalab/uma/daemon/services/api/utils/websocket.go:93.71,93.71 0 0
github.com/domalab/uma/daemon/services/api/utils/websocket.go:94.10,95.70 1 0
github.com/domalab/uma/daemon/services/api/utils/websocket.go:100.55,104.2 3 0
github.com/domalab/uma/daemon/services/api/utils/websocket.go:107.52,111.2 3 0
github.com/domalab/uma/daemon/services/api/utils/websocket.go:114.76,124.2 6 0
github.com/domalab/uma/daemon/services/api/utils/websocket.go:127.78,131.43 3 0
github.com/domalab/uma/daemon/services/api/utils/websocket.go:131.43,136.38 3 0
github.com/domalab/uma/daemon/services/api/utils/websocket.go:136.38,137.52 1 0
github.com/domalab/uma/daemon/services/api/utils/websocket.go:137.52,139.30 2 0
github.com/domalab/uma/daemon/services/api/utils/websocket.go:139.30,141.6 1 0
github.com/domalab/uma/daemon/services/api/utils/websocket.go:145.3,145.66 1 0
github.com/domalab/uma/daemon/services/api/utils/websocket.go:150.83,155.9 4 0
github.com/domalab/uma/daemon/services/api/utils/websocket.go:155.9,157.3 1 0
github.com/domalab/uma/daemon/services/api/utils/websocket.go:159.2,167.16 3 0
github.com/domalab/uma/daemon/services/api/utils/websocket.go:167.16,170.3 2 0
github.com/domalab/uma/daemon/services/api/utils/websocket.go:172.2,172.32 1 0
github.com/domalab/uma/daemon/services/api/utils/websocket.go:172.32,173.10 1 0
github.com/domalab/uma/daemon/services/api/utils/websocket.go:174.38,174.38 0 0
github.com/domalab/uma/daemon/services/api/utils/websocket.go:175.11,177.26 1 0
github.com/domalab/uma/daemon/services/api/utils/websocket.go:185.59,194.49 6 0
github.com/domalab/uma/daemon/services/api/utils/websocket.go:194.49,196.3 1 0
github.com/domalab/uma/daemon/services/api/utils/websocket.go:197.2,199.73 2 0
github.com/domalab/uma/daemon/services/api/utils/websocket.go:203.61,212.58 6 0
github.com/domalab/uma/daemon/services/api/utils/websocket.go:212.58,214.28 2 0
github.com/domalab/uma/daemon/services/api/utils/websocket.go:214.28,216.4 1 0
github.com/domalab/uma/daemon/services/api/utils/websocket.go:219.2,219.78 1 0
github.com/domalab/uma/daemon/services/api/utils/websocket.go:223.82,231.16 3 0
github.com/domalab/uma/daemon/services/api/utils/websocket.go:231.16,233.3 1 0
github.com/domalab/uma/daemon/services/api/utils/websocket.go:235.2,235.9 1 0
github.com/domalab/uma/daemon/services/api/utils/websocket.go:236.36,237.13 1 0
github.com/domalab/uma/daemon/services/api/utils/websocket.go:238.10,239.33 1 0
github.com/domalab/uma/daemon/services/api/utils/websocket.go:244.41,247.2 2 0
github.com/domalab/uma/daemon/services/api/utils/websocket.go:250.44,255.45 4 0
github.com/domalab/uma/daemon/services/api/utils/websocket.go:255.45,259.3 3 0
github.com/domalab/uma/daemon/services/api/utils/websocket.go:261.2,261.6 1 0
github.com/domalab/uma/daemon/services/api/utils/websocket.go:261.6,263.17 2 0
github.com/domalab/uma/daemon/services/api/utils/websocket.go:263.17,264.103 1 0
github.com/domalab/uma/daemon/services/api/utils/websocket.go:264.103,266.5 1 0
github.com/domalab/uma/daemon/services/api/utils/websocket.go:267.4,267.9 1 0
github.com/domalab/uma/daemon/services/api/utils/websocket.go:271.3,271.29 1 0
github.com/domalab/uma/daemon/services/api/utils/websocket.go:276.45,278.15 2 0
github.com/domalab/uma/daemon/services/api/utils/websocket.go:278.15,281.3 2 0
github.com/domalab/uma/daemon/services/api/utils/websocket.go:283.2,283.6 1 0
github.com/domalab/uma/daemon/services/api/utils/websocket.go:283.6,284.10 1 0
github.com/domalab/uma/daemon/services/api/utils/websocket.go:285.38,287.11 2 0
github.com/domalab/uma/daemon/services/api/utils/websocket.go:287.11,290.5 2 0
github.com/domalab/uma/daemon/services/api/utils/websocket.go:292.4,292.80 1 0
github.com/domalab/uma/daemon/services/api/utils/websocket.go:292.80,294.5 1 0
github.com/domalab/uma/daemon/services/api/utils/websocket.go:296.19,298.76 2 0
github.com/domalab/uma/daemon/services/api/utils/websocket.go:298.76,300.5 1 0
github.com/domalab/uma/daemon/services/api/utils/websocket.go:306.60,308.55 2 0
github.com/domalab/uma/daemon/services/api/utils/websocket.go:308.55,311.3 2 0
github.com/domalab/uma/daemon/services/api/utils/websocket.go:313.2,313.22 1 0
github.com/domalab/uma/daemon/services/api/utils/websocket.go:314.19,315.28 1 0
github.com/domalab/uma/daemon/services/api/utils/websocket.go:315.28,317.4 1 0
github.com/domalab/uma/daemon/services/api/utils/websocket.go:318.21,319.28 1 0
github.com/domalab/uma/daemon/services/api/utils/websocket.go:319.28,321.4 1 0
github.com/domalab/uma/daemon/services/api/utils/websocket.go:322.14,323.24 1 0
